ARM GAS  C:\Users\SAM~1.KIN\AppData\Local\Temp\cc3y49Mn.s 			page 1


   1              		.cpu cortex-m4
   2              		.eabi_attribute 27, 1
   3              		.eabi_attribute 28, 1
   4              		.eabi_attribute 20, 1
   5              		.eabi_attribute 21, 1
   6              		.eabi_attribute 23, 3
   7              		.eabi_attribute 24, 1
   8              		.eabi_attribute 25, 1
   9              		.eabi_attribute 26, 1
  10              		.eabi_attribute 30, 6
  11              		.eabi_attribute 34, 1
  12              		.eabi_attribute 18, 4
  13              		.file	"crc16.c"
  14              		.text
  15              	.Ltext0:
  16              		.cfi_sections	.debug_frame
  17              		.global	crc16_ccitt_table
  18              		.section	.data.crc16_ccitt_table,"aw",%progbits
  19              		.align	2
  22              	crc16_ccitt_table:
  23 0000 00000000 		.word	0
  24 0004 21100000 		.word	4129
  25 0008 42200000 		.word	8258
  26 000c 63300000 		.word	12387
  27 0010 84400000 		.word	16516
  28 0014 A5500000 		.word	20645
  29 0018 C6600000 		.word	24774
  30 001c E7700000 		.word	28903
  31 0020 08810000 		.word	33032
  32 0024 29910000 		.word	37161
  33 0028 4AA10000 		.word	41290
  34 002c 6BB10000 		.word	45419
  35 0030 8CC10000 		.word	49548
  36 0034 ADD10000 		.word	53677
  37 0038 CEE10000 		.word	57806
  38 003c EFF10000 		.word	61935
  39 0040 31120000 		.word	4657
  40 0044 10020000 		.word	528
  41 0048 73320000 		.word	12915
  42 004c 52220000 		.word	8786
  43 0050 B5520000 		.word	21173
  44 0054 94420000 		.word	17044
  45 0058 F7720000 		.word	29431
  46 005c D6620000 		.word	25302
  47 0060 39930000 		.word	37689
  48 0064 18830000 		.word	33560
  49 0068 7BB30000 		.word	45947
  50 006c 5AA30000 		.word	41818
  51 0070 BDD30000 		.word	54205
  52 0074 9CC30000 		.word	50076
  53 0078 FFF30000 		.word	62463
  54 007c DEE30000 		.word	58334
  55 0080 62240000 		.word	9314
  56 0084 43340000 		.word	13379
  57 0088 20040000 		.word	1056
  58 008c 01140000 		.word	5121
  59 0090 E6640000 		.word	25830
ARM GAS  C:\Users\SAM~1.KIN\AppData\Local\Temp\cc3y49Mn.s 			page 2


  60 0094 C7740000 		.word	29895
  61 0098 A4440000 		.word	17572
  62 009c 85540000 		.word	21637
  63 00a0 6AA50000 		.word	42346
  64 00a4 4BB50000 		.word	46411
  65 00a8 28850000 		.word	34088
  66 00ac 09950000 		.word	38153
  67 00b0 EEE50000 		.word	58862
  68 00b4 CFF50000 		.word	62927
  69 00b8 ACC50000 		.word	50604
  70 00bc 8DD50000 		.word	54669
  71 00c0 53360000 		.word	13907
  72 00c4 72260000 		.word	9842
  73 00c8 11160000 		.word	5649
  74 00cc 30060000 		.word	1584
  75 00d0 D7760000 		.word	30423
  76 00d4 F6660000 		.word	26358
  77 00d8 95560000 		.word	22165
  78 00dc B4460000 		.word	18100
  79 00e0 5BB70000 		.word	46939
  80 00e4 7AA70000 		.word	42874
  81 00e8 19970000 		.word	38681
  82 00ec 38870000 		.word	34616
  83 00f0 DFF70000 		.word	63455
  84 00f4 FEE70000 		.word	59390
  85 00f8 9DD70000 		.word	55197
  86 00fc BCC70000 		.word	51132
  87 0100 C4480000 		.word	18628
  88 0104 E5580000 		.word	22757
  89 0108 86680000 		.word	26758
  90 010c A7780000 		.word	30887
  91 0110 40080000 		.word	2112
  92 0114 61180000 		.word	6241
  93 0118 02280000 		.word	10242
  94 011c 23380000 		.word	14371
  95 0120 CCC90000 		.word	51660
  96 0124 EDD90000 		.word	55789
  97 0128 8EE90000 		.word	59790
  98 012c AFF90000 		.word	63919
  99 0130 48890000 		.word	35144
 100 0134 69990000 		.word	39273
 101 0138 0AA90000 		.word	43274
 102 013c 2BB90000 		.word	47403
 103 0140 F55A0000 		.word	23285
 104 0144 D44A0000 		.word	19156
 105 0148 B77A0000 		.word	31415
 106 014c 966A0000 		.word	27286
 107 0150 711A0000 		.word	6769
 108 0154 500A0000 		.word	2640
 109 0158 333A0000 		.word	14899
 110 015c 122A0000 		.word	10770
 111 0160 FDDB0000 		.word	56317
 112 0164 DCCB0000 		.word	52188
 113 0168 BFFB0000 		.word	64447
 114 016c 9EEB0000 		.word	60318
 115 0170 799B0000 		.word	39801
 116 0174 588B0000 		.word	35672
ARM GAS  C:\Users\SAM~1.KIN\AppData\Local\Temp\cc3y49Mn.s 			page 3


 117 0178 3BBB0000 		.word	47931
 118 017c 1AAB0000 		.word	43802
 119 0180 A66C0000 		.word	27814
 120 0184 877C0000 		.word	31879
 121 0188 E44C0000 		.word	19684
 122 018c C55C0000 		.word	23749
 123 0190 222C0000 		.word	11298
 124 0194 033C0000 		.word	15363
 125 0198 600C0000 		.word	3168
 126 019c 411C0000 		.word	7233
 127 01a0 AEED0000 		.word	60846
 128 01a4 8FFD0000 		.word	64911
 129 01a8 ECCD0000 		.word	52716
 130 01ac CDDD0000 		.word	56781
 131 01b0 2AAD0000 		.word	44330
 132 01b4 0BBD0000 		.word	48395
 133 01b8 688D0000 		.word	36200
 134 01bc 499D0000 		.word	40265
 135 01c0 977E0000 		.word	32407
 136 01c4 B66E0000 		.word	28342
 137 01c8 D55E0000 		.word	24277
 138 01cc F44E0000 		.word	20212
 139 01d0 133E0000 		.word	15891
 140 01d4 322E0000 		.word	11826
 141 01d8 511E0000 		.word	7761
 142 01dc 700E0000 		.word	3696
 143 01e0 9FFF0000 		.word	65439
 144 01e4 BEEF0000 		.word	61374
 145 01e8 DDDF0000 		.word	57309
 146 01ec FCCF0000 		.word	53244
 147 01f0 1BBF0000 		.word	48923
 148 01f4 3AAF0000 		.word	44858
 149 01f8 599F0000 		.word	40793
 150 01fc 788F0000 		.word	36728
 151 0200 88910000 		.word	37256
 152 0204 A9810000 		.word	33193
 153 0208 CAB10000 		.word	45514
 154 020c EBA10000 		.word	41451
 155 0210 0CD10000 		.word	53516
 156 0214 2DC10000 		.word	49453
 157 0218 4EF10000 		.word	61774
 158 021c 6FE10000 		.word	57711
 159 0220 80100000 		.word	4224
 160 0224 A1000000 		.word	161
 161 0228 C2300000 		.word	12482
 162 022c E3200000 		.word	8419
 163 0230 04500000 		.word	20484
 164 0234 25400000 		.word	16421
 165 0238 46700000 		.word	28742
 166 023c 67600000 		.word	24679
 167 0240 B9830000 		.word	33721
 168 0244 98930000 		.word	37784
 169 0248 FBA30000 		.word	41979
 170 024c DAB30000 		.word	46042
 171 0250 3DC30000 		.word	49981
 172 0254 1CD30000 		.word	54044
 173 0258 7FE30000 		.word	58239
ARM GAS  C:\Users\SAM~1.KIN\AppData\Local\Temp\cc3y49Mn.s 			page 4


 174 025c 5EF30000 		.word	62302
 175 0260 B1020000 		.word	689
 176 0264 90120000 		.word	4752
 177 0268 F3220000 		.word	8947
 178 026c D2320000 		.word	13010
 179 0270 35420000 		.word	16949
 180 0274 14520000 		.word	21012
 181 0278 77620000 		.word	25207
 182 027c 56720000 		.word	29270
 183 0280 EAB50000 		.word	46570
 184 0284 CBA50000 		.word	42443
 185 0288 A8950000 		.word	38312
 186 028c 89850000 		.word	34185
 187 0290 6EF50000 		.word	62830
 188 0294 4FE50000 		.word	58703
 189 0298 2CD50000 		.word	54572
 190 029c 0DC50000 		.word	50445
 191 02a0 E2340000 		.word	13538
 192 02a4 C3240000 		.word	9411
 193 02a8 A0140000 		.word	5280
 194 02ac 81040000 		.word	1153
 195 02b0 66740000 		.word	29798
 196 02b4 47640000 		.word	25671
 197 02b8 24540000 		.word	21540
 198 02bc 05440000 		.word	17413
 199 02c0 DBA70000 		.word	42971
 200 02c4 FAB70000 		.word	47098
 201 02c8 99870000 		.word	34713
 202 02cc B8970000 		.word	38840
 203 02d0 5FE70000 		.word	59231
 204 02d4 7EF70000 		.word	63358
 205 02d8 1DC70000 		.word	50973
 206 02dc 3CD70000 		.word	55100
 207 02e0 D3260000 		.word	9939
 208 02e4 F2360000 		.word	14066
 209 02e8 91060000 		.word	1681
 210 02ec B0160000 		.word	5808
 211 02f0 57660000 		.word	26199
 212 02f4 76760000 		.word	30326
 213 02f8 15460000 		.word	17941
 214 02fc 34560000 		.word	22068
 215 0300 4CD90000 		.word	55628
 216 0304 6DC90000 		.word	51565
 217 0308 0EF90000 		.word	63758
 218 030c 2FE90000 		.word	59695
 219 0310 C8990000 		.word	39368
 220 0314 E9890000 		.word	35305
 221 0318 8AB90000 		.word	47498
 222 031c ABA90000 		.word	43435
 223 0320 44580000 		.word	22596
 224 0324 65480000 		.word	18533
 225 0328 06780000 		.word	30726
 226 032c 27680000 		.word	26663
 227 0330 C0180000 		.word	6336
 228 0334 E1080000 		.word	2273
 229 0338 82380000 		.word	14466
 230 033c A3280000 		.word	10403
ARM GAS  C:\Users\SAM~1.KIN\AppData\Local\Temp\cc3y49Mn.s 			page 5


 231 0340 7DCB0000 		.word	52093
 232 0344 5CDB0000 		.word	56156
 233 0348 3FEB0000 		.word	60223
 234 034c 1EFB0000 		.word	64286
 235 0350 F98B0000 		.word	35833
 236 0354 D89B0000 		.word	39896
 237 0358 BBAB0000 		.word	43963
 238 035c 9ABB0000 		.word	48026
 239 0360 754A0000 		.word	19061
 240 0364 545A0000 		.word	23124
 241 0368 376A0000 		.word	27191
 242 036c 167A0000 		.word	31254
 243 0370 F10A0000 		.word	2801
 244 0374 D01A0000 		.word	6864
 245 0378 B32A0000 		.word	10931
 246 037c 923A0000 		.word	14994
 247 0380 2EFD0000 		.word	64814
 248 0384 0FED0000 		.word	60687
 249 0388 6CDD0000 		.word	56684
 250 038c 4DCD0000 		.word	52557
 251 0390 AABD0000 		.word	48554
 252 0394 8BAD0000 		.word	44427
 253 0398 E89D0000 		.word	40424
 254 039c C98D0000 		.word	36297
 255 03a0 267C0000 		.word	31782
 256 03a4 076C0000 		.word	27655
 257 03a8 645C0000 		.word	23652
 258 03ac 454C0000 		.word	19525
 259 03b0 A23C0000 		.word	15522
 260 03b4 832C0000 		.word	11395
 261 03b8 E01C0000 		.word	7392
 262 03bc C10C0000 		.word	3265
 263 03c0 1FEF0000 		.word	61215
 264 03c4 3EFF0000 		.word	65342
 265 03c8 5DCF0000 		.word	53085
 266 03cc 7CDF0000 		.word	57212
 267 03d0 9BAF0000 		.word	44955
 268 03d4 BABF0000 		.word	49082
 269 03d8 D98F0000 		.word	36825
 270 03dc F89F0000 		.word	40952
 271 03e0 176E0000 		.word	28183
 272 03e4 367E0000 		.word	32310
 273 03e8 554E0000 		.word	20053
 274 03ec 745E0000 		.word	24180
 275 03f0 932E0000 		.word	11923
 276 03f4 B23E0000 		.word	16050
 277 03f8 D10E0000 		.word	3793
 278 03fc F01E0000 		.word	7920
 279              		.section	.text.calc_crc16,"ax",%progbits
 280              		.align	1
 281              		.global	calc_crc16
 282              		.syntax unified
 283              		.thumb
 284              		.thumb_func
 285              		.fpu fpv4-sp-d16
 287              	calc_crc16:
 288              	.LFB0:
ARM GAS  C:\Users\SAM~1.KIN\AppData\Local\Temp\cc3y49Mn.s 			page 6


 289              		.file 1 "C:/Users/SAM.KINUTHIA/.icode/sdk/IoT_LINK_1.0.0/iot_link/crc/crc16.c"
   1:C:/Users/SAM.KINUTHIA/.icode/sdk/IoT_LINK_1.0.0/iot_link/crc\crc16.c **** /*----------------------------------------------------------------------------
   2:C:/Users/SAM.KINUTHIA/.icode/sdk/IoT_LINK_1.0.0/iot_link/crc\crc16.c ****  * Copyright (c) <2018>, <Huawei Technologies Co., Ltd>
   3:C:/Users/SAM.KINUTHIA/.icode/sdk/IoT_LINK_1.0.0/iot_link/crc\crc16.c ****  * All rights reserved.
   4:C:/Users/SAM.KINUTHIA/.icode/sdk/IoT_LINK_1.0.0/iot_link/crc\crc16.c ****  * Redistribution and use in source and binary forms, with or without modification,
   5:C:/Users/SAM.KINUTHIA/.icode/sdk/IoT_LINK_1.0.0/iot_link/crc\crc16.c ****  * are permitted provided that the following conditions are met:
   6:C:/Users/SAM.KINUTHIA/.icode/sdk/IoT_LINK_1.0.0/iot_link/crc\crc16.c ****  * 1. Redistributions of source code must retain the above copyright notice, this list of
   7:C:/Users/SAM.KINUTHIA/.icode/sdk/IoT_LINK_1.0.0/iot_link/crc\crc16.c ****  * conditions and the following disclaimer.
   8:C:/Users/SAM.KINUTHIA/.icode/sdk/IoT_LINK_1.0.0/iot_link/crc\crc16.c ****  * 2. Redistributions in binary form must reproduce the above copyright notice, this list
   9:C:/Users/SAM.KINUTHIA/.icode/sdk/IoT_LINK_1.0.0/iot_link/crc\crc16.c ****  * of conditions and the following disclaimer in the documentation and/or other materials
  10:C:/Users/SAM.KINUTHIA/.icode/sdk/IoT_LINK_1.0.0/iot_link/crc\crc16.c ****  * provided with the distribution.
  11:C:/Users/SAM.KINUTHIA/.icode/sdk/IoT_LINK_1.0.0/iot_link/crc\crc16.c ****  * 3. Neither the name of the copyright holder nor the names of its contributors may be used
  12:C:/Users/SAM.KINUTHIA/.icode/sdk/IoT_LINK_1.0.0/iot_link/crc\crc16.c ****  * to endorse or promote products derived from this software without specific prior written
  13:C:/Users/SAM.KINUTHIA/.icode/sdk/IoT_LINK_1.0.0/iot_link/crc\crc16.c ****  * permission.
  14:C:/Users/SAM.KINUTHIA/.icode/sdk/IoT_LINK_1.0.0/iot_link/crc\crc16.c ****  * THIS SOFTWARE IS PROVIDED BY THE COPYRIGHT HOLDERS AND CONTRIBUTORS
  15:C:/Users/SAM.KINUTHIA/.icode/sdk/IoT_LINK_1.0.0/iot_link/crc\crc16.c ****  * "AS IS" AND ANY EXPRESS OR IMPLIED WARRANTIES, INCLUDING, BUT NOT LIMITED TO,
  16:C:/Users/SAM.KINUTHIA/.icode/sdk/IoT_LINK_1.0.0/iot_link/crc\crc16.c ****  * THE IMPLIED WARRANTIES OF MERCHANTABILITY AND FITNESS FOR A PARTICULAR
  17:C:/Users/SAM.KINUTHIA/.icode/sdk/IoT_LINK_1.0.0/iot_link/crc\crc16.c ****  * PURPOSE ARE DISCLAIMED. IN NO EVENT SHALL THE COPYRIGHT HOLDER OR
  18:C:/Users/SAM.KINUTHIA/.icode/sdk/IoT_LINK_1.0.0/iot_link/crc\crc16.c ****  * CONTRIBUTORS BE LIABLE FOR ANY DIRECT, INDIRECT, INCIDENTAL, SPECIAL,
  19:C:/Users/SAM.KINUTHIA/.icode/sdk/IoT_LINK_1.0.0/iot_link/crc\crc16.c ****  * EXEMPLARY, OR CONSEQUENTIAL DAMAGES (INCLUDING, BUT NOT LIMITED TO,
  20:C:/Users/SAM.KINUTHIA/.icode/sdk/IoT_LINK_1.0.0/iot_link/crc\crc16.c ****  * PROCUREMENT OF SUBSTITUTE GOODS OR SERVICES; LOSS OF USE, DATA, OR PROFITS;
  21:C:/Users/SAM.KINUTHIA/.icode/sdk/IoT_LINK_1.0.0/iot_link/crc\crc16.c ****  * OR BUSINESS INTERRUPTION) HOWEVER CAUSED AND ON ANY THEORY OF LIABILITY,
  22:C:/Users/SAM.KINUTHIA/.icode/sdk/IoT_LINK_1.0.0/iot_link/crc\crc16.c ****  * WHETHER IN CONTRACT, STRICT LIABILITY, OR TORT (INCLUDING NEGLIGENCE OR
  23:C:/Users/SAM.KINUTHIA/.icode/sdk/IoT_LINK_1.0.0/iot_link/crc\crc16.c ****  * OTHERWISE) ARISING IN ANY WAY OUT OF THE USE OF THIS SOFTWARE, EVEN IF
  24:C:/Users/SAM.KINUTHIA/.icode/sdk/IoT_LINK_1.0.0/iot_link/crc\crc16.c ****  * ADVISED OF THE POSSIBILITY OF SUCH DAMAGE.
  25:C:/Users/SAM.KINUTHIA/.icode/sdk/IoT_LINK_1.0.0/iot_link/crc\crc16.c ****  *---------------------------------------------------------------------------*/
  26:C:/Users/SAM.KINUTHIA/.icode/sdk/IoT_LINK_1.0.0/iot_link/crc\crc16.c **** /*----------------------------------------------------------------------------
  27:C:/Users/SAM.KINUTHIA/.icode/sdk/IoT_LINK_1.0.0/iot_link/crc\crc16.c ****  * Notice of Export Control Law
  28:C:/Users/SAM.KINUTHIA/.icode/sdk/IoT_LINK_1.0.0/iot_link/crc\crc16.c ****  * ===============================================
  29:C:/Users/SAM.KINUTHIA/.icode/sdk/IoT_LINK_1.0.0/iot_link/crc\crc16.c ****  * Huawei LiteOS may be subject to applicable export control laws and regulations, which might
  30:C:/Users/SAM.KINUTHIA/.icode/sdk/IoT_LINK_1.0.0/iot_link/crc\crc16.c ****  * include those applicable to Huawei LiteOS of U.S. and the country in which you are located.
  31:C:/Users/SAM.KINUTHIA/.icode/sdk/IoT_LINK_1.0.0/iot_link/crc\crc16.c ****  * Import, export and usage of Huawei LiteOS in any manner by you shall be in compliance with such
  32:C:/Users/SAM.KINUTHIA/.icode/sdk/IoT_LINK_1.0.0/iot_link/crc\crc16.c ****  * applicable export control laws and regulations.
  33:C:/Users/SAM.KINUTHIA/.icode/sdk/IoT_LINK_1.0.0/iot_link/crc\crc16.c ****  *---------------------------------------------------------------------------*/
  34:C:/Users/SAM.KINUTHIA/.icode/sdk/IoT_LINK_1.0.0/iot_link/crc\crc16.c **** /**
  35:C:/Users/SAM.KINUTHIA/.icode/sdk/IoT_LINK_1.0.0/iot_link/crc\crc16.c ****  *  DATE                AUTHOR      INSTRUCTION
  36:C:/Users/SAM.KINUTHIA/.icode/sdk/IoT_LINK_1.0.0/iot_link/crc\crc16.c ****  *  2019-05-30 15:20  zhangqianfu  The first version
  37:C:/Users/SAM.KINUTHIA/.icode/sdk/IoT_LINK_1.0.0/iot_link/crc\crc16.c ****  *
  38:C:/Users/SAM.KINUTHIA/.icode/sdk/IoT_LINK_1.0.0/iot_link/crc\crc16.c ****  */
  39:C:/Users/SAM.KINUTHIA/.icode/sdk/IoT_LINK_1.0.0/iot_link/crc\crc16.c **** 
  40:C:/Users/SAM.KINUTHIA/.icode/sdk/IoT_LINK_1.0.0/iot_link/crc\crc16.c **** #include <stdint.h>
  41:C:/Users/SAM.KINUTHIA/.icode/sdk/IoT_LINK_1.0.0/iot_link/crc\crc16.c **** #include <stddef.h>
  42:C:/Users/SAM.KINUTHIA/.icode/sdk/IoT_LINK_1.0.0/iot_link/crc\crc16.c **** 
  43:C:/Users/SAM.KINUTHIA/.icode/sdk/IoT_LINK_1.0.0/iot_link/crc\crc16.c **** int32_t crc16_ccitt_table[] = { 0x0000, 0x1021, 0x2042, 0x3063, 0x4084, 0x50a5, 0x60c6, 0x70e7, 0x8
  44:C:/Users/SAM.KINUTHIA/.icode/sdk/IoT_LINK_1.0.0/iot_link/crc\crc16.c ****                             0xb16b, 0xc18c, 0xd1ad, 0xe1ce, 0xf1ef, 0x1231, 0x0210, 0x3273, 0x2252,
  45:C:/Users/SAM.KINUTHIA/.icode/sdk/IoT_LINK_1.0.0/iot_link/crc\crc16.c ****                             0xa35a, 0xd3bd, 0xc39c, 0xf3ff, 0xe3de, 0x2462, 0x3443, 0x0420, 0x1401,
  46:C:/Users/SAM.KINUTHIA/.icode/sdk/IoT_LINK_1.0.0/iot_link/crc\crc16.c ****                             0x9509, 0xe5ee, 0xf5cf, 0xc5ac, 0xd58d, 0x3653, 0x2672, 0x1611, 0x0630,
  47:C:/Users/SAM.KINUTHIA/.icode/sdk/IoT_LINK_1.0.0/iot_link/crc\crc16.c ****                             0x8738, 0xf7df, 0xe7fe, 0xd79d, 0xc7bc, 0x48c4, 0x58e5, 0x6886, 0x78a7,
  48:C:/Users/SAM.KINUTHIA/.icode/sdk/IoT_LINK_1.0.0/iot_link/crc\crc16.c ****                             0xf9af, 0x8948, 0x9969, 0xa90a, 0xb92b, 0x5af5, 0x4ad4, 0x7ab7, 0x6a96,
  49:C:/Users/SAM.KINUTHIA/.icode/sdk/IoT_LINK_1.0.0/iot_link/crc\crc16.c ****                             0xeb9e, 0x9b79, 0x8b58, 0xbb3b, 0xab1a, 0x6ca6, 0x7c87, 0x4ce4, 0x5cc5,
  50:C:/Users/SAM.KINUTHIA/.icode/sdk/IoT_LINK_1.0.0/iot_link/crc\crc16.c ****                             0xddcd, 0xad2a, 0xbd0b, 0x8d68, 0x9d49, 0x7e97, 0x6eb6, 0x5ed5, 0x4ef4,
  51:C:/Users/SAM.KINUTHIA/.icode/sdk/IoT_LINK_1.0.0/iot_link/crc\crc16.c ****                             0xcffc, 0xbf1b, 0xaf3a, 0x9f59, 0x8f78, 0x9188, 0x81a9, 0xb1ca, 0xa1eb,
  52:C:/Users/SAM.KINUTHIA/.icode/sdk/IoT_LINK_1.0.0/iot_link/crc\crc16.c ****                             0x20e3, 0x5004, 0x4025, 0x7046, 0x6067, 0x83b9, 0x9398, 0xa3fb, 0xb3da,
  53:C:/Users/SAM.KINUTHIA/.icode/sdk/IoT_LINK_1.0.0/iot_link/crc\crc16.c ****                             0x32d2, 0x4235, 0x5214, 0x6277, 0x7256, 0xb5ea, 0xa5cb, 0x95a8, 0x8589,
  54:C:/Users/SAM.KINUTHIA/.icode/sdk/IoT_LINK_1.0.0/iot_link/crc\crc16.c ****                             0x0481, 0x7466, 0x6447, 0x5424, 0x4405, 0xa7db, 0xb7fa, 0x8799, 0x97b8,
  55:C:/Users/SAM.KINUTHIA/.icode/sdk/IoT_LINK_1.0.0/iot_link/crc\crc16.c ****                             0x16b0, 0x6657, 0x7676, 0x4615, 0x5634, 0xd94c, 0xc96d, 0xf90e, 0xe92f,
  56:C:/Users/SAM.KINUTHIA/.icode/sdk/IoT_LINK_1.0.0/iot_link/crc\crc16.c ****                             0x6827, 0x18c0, 0x08e1, 0x3882, 0x28a3, 0xcb7d, 0xdb5c, 0xeb3f, 0xfb1e,
ARM GAS  C:\Users\SAM~1.KIN\AppData\Local\Temp\cc3y49Mn.s 			page 7


  57:C:/Users/SAM.KINUTHIA/.icode/sdk/IoT_LINK_1.0.0/iot_link/crc\crc16.c ****                             0x7a16, 0x0af1, 0x1ad0, 0x2ab3, 0x3a92, 0xfd2e, 0xed0f, 0xdd6c, 0xcd4d,
  58:C:/Users/SAM.KINUTHIA/.icode/sdk/IoT_LINK_1.0.0/iot_link/crc\crc16.c ****                             0x4c45, 0x3ca2, 0x2c83, 0x1ce0, 0x0cc1, 0xef1f, 0xff3e, 0xcf5d, 0xdf7c,
  59:C:/Users/SAM.KINUTHIA/.icode/sdk/IoT_LINK_1.0.0/iot_link/crc\crc16.c ****                             0x5e74, 0x2e93, 0x3eb2, 0x0ed1, 0x1ef0
  60:C:/Users/SAM.KINUTHIA/.icode/sdk/IoT_LINK_1.0.0/iot_link/crc\crc16.c ****                           };
  61:C:/Users/SAM.KINUTHIA/.icode/sdk/IoT_LINK_1.0.0/iot_link/crc\crc16.c **** 
  62:C:/Users/SAM.KINUTHIA/.icode/sdk/IoT_LINK_1.0.0/iot_link/crc\crc16.c **** int32_t calc_crc16(int32_t reg_init, const unsigned char *massage, int len)
  63:C:/Users/SAM.KINUTHIA/.icode/sdk/IoT_LINK_1.0.0/iot_link/crc\crc16.c **** {
 290              		.loc 1 63 0
 291              		.cfi_startproc
 292              		@ args = 0, pretend = 0, frame = 24
 293              		@ frame_needed = 1, uses_anonymous_args = 0
 294              		@ link register save eliminated.
 295 0000 80B4     		push	{r7}
 296              	.LCFI0:
 297              		.cfi_def_cfa_offset 4
 298              		.cfi_offset 7, -4
 299 0002 87B0     		sub	sp, sp, #28
 300              	.LCFI1:
 301              		.cfi_def_cfa_offset 32
 302 0004 00AF     		add	r7, sp, #0
 303              	.LCFI2:
 304              		.cfi_def_cfa_register 7
 305 0006 F860     		str	r0, [r7, #12]
 306 0008 B960     		str	r1, [r7, #8]
 307 000a 7A60     		str	r2, [r7, #4]
  64:C:/Users/SAM.KINUTHIA/.icode/sdk/IoT_LINK_1.0.0/iot_link/crc\crc16.c ****     int32_t crc_reg = 0;
 308              		.loc 1 64 0
 309 000c 0023     		movs	r3, #0
 310 000e 7B61     		str	r3, [r7, #20]
  65:C:/Users/SAM.KINUTHIA/.icode/sdk/IoT_LINK_1.0.0/iot_link/crc\crc16.c ****     int i = 0;
 311              		.loc 1 65 0
 312 0010 0023     		movs	r3, #0
 313 0012 3B61     		str	r3, [r7, #16]
  66:C:/Users/SAM.KINUTHIA/.icode/sdk/IoT_LINK_1.0.0/iot_link/crc\crc16.c ****     crc_reg = reg_init;
 314              		.loc 1 66 0
 315 0014 FB68     		ldr	r3, [r7, #12]
 316 0016 7B61     		str	r3, [r7, #20]
  67:C:/Users/SAM.KINUTHIA/.icode/sdk/IoT_LINK_1.0.0/iot_link/crc\crc16.c **** 
  68:C:/Users/SAM.KINUTHIA/.icode/sdk/IoT_LINK_1.0.0/iot_link/crc\crc16.c ****     for(i = 0; i < len; i++)
 317              		.loc 1 68 0
 318 0018 0023     		movs	r3, #0
 319 001a 3B61     		str	r3, [r7, #16]
 320 001c 11E0     		b	.L2
 321              	.L3:
  69:C:/Users/SAM.KINUTHIA/.icode/sdk/IoT_LINK_1.0.0/iot_link/crc\crc16.c ****     {
  70:C:/Users/SAM.KINUTHIA/.icode/sdk/IoT_LINK_1.0.0/iot_link/crc\crc16.c ****         crc_reg = (crc_reg >> 8) ^ crc16_ccitt_table[(crc_reg ^ massage[i]) & 0xff];
 322              		.loc 1 70 0 discriminator 3
 323 001e 7B69     		ldr	r3, [r7, #20]
 324 0020 1A12     		asrs	r2, r3, #8
 325 0022 3B69     		ldr	r3, [r7, #16]
 326 0024 B968     		ldr	r1, [r7, #8]
 327 0026 0B44     		add	r3, r3, r1
 328 0028 1B78     		ldrb	r3, [r3]	@ zero_extendqisi2
 329 002a 1946     		mov	r1, r3
 330 002c 7B69     		ldr	r3, [r7, #20]
 331 002e 4B40     		eors	r3, r3, r1
 332 0030 DBB2     		uxtb	r3, r3
ARM GAS  C:\Users\SAM~1.KIN\AppData\Local\Temp\cc3y49Mn.s 			page 8


 333 0032 0949     		ldr	r1, .L5
 334 0034 51F82330 		ldr	r3, [r1, r3, lsl #2]
 335 0038 5340     		eors	r3, r3, r2
 336 003a 7B61     		str	r3, [r7, #20]
  68:C:/Users/SAM.KINUTHIA/.icode/sdk/IoT_LINK_1.0.0/iot_link/crc\crc16.c ****     {
 337              		.loc 1 68 0 discriminator 3
 338 003c 3B69     		ldr	r3, [r7, #16]
 339 003e 0133     		adds	r3, r3, #1
 340 0040 3B61     		str	r3, [r7, #16]
 341              	.L2:
  68:C:/Users/SAM.KINUTHIA/.icode/sdk/IoT_LINK_1.0.0/iot_link/crc\crc16.c ****     {
 342              		.loc 1 68 0 is_stmt 0 discriminator 1
 343 0042 3A69     		ldr	r2, [r7, #16]
 344 0044 7B68     		ldr	r3, [r7, #4]
 345 0046 9A42     		cmp	r2, r3
 346 0048 E9DB     		blt	.L3
  71:C:/Users/SAM.KINUTHIA/.icode/sdk/IoT_LINK_1.0.0/iot_link/crc\crc16.c ****     }
  72:C:/Users/SAM.KINUTHIA/.icode/sdk/IoT_LINK_1.0.0/iot_link/crc\crc16.c ****     return crc_reg;
 347              		.loc 1 72 0 is_stmt 1
 348 004a 7B69     		ldr	r3, [r7, #20]
  73:C:/Users/SAM.KINUTHIA/.icode/sdk/IoT_LINK_1.0.0/iot_link/crc\crc16.c **** }
 349              		.loc 1 73 0
 350 004c 1846     		mov	r0, r3
 351 004e 1C37     		adds	r7, r7, #28
 352              	.LCFI3:
 353              		.cfi_def_cfa_offset 4
 354 0050 BD46     		mov	sp, r7
 355              	.LCFI4:
 356              		.cfi_def_cfa_register 13
 357              		@ sp needed
 358 0052 5DF8047B 		ldr	r7, [sp], #4
 359              	.LCFI5:
 360              		.cfi_restore 7
 361              		.cfi_def_cfa_offset 0
 362 0056 7047     		bx	lr
 363              	.L6:
 364              		.align	2
 365              	.L5:
 366 0058 00000000 		.word	crc16_ccitt_table
 367              		.cfi_endproc
 368              	.LFE0:
 370              		.text
 371              	.Letext0:
 372              		.file 2 "c:\\users\\sam.kinuthia\\opensourcetools\\gnu tools arm embedded\\7 2018-q2-update\\arm-n
 373              		.file 3 "c:\\users\\sam.kinuthia\\opensourcetools\\gnu tools arm embedded\\7 2018-q2-update\\arm-n
ARM GAS  C:\Users\SAM~1.KIN\AppData\Local\Temp\cc3y49Mn.s 			page 9


DEFINED SYMBOLS
                            *ABS*:00000000 crc16.c
C:\Users\SAM~1.KIN\AppData\Local\Temp\cc3y49Mn.s:22     .data.crc16_ccitt_table:00000000 crc16_ccitt_table
C:\Users\SAM~1.KIN\AppData\Local\Temp\cc3y49Mn.s:19     .data.crc16_ccitt_table:00000000 $d
C:\Users\SAM~1.KIN\AppData\Local\Temp\cc3y49Mn.s:280    .text.calc_crc16:00000000 $t
C:\Users\SAM~1.KIN\AppData\Local\Temp\cc3y49Mn.s:287    .text.calc_crc16:00000000 calc_crc16
C:\Users\SAM~1.KIN\AppData\Local\Temp\cc3y49Mn.s:366    .text.calc_crc16:00000058 $d

NO UNDEFINED SYMBOLS
