ARM GAS  C:\Users\SAM~1.KIN\AppData\Local\Temp\ccwdkSZh.s 			page 1


   1              		.cpu cortex-m4
   2              		.eabi_attribute 27, 1
   3              		.eabi_attribute 28, 1
   4              		.eabi_attribute 20, 1
   5              		.eabi_attribute 21, 1
   6              		.eabi_attribute 23, 3
   7              		.eabi_attribute 24, 1
   8              		.eabi_attribute 25, 1
   9              		.eabi_attribute 26, 1
  10              		.eabi_attribute 30, 6
  11              		.eabi_attribute 34, 1
  12              		.eabi_attribute 18, 4
  13              		.file	"liteos_errno.c"
  14              		.text
  15              	.Ltext0:
  16              		.cfi_sections	.debug_frame
  17              		.section	.bss.g_task_reent,"aw",%nobits
  18              		.align	2
  21              	g_task_reent:
  22 0000 00000000 		.space	64
  22      00000000 
  22      00000000 
  22      00000000 
  22      00000000 
  23              		.section	.text.task_errno,"ax",%progbits
  24              		.align	1
  25              		.global	task_errno
  26              		.syntax unified
  27              		.thumb
  28              		.thumb_func
  29              		.fpu fpv4-sp-d16
  31              	task_errno:
  32              	.LFB287:
  33              		.file 1 "C:/Users/SAM.KINUTHIA/.icode/sdk/IoT_LINK_1.0.0/iot_link/os/liteos/liteos_errno.c"
   1:C:/Users/SAM.KINUTHIA/.icode/sdk/IoT_LINK_1.0.0/iot_link/os/liteos\liteos_errno.c **** /*----------------------------------------------------------------------------
   2:C:/Users/SAM.KINUTHIA/.icode/sdk/IoT_LINK_1.0.0/iot_link/os/liteos\liteos_errno.c ****  * Copyright (c) <2013-2018>, <Huawei Technologies Co., Ltd>
   3:C:/Users/SAM.KINUTHIA/.icode/sdk/IoT_LINK_1.0.0/iot_link/os/liteos\liteos_errno.c ****  * All rights reserved.
   4:C:/Users/SAM.KINUTHIA/.icode/sdk/IoT_LINK_1.0.0/iot_link/os/liteos\liteos_errno.c ****  * Redistribution and use in source and binary forms, with or without modification,
   5:C:/Users/SAM.KINUTHIA/.icode/sdk/IoT_LINK_1.0.0/iot_link/os/liteos\liteos_errno.c ****  * are permitted provided that the following conditions are met:
   6:C:/Users/SAM.KINUTHIA/.icode/sdk/IoT_LINK_1.0.0/iot_link/os/liteos\liteos_errno.c ****  * 1. Redistributions of source code must retain the above copyright notice, this list of
   7:C:/Users/SAM.KINUTHIA/.icode/sdk/IoT_LINK_1.0.0/iot_link/os/liteos\liteos_errno.c ****  * conditions and the following disclaimer.
   8:C:/Users/SAM.KINUTHIA/.icode/sdk/IoT_LINK_1.0.0/iot_link/os/liteos\liteos_errno.c ****  * 2. Redistributions in binary form must reproduce the above copyright notice, this list
   9:C:/Users/SAM.KINUTHIA/.icode/sdk/IoT_LINK_1.0.0/iot_link/os/liteos\liteos_errno.c ****  * of conditions and the following disclaimer in the documentation and/or other materials
  10:C:/Users/SAM.KINUTHIA/.icode/sdk/IoT_LINK_1.0.0/iot_link/os/liteos\liteos_errno.c ****  * provided with the distribution.
  11:C:/Users/SAM.KINUTHIA/.icode/sdk/IoT_LINK_1.0.0/iot_link/os/liteos\liteos_errno.c ****  * 3. Neither the name of the copyright holder nor the names of its contributors may be used
  12:C:/Users/SAM.KINUTHIA/.icode/sdk/IoT_LINK_1.0.0/iot_link/os/liteos\liteos_errno.c ****  * to endorse or promote products derived from this software without specific prior written
  13:C:/Users/SAM.KINUTHIA/.icode/sdk/IoT_LINK_1.0.0/iot_link/os/liteos\liteos_errno.c ****  * permission.
  14:C:/Users/SAM.KINUTHIA/.icode/sdk/IoT_LINK_1.0.0/iot_link/os/liteos\liteos_errno.c ****  * THIS SOFTWARE IS PROVIDED BY THE COPYRIGHT HOLDERS AND CONTRIBUTORS
  15:C:/Users/SAM.KINUTHIA/.icode/sdk/IoT_LINK_1.0.0/iot_link/os/liteos\liteos_errno.c ****  * "AS IS" AND ANY EXPRESS OR IMPLIED WARRANTIES, INCLUDING, BUT NOT LIMITED TO,
  16:C:/Users/SAM.KINUTHIA/.icode/sdk/IoT_LINK_1.0.0/iot_link/os/liteos\liteos_errno.c ****  * THE IMPLIED WARRANTIES OF MERCHANTABILITY AND FITNESS FOR A PARTICULAR
  17:C:/Users/SAM.KINUTHIA/.icode/sdk/IoT_LINK_1.0.0/iot_link/os/liteos\liteos_errno.c ****  * PURPOSE ARE DISCLAIMED. IN NO EVENT SHALL THE COPYRIGHT HOLDER OR
  18:C:/Users/SAM.KINUTHIA/.icode/sdk/IoT_LINK_1.0.0/iot_link/os/liteos\liteos_errno.c ****  * CONTRIBUTORS BE LIABLE FOR ANY DIRECT, INDIRECT, INCIDENTAL, SPECIAL,
  19:C:/Users/SAM.KINUTHIA/.icode/sdk/IoT_LINK_1.0.0/iot_link/os/liteos\liteos_errno.c ****  * EXEMPLARY, OR CONSEQUENTIAL DAMAGES (INCLUDING, BUT NOT LIMITED TO,
  20:C:/Users/SAM.KINUTHIA/.icode/sdk/IoT_LINK_1.0.0/iot_link/os/liteos\liteos_errno.c ****  * PROCUREMENT OF SUBSTITUTE GOODS OR SERVICES; LOSS OF USE, DATA, OR PROFITS;
  21:C:/Users/SAM.KINUTHIA/.icode/sdk/IoT_LINK_1.0.0/iot_link/os/liteos\liteos_errno.c ****  * OR BUSINESS INTERRUPTION) HOWEVER CAUSED AND ON ANY THEORY OF LIABILITY,
  22:C:/Users/SAM.KINUTHIA/.icode/sdk/IoT_LINK_1.0.0/iot_link/os/liteos\liteos_errno.c ****  * WHETHER IN CONTRACT, STRICT LIABILITY, OR TORT (INCLUDING NEGLIGENCE OR
  23:C:/Users/SAM.KINUTHIA/.icode/sdk/IoT_LINK_1.0.0/iot_link/os/liteos\liteos_errno.c ****  * OTHERWISE) ARISING IN ANY WAY OUT OF THE USE OF THIS SOFTWARE, EVEN IF
ARM GAS  C:\Users\SAM~1.KIN\AppData\Local\Temp\ccwdkSZh.s 			page 2


  24:C:/Users/SAM.KINUTHIA/.icode/sdk/IoT_LINK_1.0.0/iot_link/os/liteos\liteos_errno.c ****  * ADVISED OF THE POSSIBILITY OF SUCH DAMAGE.
  25:C:/Users/SAM.KINUTHIA/.icode/sdk/IoT_LINK_1.0.0/iot_link/os/liteos\liteos_errno.c ****  *---------------------------------------------------------------------------*/
  26:C:/Users/SAM.KINUTHIA/.icode/sdk/IoT_LINK_1.0.0/iot_link/os/liteos\liteos_errno.c **** /*----------------------------------------------------------------------------
  27:C:/Users/SAM.KINUTHIA/.icode/sdk/IoT_LINK_1.0.0/iot_link/os/liteos\liteos_errno.c ****  * Notice of Export Control Law
  28:C:/Users/SAM.KINUTHIA/.icode/sdk/IoT_LINK_1.0.0/iot_link/os/liteos\liteos_errno.c ****  * ===============================================
  29:C:/Users/SAM.KINUTHIA/.icode/sdk/IoT_LINK_1.0.0/iot_link/os/liteos\liteos_errno.c ****  * Huawei LiteOS may be subject to applicable export control laws and regulations, which might
  30:C:/Users/SAM.KINUTHIA/.icode/sdk/IoT_LINK_1.0.0/iot_link/os/liteos\liteos_errno.c ****  * include those applicable to Huawei LiteOS of U.S. and the country in which you are located.
  31:C:/Users/SAM.KINUTHIA/.icode/sdk/IoT_LINK_1.0.0/iot_link/os/liteos\liteos_errno.c ****  * Import, export and usage of Huawei LiteOS in any manner by you shall be in compliance with such
  32:C:/Users/SAM.KINUTHIA/.icode/sdk/IoT_LINK_1.0.0/iot_link/os/liteos\liteos_errno.c ****  * applicable export control laws and regulations.
  33:C:/Users/SAM.KINUTHIA/.icode/sdk/IoT_LINK_1.0.0/iot_link/os/liteos\liteos_errno.c ****  *---------------------------------------------------------------------------*/
  34:C:/Users/SAM.KINUTHIA/.icode/sdk/IoT_LINK_1.0.0/iot_link/os/liteos\liteos_errno.c **** 
  35:C:/Users/SAM.KINUTHIA/.icode/sdk/IoT_LINK_1.0.0/iot_link/os/liteos\liteos_errno.c **** /* Includes -----------------------------------------------------------------*/
  36:C:/Users/SAM.KINUTHIA/.icode/sdk/IoT_LINK_1.0.0/iot_link/os/liteos\liteos_errno.c **** 
  37:C:/Users/SAM.KINUTHIA/.icode/sdk/IoT_LINK_1.0.0/iot_link/os/liteos\liteos_errno.c **** #include "los_config.h"
  38:C:/Users/SAM.KINUTHIA/.icode/sdk/IoT_LINK_1.0.0/iot_link/os/liteos\liteos_errno.c **** #include "los_task.h"
  39:C:/Users/SAM.KINUTHIA/.icode/sdk/IoT_LINK_1.0.0/iot_link/os/liteos\liteos_errno.c **** #include "los_printf.h"
  40:C:/Users/SAM.KINUTHIA/.icode/sdk/IoT_LINK_1.0.0/iot_link/os/liteos\liteos_errno.c **** 
  41:C:/Users/SAM.KINUTHIA/.icode/sdk/IoT_LINK_1.0.0/iot_link/os/liteos\liteos_errno.c **** 
  42:C:/Users/SAM.KINUTHIA/.icode/sdk/IoT_LINK_1.0.0/iot_link/os/liteos\liteos_errno.c **** /* Typedefs -----------------------------------------------------------------*/
  43:C:/Users/SAM.KINUTHIA/.icode/sdk/IoT_LINK_1.0.0/iot_link/os/liteos\liteos_errno.c **** 
  44:C:/Users/SAM.KINUTHIA/.icode/sdk/IoT_LINK_1.0.0/iot_link/os/liteos\liteos_errno.c **** typedef struct TaskReent
  45:C:/Users/SAM.KINUTHIA/.icode/sdk/IoT_LINK_1.0.0/iot_link/os/liteos\liteos_errno.c **** {
  46:C:/Users/SAM.KINUTHIA/.icode/sdk/IoT_LINK_1.0.0/iot_link/os/liteos\liteos_errno.c ****     int errno;
  47:C:/Users/SAM.KINUTHIA/.icode/sdk/IoT_LINK_1.0.0/iot_link/os/liteos\liteos_errno.c **** } TaskReent;
  48:C:/Users/SAM.KINUTHIA/.icode/sdk/IoT_LINK_1.0.0/iot_link/os/liteos\liteos_errno.c **** 
  49:C:/Users/SAM.KINUTHIA/.icode/sdk/IoT_LINK_1.0.0/iot_link/os/liteos\liteos_errno.c **** 
  50:C:/Users/SAM.KINUTHIA/.icode/sdk/IoT_LINK_1.0.0/iot_link/os/liteos\liteos_errno.c **** /* Local variables ----------------------------------------------------------*/
  51:C:/Users/SAM.KINUTHIA/.icode/sdk/IoT_LINK_1.0.0/iot_link/os/liteos\liteos_errno.c **** 
  52:C:/Users/SAM.KINUTHIA/.icode/sdk/IoT_LINK_1.0.0/iot_link/os/liteos\liteos_errno.c **** static TaskReent g_task_reent[LOSCFG_BASE_CORE_TSK_LIMIT + 1];
  53:C:/Users/SAM.KINUTHIA/.icode/sdk/IoT_LINK_1.0.0/iot_link/os/liteos\liteos_errno.c **** 
  54:C:/Users/SAM.KINUTHIA/.icode/sdk/IoT_LINK_1.0.0/iot_link/os/liteos\liteos_errno.c **** 
  55:C:/Users/SAM.KINUTHIA/.icode/sdk/IoT_LINK_1.0.0/iot_link/os/liteos\liteos_errno.c **** /* Public functions ---------------------------------------------------------*/
  56:C:/Users/SAM.KINUTHIA/.icode/sdk/IoT_LINK_1.0.0/iot_link/os/liteos\liteos_errno.c **** 
  57:C:/Users/SAM.KINUTHIA/.icode/sdk/IoT_LINK_1.0.0/iot_link/os/liteos\liteos_errno.c **** int *task_errno(void)
  58:C:/Users/SAM.KINUTHIA/.icode/sdk/IoT_LINK_1.0.0/iot_link/os/liteos\liteos_errno.c **** {
  34              		.loc 1 58 0
  35              		.cfi_startproc
  36              		@ args = 0, pretend = 0, frame = 8
  37              		@ frame_needed = 1, uses_anonymous_args = 0
  38 0000 80B5     		push	{r7, lr}
  39              	.LCFI0:
  40              		.cfi_def_cfa_offset 8
  41              		.cfi_offset 7, -8
  42              		.cfi_offset 14, -4
  43 0002 82B0     		sub	sp, sp, #8
  44              	.LCFI1:
  45              		.cfi_def_cfa_offset 16
  46 0004 00AF     		add	r7, sp, #0
  47              	.LCFI2:
  48              		.cfi_def_cfa_register 7
  59:C:/Users/SAM.KINUTHIA/.icode/sdk/IoT_LINK_1.0.0/iot_link/os/liteos\liteos_errno.c ****     UINT32 taskid = LOS_CurTaskIDGet();
  49              		.loc 1 59 0
  50 0006 FFF7FEFF 		bl	LOS_CurTaskIDGet
  51 000a 7860     		str	r0, [r7, #4]
  60:C:/Users/SAM.KINUTHIA/.icode/sdk/IoT_LINK_1.0.0/iot_link/os/liteos\liteos_errno.c **** 
  61:C:/Users/SAM.KINUTHIA/.icode/sdk/IoT_LINK_1.0.0/iot_link/os/liteos\liteos_errno.c ****     if (taskid <= LOSCFG_BASE_CORE_TSK_LIMIT)
  52              		.loc 1 61 0
ARM GAS  C:\Users\SAM~1.KIN\AppData\Local\Temp\ccwdkSZh.s 			page 3


  53 000c 7B68     		ldr	r3, [r7, #4]
  54 000e 0F2B     		cmp	r3, #15
  55 0010 04D8     		bhi	.L2
  62:C:/Users/SAM.KINUTHIA/.icode/sdk/IoT_LINK_1.0.0/iot_link/os/liteos\liteos_errno.c ****     {
  63:C:/Users/SAM.KINUTHIA/.icode/sdk/IoT_LINK_1.0.0/iot_link/os/liteos\liteos_errno.c ****         return &g_task_reent[taskid].errno;
  56              		.loc 1 63 0
  57 0012 7B68     		ldr	r3, [r7, #4]
  58 0014 9B00     		lsls	r3, r3, #2
  59 0016 044A     		ldr	r2, .L4
  60 0018 1344     		add	r3, r3, r2
  61 001a 00E0     		b	.L3
  62              	.L2:
  64:C:/Users/SAM.KINUTHIA/.icode/sdk/IoT_LINK_1.0.0/iot_link/os/liteos\liteos_errno.c ****     }
  65:C:/Users/SAM.KINUTHIA/.icode/sdk/IoT_LINK_1.0.0/iot_link/os/liteos\liteos_errno.c ****     else
  66:C:/Users/SAM.KINUTHIA/.icode/sdk/IoT_LINK_1.0.0/iot_link/os/liteos\liteos_errno.c ****     {
  67:C:/Users/SAM.KINUTHIA/.icode/sdk/IoT_LINK_1.0.0/iot_link/os/liteos\liteos_errno.c ****         PRINT_WARN("TaskID[%d] is invalid\n", taskid);
  68:C:/Users/SAM.KINUTHIA/.icode/sdk/IoT_LINK_1.0.0/iot_link/os/liteos\liteos_errno.c ****         return &g_task_reent[0].errno;
  63              		.loc 1 68 0
  64 001c 024B     		ldr	r3, .L4
  65              	.L3:
  69:C:/Users/SAM.KINUTHIA/.icode/sdk/IoT_LINK_1.0.0/iot_link/os/liteos\liteos_errno.c ****     }
  70:C:/Users/SAM.KINUTHIA/.icode/sdk/IoT_LINK_1.0.0/iot_link/os/liteos\liteos_errno.c **** }
  66              		.loc 1 70 0
  67 001e 1846     		mov	r0, r3
  68 0020 0837     		adds	r7, r7, #8
  69              	.LCFI3:
  70              		.cfi_def_cfa_offset 8
  71 0022 BD46     		mov	sp, r7
  72              	.LCFI4:
  73              		.cfi_def_cfa_register 13
  74              		@ sp needed
  75 0024 80BD     		pop	{r7, pc}
  76              	.L5:
  77 0026 00BF     		.align	2
  78              	.L4:
  79 0028 00000000 		.word	g_task_reent
  80              		.cfi_endproc
  81              	.LFE287:
  83              		.text
  84              	.Letext0:
  85              		.file 2 "c:\\users\\sam.kinuthia\\opensourcetools\\gnu tools arm embedded\\7 2018-q2-update\\arm-n
  86              		.file 3 "c:\\users\\sam.kinuthia\\opensourcetools\\gnu tools arm embedded\\7 2018-q2-update\\arm-n
  87              		.file 4 "c:\\users\\sam.kinuthia\\opensourcetools\\gnu tools arm embedded\\7 2018-q2-update\\arm-n
  88              		.file 5 "c:\\users\\sam.kinuthia\\opensourcetools\\gnu tools arm embedded\\7 2018-q2-update\\lib\\
  89              		.file 6 "c:\\users\\sam.kinuthia\\opensourcetools\\gnu tools arm embedded\\7 2018-q2-update\\arm-n
  90              		.file 7 "C:/Users/SAM.KINUTHIA/.icode/sdk/IoT_LINK_1.0.0/iot_link/os/liteos/include/los_typedef.h"
  91              		.file 8 "c:\\users\\sam.kinuthia\\opensourcetools\\gnu tools arm embedded\\7 2018-q2-update\\arm-n
  92              		.file 9 "C:/Users/SAM.KINUTHIA/.icode/sdk/IoT_LINK_1.0.0/iot_link/os/liteos/arch/arm/common/cmsis/
  93              		.file 10 "C:/Users/SAM.KINUTHIA/Desktop/HCIAPROJECT/demofile2/targets/STM32L431_BearPi/Inc/system_
  94              		.file 11 "C:/Users/SAM.KINUTHIA/.icode/sdk/IoT_LINK_1.0.0/iot_link/os/liteos/include/los_err.h"
  95              		.file 12 "C:/Users/SAM.KINUTHIA/.icode/sdk/IoT_LINK_1.0.0/iot_link/os/liteos/arch/arm/arm-m/includ
  96              		.file 13 "C:/Users/SAM.KINUTHIA/.icode/sdk/IoT_LINK_1.0.0/iot_link/os/liteos/include/los_config.h"
  97              		.file 14 "C:/Users/SAM.KINUTHIA/.icode/sdk/IoT_LINK_1.0.0/iot_link/os/liteos/include/los_tick.h"
  98              		.file 15 "C:/Users/SAM.KINUTHIA/.icode/sdk/IoT_LINK_1.0.0/iot_link/os/liteos/include/los_task.h"
ARM GAS  C:\Users\SAM~1.KIN\AppData\Local\Temp\ccwdkSZh.s 			page 4


DEFINED SYMBOLS
                            *ABS*:00000000 liteos_errno.c
C:\Users\SAM~1.KIN\AppData\Local\Temp\ccwdkSZh.s:18     .bss.g_task_reent:00000000 $d
C:\Users\SAM~1.KIN\AppData\Local\Temp\ccwdkSZh.s:21     .bss.g_task_reent:00000000 g_task_reent
C:\Users\SAM~1.KIN\AppData\Local\Temp\ccwdkSZh.s:24     .text.task_errno:00000000 $t
C:\Users\SAM~1.KIN\AppData\Local\Temp\ccwdkSZh.s:31     .text.task_errno:00000000 task_errno
C:\Users\SAM~1.KIN\AppData\Local\Temp\ccwdkSZh.s:79     .text.task_errno:00000028 $d

UNDEFINED SYMBOLS
LOS_CurTaskIDGet
