ARM GAS  C:\Users\SAM~1.KIN\AppData\Local\Temp\ccT4NchL.s 			page 1


   1              		.cpu cortex-m4
   2              		.eabi_attribute 27, 1
   3              		.eabi_attribute 28, 1
   4              		.eabi_attribute 20, 1
   5              		.eabi_attribute 21, 1
   6              		.eabi_attribute 23, 3
   7              		.eabi_attribute 24, 1
   8              		.eabi_attribute 25, 1
   9              		.eabi_attribute 26, 1
  10              		.eabi_attribute 30, 6
  11              		.eabi_attribute 34, 1
  12              		.eabi_attribute 18, 4
  13              		.file	"liteos_imp.c"
  14              		.text
  15              	.Ltext0:
  16              		.cfi_sections	.debug_frame
  17              		.section	.text.__task_sleep,"ax",%progbits
  18              		.align	1
  19              		.syntax unified
  20              		.thumb
  21              		.thumb_func
  22              		.fpu fpv4-sp-d16
  24              	__task_sleep:
  25              	.LFB287:
  26              		.file 1 "C:/Users/SAM.KINUTHIA/.icode/sdk/IoT_LINK_1.0.0/iot_link/os/liteos/liteos_imp.c"
   1:C:/Users/SAM.KINUTHIA/.icode/sdk/IoT_LINK_1.0.0/iot_link/os/liteos\liteos_imp.c **** /*----------------------------------------------------------------------------
   2:C:/Users/SAM.KINUTHIA/.icode/sdk/IoT_LINK_1.0.0/iot_link/os/liteos\liteos_imp.c ****  * Copyright (c) <2018>, <Huawei Technologies Co., Ltd>
   3:C:/Users/SAM.KINUTHIA/.icode/sdk/IoT_LINK_1.0.0/iot_link/os/liteos\liteos_imp.c ****  * All rights reserved.
   4:C:/Users/SAM.KINUTHIA/.icode/sdk/IoT_LINK_1.0.0/iot_link/os/liteos\liteos_imp.c ****  * Redistribution and use in source and binary forms, with or without modification,
   5:C:/Users/SAM.KINUTHIA/.icode/sdk/IoT_LINK_1.0.0/iot_link/os/liteos\liteos_imp.c ****  * are permitted provided that the following conditions are met:
   6:C:/Users/SAM.KINUTHIA/.icode/sdk/IoT_LINK_1.0.0/iot_link/os/liteos\liteos_imp.c ****  * 1. Redistributions of source code must retain the above copyright notice, this list of
   7:C:/Users/SAM.KINUTHIA/.icode/sdk/IoT_LINK_1.0.0/iot_link/os/liteos\liteos_imp.c ****  * conditions and the following disclaimer.
   8:C:/Users/SAM.KINUTHIA/.icode/sdk/IoT_LINK_1.0.0/iot_link/os/liteos\liteos_imp.c ****  * 2. Redistributions in binary form must reproduce the above copyright notice, this list
   9:C:/Users/SAM.KINUTHIA/.icode/sdk/IoT_LINK_1.0.0/iot_link/os/liteos\liteos_imp.c ****  * of conditions and the following disclaimer in the documentation and/or other materials
  10:C:/Users/SAM.KINUTHIA/.icode/sdk/IoT_LINK_1.0.0/iot_link/os/liteos\liteos_imp.c ****  * provided with the distribution.
  11:C:/Users/SAM.KINUTHIA/.icode/sdk/IoT_LINK_1.0.0/iot_link/os/liteos\liteos_imp.c ****  * 3. Neither the name of the copyright holder nor the names of its contributors may be used
  12:C:/Users/SAM.KINUTHIA/.icode/sdk/IoT_LINK_1.0.0/iot_link/os/liteos\liteos_imp.c ****  * to endorse or promote products derived from this software without specific prior written
  13:C:/Users/SAM.KINUTHIA/.icode/sdk/IoT_LINK_1.0.0/iot_link/os/liteos\liteos_imp.c ****  * permission.
  14:C:/Users/SAM.KINUTHIA/.icode/sdk/IoT_LINK_1.0.0/iot_link/os/liteos\liteos_imp.c ****  * THIS SOFTWARE IS PROVIDED BY THE COPYRIGHT HOLDERS AND CONTRIBUTORS
  15:C:/Users/SAM.KINUTHIA/.icode/sdk/IoT_LINK_1.0.0/iot_link/os/liteos\liteos_imp.c ****  * "AS IS" AND ANY EXPRESS OR IMPLIED WARRANTIES, INCLUDING, BUT NOT LIMITED TO,
  16:C:/Users/SAM.KINUTHIA/.icode/sdk/IoT_LINK_1.0.0/iot_link/os/liteos\liteos_imp.c ****  * THE IMPLIED WARRANTIES OF MERCHANTABILITY AND FITNESS FOR A PARTICULAR
  17:C:/Users/SAM.KINUTHIA/.icode/sdk/IoT_LINK_1.0.0/iot_link/os/liteos\liteos_imp.c ****  * PURPOSE ARE DISCLAIMED. IN NO EVENT SHALL THE COPYRIGHT HOLDER OR
  18:C:/Users/SAM.KINUTHIA/.icode/sdk/IoT_LINK_1.0.0/iot_link/os/liteos\liteos_imp.c ****  * CONTRIBUTORS BE LIABLE FOR ANY DIRECT, INDIRECT, INCIDENTAL, SPECIAL,
  19:C:/Users/SAM.KINUTHIA/.icode/sdk/IoT_LINK_1.0.0/iot_link/os/liteos\liteos_imp.c ****  * EXEMPLARY, OR CONSEQUENTIAL DAMAGES (INCLUDING, BUT NOT LIMITED TO,
  20:C:/Users/SAM.KINUTHIA/.icode/sdk/IoT_LINK_1.0.0/iot_link/os/liteos\liteos_imp.c ****  * PROCUREMENT OF SUBSTITUTE GOODS OR SERVICES; LOSS OF USE, DATA, OR PROFITS;
  21:C:/Users/SAM.KINUTHIA/.icode/sdk/IoT_LINK_1.0.0/iot_link/os/liteos\liteos_imp.c ****  * OR BUSINESS INTERRUPTION) HOWEVER CAUSED AND ON ANY THEORY OF LIABILITY,
  22:C:/Users/SAM.KINUTHIA/.icode/sdk/IoT_LINK_1.0.0/iot_link/os/liteos\liteos_imp.c ****  * WHETHER IN CONTRACT, STRICT LIABILITY, OR TORT (INCLUDING NEGLIGENCE OR
  23:C:/Users/SAM.KINUTHIA/.icode/sdk/IoT_LINK_1.0.0/iot_link/os/liteos\liteos_imp.c ****  * OTHERWISE) ARISING IN ANY WAY OUT OF THE USE OF THIS SOFTWARE, EVEN IF
  24:C:/Users/SAM.KINUTHIA/.icode/sdk/IoT_LINK_1.0.0/iot_link/os/liteos\liteos_imp.c ****  * ADVISED OF THE POSSIBILITY OF SUCH DAMAGE.
  25:C:/Users/SAM.KINUTHIA/.icode/sdk/IoT_LINK_1.0.0/iot_link/os/liteos\liteos_imp.c ****  *---------------------------------------------------------------------------*/
  26:C:/Users/SAM.KINUTHIA/.icode/sdk/IoT_LINK_1.0.0/iot_link/os/liteos\liteos_imp.c **** /*----------------------------------------------------------------------------
  27:C:/Users/SAM.KINUTHIA/.icode/sdk/IoT_LINK_1.0.0/iot_link/os/liteos\liteos_imp.c ****  * Notice of Export Control Law
  28:C:/Users/SAM.KINUTHIA/.icode/sdk/IoT_LINK_1.0.0/iot_link/os/liteos\liteos_imp.c ****  * ===============================================
  29:C:/Users/SAM.KINUTHIA/.icode/sdk/IoT_LINK_1.0.0/iot_link/os/liteos\liteos_imp.c ****  * Huawei LiteOS may be subject to applicable export control laws and regulations, which might
  30:C:/Users/SAM.KINUTHIA/.icode/sdk/IoT_LINK_1.0.0/iot_link/os/liteos\liteos_imp.c ****  * include those applicable to Huawei LiteOS of U.S. and the country in which you are located.
  31:C:/Users/SAM.KINUTHIA/.icode/sdk/IoT_LINK_1.0.0/iot_link/os/liteos\liteos_imp.c ****  * Import, export and usage of Huawei LiteOS in any manner by you shall be in compliance with such
  32:C:/Users/SAM.KINUTHIA/.icode/sdk/IoT_LINK_1.0.0/iot_link/os/liteos\liteos_imp.c ****  * applicable export control laws and regulations.
ARM GAS  C:\Users\SAM~1.KIN\AppData\Local\Temp\ccT4NchL.s 			page 2


  33:C:/Users/SAM.KINUTHIA/.icode/sdk/IoT_LINK_1.0.0/iot_link/os/liteos\liteos_imp.c ****  *---------------------------------------------------------------------------*/
  34:C:/Users/SAM.KINUTHIA/.icode/sdk/IoT_LINK_1.0.0/iot_link/os/liteos\liteos_imp.c **** /**
  35:C:/Users/SAM.KINUTHIA/.icode/sdk/IoT_LINK_1.0.0/iot_link/os/liteos\liteos_imp.c ****  *  DATE                AUTHOR      INSTRUCTION
  36:C:/Users/SAM.KINUTHIA/.icode/sdk/IoT_LINK_1.0.0/iot_link/os/liteos\liteos_imp.c ****  *  2019-05-14 17:22  zhangqianfu  The first version
  37:C:/Users/SAM.KINUTHIA/.icode/sdk/IoT_LINK_1.0.0/iot_link/os/liteos\liteos_imp.c ****  *
  38:C:/Users/SAM.KINUTHIA/.icode/sdk/IoT_LINK_1.0.0/iot_link/os/liteos\liteos_imp.c ****  */
  39:C:/Users/SAM.KINUTHIA/.icode/sdk/IoT_LINK_1.0.0/iot_link/os/liteos\liteos_imp.c **** 
  40:C:/Users/SAM.KINUTHIA/.icode/sdk/IoT_LINK_1.0.0/iot_link/os/liteos\liteos_imp.c **** //include the file which implement the function
  41:C:/Users/SAM.KINUTHIA/.icode/sdk/IoT_LINK_1.0.0/iot_link/os/liteos\liteos_imp.c **** #include  <string.h>
  42:C:/Users/SAM.KINUTHIA/.icode/sdk/IoT_LINK_1.0.0/iot_link/os/liteos\liteos_imp.c **** #include  <osal_imp.h>
  43:C:/Users/SAM.KINUTHIA/.icode/sdk/IoT_LINK_1.0.0/iot_link/os/liteos\liteos_imp.c **** 
  44:C:/Users/SAM.KINUTHIA/.icode/sdk/IoT_LINK_1.0.0/iot_link/os/liteos\liteos_imp.c **** ///< this is implement for the task
  45:C:/Users/SAM.KINUTHIA/.icode/sdk/IoT_LINK_1.0.0/iot_link/os/liteos\liteos_imp.c **** #include <los_task.ph>
  46:C:/Users/SAM.KINUTHIA/.icode/sdk/IoT_LINK_1.0.0/iot_link/os/liteos\liteos_imp.c **** #include <los_task.h>
  47:C:/Users/SAM.KINUTHIA/.icode/sdk/IoT_LINK_1.0.0/iot_link/os/liteos\liteos_imp.c **** #include <los_queue.h>
  48:C:/Users/SAM.KINUTHIA/.icode/sdk/IoT_LINK_1.0.0/iot_link/os/liteos\liteos_imp.c **** static void __task_sleep(int ms)
  49:C:/Users/SAM.KINUTHIA/.icode/sdk/IoT_LINK_1.0.0/iot_link/os/liteos\liteos_imp.c **** {
  27              		.loc 1 49 0
  28              		.cfi_startproc
  29              		@ args = 0, pretend = 0, frame = 8
  30              		@ frame_needed = 1, uses_anonymous_args = 0
  31 0000 80B5     		push	{r7, lr}
  32              	.LCFI0:
  33              		.cfi_def_cfa_offset 8
  34              		.cfi_offset 7, -8
  35              		.cfi_offset 14, -4
  36 0002 82B0     		sub	sp, sp, #8
  37              	.LCFI1:
  38              		.cfi_def_cfa_offset 16
  39 0004 00AF     		add	r7, sp, #0
  40              	.LCFI2:
  41              		.cfi_def_cfa_register 7
  42 0006 7860     		str	r0, [r7, #4]
  50:C:/Users/SAM.KINUTHIA/.icode/sdk/IoT_LINK_1.0.0/iot_link/os/liteos\liteos_imp.c ****     LOS_TaskDelay(ms);//which tick is ms
  43              		.loc 1 50 0
  44 0008 7B68     		ldr	r3, [r7, #4]
  45 000a 1846     		mov	r0, r3
  46 000c FFF7FEFF 		bl	LOS_TaskDelay
  51:C:/Users/SAM.KINUTHIA/.icode/sdk/IoT_LINK_1.0.0/iot_link/os/liteos\liteos_imp.c ****     return;
  47              		.loc 1 51 0
  48 0010 00BF     		nop
  52:C:/Users/SAM.KINUTHIA/.icode/sdk/IoT_LINK_1.0.0/iot_link/os/liteos\liteos_imp.c **** }
  49              		.loc 1 52 0
  50 0012 0837     		adds	r7, r7, #8
  51              	.LCFI3:
  52              		.cfi_def_cfa_offset 8
  53 0014 BD46     		mov	sp, r7
  54              	.LCFI4:
  55              		.cfi_def_cfa_register 13
  56              		@ sp needed
  57 0016 80BD     		pop	{r7, pc}
  58              		.cfi_endproc
  59              	.LFE287:
  61              		.section	.text.__task_create,"ax",%progbits
  62              		.align	1
  63              		.syntax unified
  64              		.thumb
ARM GAS  C:\Users\SAM~1.KIN\AppData\Local\Temp\ccT4NchL.s 			page 3


  65              		.thumb_func
  66              		.fpu fpv4-sp-d16
  68              	__task_create:
  69              	.LFB288:
  53:C:/Users/SAM.KINUTHIA/.icode/sdk/IoT_LINK_1.0.0/iot_link/os/liteos\liteos_imp.c **** 
  54:C:/Users/SAM.KINUTHIA/.icode/sdk/IoT_LINK_1.0.0/iot_link/os/liteos\liteos_imp.c **** static void *__task_create(const char *name,int (*task_entry)(void *args),\
  55:C:/Users/SAM.KINUTHIA/.icode/sdk/IoT_LINK_1.0.0/iot_link/os/liteos\liteos_imp.c ****         void *args,int stack_size,void *stack,int prior)
  56:C:/Users/SAM.KINUTHIA/.icode/sdk/IoT_LINK_1.0.0/iot_link/os/liteos\liteos_imp.c **** {
  70              		.loc 1 56 0
  71              		.cfi_startproc
  72              		@ args = 8, pretend = 0, frame = 56
  73              		@ frame_needed = 1, uses_anonymous_args = 0
  74 0000 80B5     		push	{r7, lr}
  75              	.LCFI5:
  76              		.cfi_def_cfa_offset 8
  77              		.cfi_offset 7, -8
  78              		.cfi_offset 14, -4
  79 0002 8EB0     		sub	sp, sp, #56
  80              	.LCFI6:
  81              		.cfi_def_cfa_offset 64
  82 0004 00AF     		add	r7, sp, #0
  83              	.LCFI7:
  84              		.cfi_def_cfa_register 7
  85 0006 F860     		str	r0, [r7, #12]
  86 0008 B960     		str	r1, [r7, #8]
  87 000a 7A60     		str	r2, [r7, #4]
  88 000c 3B60     		str	r3, [r7]
  57:C:/Users/SAM.KINUTHIA/.icode/sdk/IoT_LINK_1.0.0/iot_link/os/liteos\liteos_imp.c ****     void *ret = NULL;
  89              		.loc 1 57 0
  90 000e 0023     		movs	r3, #0
  91 0010 7B63     		str	r3, [r7, #52]
  58:C:/Users/SAM.KINUTHIA/.icode/sdk/IoT_LINK_1.0.0/iot_link/os/liteos\liteos_imp.c ****     UINT32 uwRet = LOS_OK;
  92              		.loc 1 58 0
  93 0012 0023     		movs	r3, #0
  94 0014 3B63     		str	r3, [r7, #48]
  59:C:/Users/SAM.KINUTHIA/.icode/sdk/IoT_LINK_1.0.0/iot_link/os/liteos\liteos_imp.c ****     UINT32  handle;
  60:C:/Users/SAM.KINUTHIA/.icode/sdk/IoT_LINK_1.0.0/iot_link/os/liteos\liteos_imp.c ****     TSK_INIT_PARAM_S task_init_param;
  61:C:/Users/SAM.KINUTHIA/.icode/sdk/IoT_LINK_1.0.0/iot_link/os/liteos\liteos_imp.c **** 
  62:C:/Users/SAM.KINUTHIA/.icode/sdk/IoT_LINK_1.0.0/iot_link/os/liteos\liteos_imp.c ****     memset (&task_init_param, 0, sizeof (TSK_INIT_PARAM_S));
  95              		.loc 1 62 0
  96 0016 07F11403 		add	r3, r7, #20
  97 001a 1822     		movs	r2, #24
  98 001c 0021     		movs	r1, #0
  99 001e 1846     		mov	r0, r3
 100 0020 FFF7FEFF 		bl	memset
  63:C:/Users/SAM.KINUTHIA/.icode/sdk/IoT_LINK_1.0.0/iot_link/os/liteos\liteos_imp.c **** 
  64:C:/Users/SAM.KINUTHIA/.icode/sdk/IoT_LINK_1.0.0/iot_link/os/liteos\liteos_imp.c ****     task_init_param.uwArg = (unsigned int)args;
 101              		.loc 1 64 0
 102 0024 7B68     		ldr	r3, [r7, #4]
 103 0026 FB61     		str	r3, [r7, #28]
  65:C:/Users/SAM.KINUTHIA/.icode/sdk/IoT_LINK_1.0.0/iot_link/os/liteos\liteos_imp.c ****     task_init_param.usTaskPrio = prior;
 104              		.loc 1 65 0
 105 0028 7B6C     		ldr	r3, [r7, #68]
 106 002a 9BB2     		uxth	r3, r3
 107 002c 3B83     		strh	r3, [r7, #24]	@ movhi
  66:C:/Users/SAM.KINUTHIA/.icode/sdk/IoT_LINK_1.0.0/iot_link/os/liteos\liteos_imp.c ****     task_init_param.pcName =(char *) name;
 108              		.loc 1 66 0
ARM GAS  C:\Users\SAM~1.KIN\AppData\Local\Temp\ccT4NchL.s 			page 4


 109 002e FB68     		ldr	r3, [r7, #12]
 110 0030 7B62     		str	r3, [r7, #36]
  67:C:/Users/SAM.KINUTHIA/.icode/sdk/IoT_LINK_1.0.0/iot_link/os/liteos\liteos_imp.c ****     task_init_param.pfnTaskEntry = (TSK_ENTRY_FUNC)task_entry;
 111              		.loc 1 67 0
 112 0032 BB68     		ldr	r3, [r7, #8]
 113 0034 7B61     		str	r3, [r7, #20]
  68:C:/Users/SAM.KINUTHIA/.icode/sdk/IoT_LINK_1.0.0/iot_link/os/liteos\liteos_imp.c ****     task_init_param.uwStackSize = stack_size;
 114              		.loc 1 68 0
 115 0036 3B68     		ldr	r3, [r7]
 116 0038 3B62     		str	r3, [r7, #32]
  69:C:/Users/SAM.KINUTHIA/.icode/sdk/IoT_LINK_1.0.0/iot_link/os/liteos\liteos_imp.c ****     uwRet = LOS_TaskCreate(&handle, &task_init_param);
 117              		.loc 1 69 0
 118 003a 07F11402 		add	r2, r7, #20
 119 003e 07F12C03 		add	r3, r7, #44
 120 0042 1146     		mov	r1, r2
 121 0044 1846     		mov	r0, r3
 122 0046 FFF7FEFF 		bl	LOS_TaskCreate
 123 004a 3863     		str	r0, [r7, #48]
  70:C:/Users/SAM.KINUTHIA/.icode/sdk/IoT_LINK_1.0.0/iot_link/os/liteos\liteos_imp.c ****     if(LOS_OK != uwRet){
 124              		.loc 1 70 0
 125 004c 3B6B     		ldr	r3, [r7, #48]
 126 004e 002B     		cmp	r3, #0
 127 0050 01D0     		beq	.L4
  71:C:/Users/SAM.KINUTHIA/.icode/sdk/IoT_LINK_1.0.0/iot_link/os/liteos\liteos_imp.c ****         return ret;
 128              		.loc 1 71 0
 129 0052 7B6B     		ldr	r3, [r7, #52]
 130 0054 02E0     		b	.L6
 131              	.L4:
  72:C:/Users/SAM.KINUTHIA/.icode/sdk/IoT_LINK_1.0.0/iot_link/os/liteos\liteos_imp.c ****     }
  73:C:/Users/SAM.KINUTHIA/.icode/sdk/IoT_LINK_1.0.0/iot_link/os/liteos\liteos_imp.c ****     ret = (void *)handle;
 132              		.loc 1 73 0
 133 0056 FB6A     		ldr	r3, [r7, #44]
 134 0058 7B63     		str	r3, [r7, #52]
  74:C:/Users/SAM.KINUTHIA/.icode/sdk/IoT_LINK_1.0.0/iot_link/os/liteos\liteos_imp.c ****     return ret;
 135              		.loc 1 74 0
 136 005a 7B6B     		ldr	r3, [r7, #52]
 137              	.L6:
  75:C:/Users/SAM.KINUTHIA/.icode/sdk/IoT_LINK_1.0.0/iot_link/os/liteos\liteos_imp.c **** }
 138              		.loc 1 75 0 discriminator 1
 139 005c 1846     		mov	r0, r3
 140 005e 3837     		adds	r7, r7, #56
 141              	.LCFI8:
 142              		.cfi_def_cfa_offset 8
 143 0060 BD46     		mov	sp, r7
 144              	.LCFI9:
 145              		.cfi_def_cfa_register 13
 146              		@ sp needed
 147 0062 80BD     		pop	{r7, pc}
 148              		.cfi_endproc
 149              	.LFE288:
 151              		.section	.text.__task_kill,"ax",%progbits
 152              		.align	1
 153              		.syntax unified
 154              		.thumb
 155              		.thumb_func
 156              		.fpu fpv4-sp-d16
 158              	__task_kill:
ARM GAS  C:\Users\SAM~1.KIN\AppData\Local\Temp\ccT4NchL.s 			page 5


 159              	.LFB289:
  76:C:/Users/SAM.KINUTHIA/.icode/sdk/IoT_LINK_1.0.0/iot_link/os/liteos\liteos_imp.c **** 
  77:C:/Users/SAM.KINUTHIA/.icode/sdk/IoT_LINK_1.0.0/iot_link/os/liteos\liteos_imp.c **** static int __task_kill(void *task)
  78:C:/Users/SAM.KINUTHIA/.icode/sdk/IoT_LINK_1.0.0/iot_link/os/liteos\liteos_imp.c **** {
 160              		.loc 1 78 0
 161              		.cfi_startproc
 162              		@ args = 0, pretend = 0, frame = 16
 163              		@ frame_needed = 1, uses_anonymous_args = 0
 164 0000 80B5     		push	{r7, lr}
 165              	.LCFI10:
 166              		.cfi_def_cfa_offset 8
 167              		.cfi_offset 7, -8
 168              		.cfi_offset 14, -4
 169 0002 84B0     		sub	sp, sp, #16
 170              	.LCFI11:
 171              		.cfi_def_cfa_offset 24
 172 0004 00AF     		add	r7, sp, #0
 173              	.LCFI12:
 174              		.cfi_def_cfa_register 7
 175 0006 7860     		str	r0, [r7, #4]
  79:C:/Users/SAM.KINUTHIA/.icode/sdk/IoT_LINK_1.0.0/iot_link/os/liteos\liteos_imp.c ****     int ret = -1;
 176              		.loc 1 79 0
 177 0008 4FF0FF33 		mov	r3, #-1
 178 000c FB60     		str	r3, [r7, #12]
  80:C:/Users/SAM.KINUTHIA/.icode/sdk/IoT_LINK_1.0.0/iot_link/os/liteos\liteos_imp.c ****     UINT32 handle;
  81:C:/Users/SAM.KINUTHIA/.icode/sdk/IoT_LINK_1.0.0/iot_link/os/liteos\liteos_imp.c ****     if(NULL != task)
 179              		.loc 1 81 0
 180 000e 7B68     		ldr	r3, [r7, #4]
 181 0010 002B     		cmp	r3, #0
 182 0012 09D0     		beq	.L8
  82:C:/Users/SAM.KINUTHIA/.icode/sdk/IoT_LINK_1.0.0/iot_link/os/liteos\liteos_imp.c ****     {
  83:C:/Users/SAM.KINUTHIA/.icode/sdk/IoT_LINK_1.0.0/iot_link/os/liteos\liteos_imp.c ****         handle = (UINT32) task;
 183              		.loc 1 83 0
 184 0014 7B68     		ldr	r3, [r7, #4]
 185 0016 BB60     		str	r3, [r7, #8]
  84:C:/Users/SAM.KINUTHIA/.icode/sdk/IoT_LINK_1.0.0/iot_link/os/liteos\liteos_imp.c ****         if(LOS_OK == LOS_TaskDelete(handle))
 186              		.loc 1 84 0
 187 0018 B868     		ldr	r0, [r7, #8]
 188 001a FFF7FEFF 		bl	LOS_TaskDelete
 189 001e 0346     		mov	r3, r0
 190 0020 002B     		cmp	r3, #0
 191 0022 01D1     		bne	.L8
  85:C:/Users/SAM.KINUTHIA/.icode/sdk/IoT_LINK_1.0.0/iot_link/os/liteos\liteos_imp.c ****         {
  86:C:/Users/SAM.KINUTHIA/.icode/sdk/IoT_LINK_1.0.0/iot_link/os/liteos\liteos_imp.c ****             ret = 0;
 192              		.loc 1 86 0
 193 0024 0023     		movs	r3, #0
 194 0026 FB60     		str	r3, [r7, #12]
 195              	.L8:
  87:C:/Users/SAM.KINUTHIA/.icode/sdk/IoT_LINK_1.0.0/iot_link/os/liteos\liteos_imp.c ****         }
  88:C:/Users/SAM.KINUTHIA/.icode/sdk/IoT_LINK_1.0.0/iot_link/os/liteos\liteos_imp.c ****     }
  89:C:/Users/SAM.KINUTHIA/.icode/sdk/IoT_LINK_1.0.0/iot_link/os/liteos\liteos_imp.c **** 
  90:C:/Users/SAM.KINUTHIA/.icode/sdk/IoT_LINK_1.0.0/iot_link/os/liteos\liteos_imp.c ****     return ret;
 196              		.loc 1 90 0
 197 0028 FB68     		ldr	r3, [r7, #12]
  91:C:/Users/SAM.KINUTHIA/.icode/sdk/IoT_LINK_1.0.0/iot_link/os/liteos\liteos_imp.c **** }
 198              		.loc 1 91 0
 199 002a 1846     		mov	r0, r3
ARM GAS  C:\Users\SAM~1.KIN\AppData\Local\Temp\ccT4NchL.s 			page 6


 200 002c 1037     		adds	r7, r7, #16
 201              	.LCFI13:
 202              		.cfi_def_cfa_offset 8
 203 002e BD46     		mov	sp, r7
 204              	.LCFI14:
 205              		.cfi_def_cfa_register 13
 206              		@ sp needed
 207 0030 80BD     		pop	{r7, pc}
 208              		.cfi_endproc
 209              	.LFE289:
 211              		.section	.text.__task_exit,"ax",%progbits
 212              		.align	1
 213              		.syntax unified
 214              		.thumb
 215              		.thumb_func
 216              		.fpu fpv4-sp-d16
 218              	__task_exit:
 219              	.LFB290:
  92:C:/Users/SAM.KINUTHIA/.icode/sdk/IoT_LINK_1.0.0/iot_link/os/liteos\liteos_imp.c **** 
  93:C:/Users/SAM.KINUTHIA/.icode/sdk/IoT_LINK_1.0.0/iot_link/os/liteos\liteos_imp.c **** static void __task_exit()
  94:C:/Users/SAM.KINUTHIA/.icode/sdk/IoT_LINK_1.0.0/iot_link/os/liteos\liteos_imp.c **** {
 220              		.loc 1 94 0
 221              		.cfi_startproc
 222              		@ args = 0, pretend = 0, frame = 0
 223              		@ frame_needed = 1, uses_anonymous_args = 0
 224              		@ link register save eliminated.
 225 0000 80B4     		push	{r7}
 226              	.LCFI15:
 227              		.cfi_def_cfa_offset 4
 228              		.cfi_offset 7, -4
 229 0002 00AF     		add	r7, sp, #0
 230              	.LCFI16:
 231              		.cfi_def_cfa_register 7
 232              	.L11:
  95:C:/Users/SAM.KINUTHIA/.icode/sdk/IoT_LINK_1.0.0/iot_link/os/liteos\liteos_imp.c ****     while(1);  //not supported yet
 233              		.loc 1 95 0 discriminator 1
 234 0004 FEE7     		b	.L11
 235              		.cfi_endproc
 236              	.LFE290:
 238              		.section	.text.__mutex_create,"ax",%progbits
 239              		.align	1
 240              		.syntax unified
 241              		.thumb
 242              		.thumb_func
 243              		.fpu fpv4-sp-d16
 245              	__mutex_create:
 246              	.LFB291:
  96:C:/Users/SAM.KINUTHIA/.icode/sdk/IoT_LINK_1.0.0/iot_link/os/liteos\liteos_imp.c **** }
  97:C:/Users/SAM.KINUTHIA/.icode/sdk/IoT_LINK_1.0.0/iot_link/os/liteos\liteos_imp.c **** 
  98:C:/Users/SAM.KINUTHIA/.icode/sdk/IoT_LINK_1.0.0/iot_link/os/liteos\liteos_imp.c **** ///< this is implement for the mutex
  99:C:/Users/SAM.KINUTHIA/.icode/sdk/IoT_LINK_1.0.0/iot_link/os/liteos\liteos_imp.c **** #include <los_mux.h>
 100:C:/Users/SAM.KINUTHIA/.icode/sdk/IoT_LINK_1.0.0/iot_link/os/liteos\liteos_imp.c **** //creat a mutex for the os
 101:C:/Users/SAM.KINUTHIA/.icode/sdk/IoT_LINK_1.0.0/iot_link/os/liteos\liteos_imp.c **** static bool_t  __mutex_create(osal_mutex_t *mutex)
 102:C:/Users/SAM.KINUTHIA/.icode/sdk/IoT_LINK_1.0.0/iot_link/os/liteos\liteos_imp.c **** {
 247              		.loc 1 102 0
 248              		.cfi_startproc
 249              		@ args = 0, pretend = 0, frame = 8
ARM GAS  C:\Users\SAM~1.KIN\AppData\Local\Temp\ccT4NchL.s 			page 7


 250              		@ frame_needed = 1, uses_anonymous_args = 0
 251 0000 80B5     		push	{r7, lr}
 252              	.LCFI17:
 253              		.cfi_def_cfa_offset 8
 254              		.cfi_offset 7, -8
 255              		.cfi_offset 14, -4
 256 0002 82B0     		sub	sp, sp, #8
 257              	.LCFI18:
 258              		.cfi_def_cfa_offset 16
 259 0004 00AF     		add	r7, sp, #0
 260              	.LCFI19:
 261              		.cfi_def_cfa_register 7
 262 0006 7860     		str	r0, [r7, #4]
 103:C:/Users/SAM.KINUTHIA/.icode/sdk/IoT_LINK_1.0.0/iot_link/os/liteos\liteos_imp.c ****     if(LOS_OK == LOS_MuxCreate((UINT32 *)mutex))
 263              		.loc 1 103 0
 264 0008 7868     		ldr	r0, [r7, #4]
 265 000a FFF7FEFF 		bl	LOS_MuxCreate
 266 000e 0346     		mov	r3, r0
 267 0010 002B     		cmp	r3, #0
 268 0012 01D1     		bne	.L13
 104:C:/Users/SAM.KINUTHIA/.icode/sdk/IoT_LINK_1.0.0/iot_link/os/liteos\liteos_imp.c ****     {
 105:C:/Users/SAM.KINUTHIA/.icode/sdk/IoT_LINK_1.0.0/iot_link/os/liteos\liteos_imp.c ****         return true;
 269              		.loc 1 105 0
 270 0014 0123     		movs	r3, #1
 271 0016 00E0     		b	.L14
 272              	.L13:
 106:C:/Users/SAM.KINUTHIA/.icode/sdk/IoT_LINK_1.0.0/iot_link/os/liteos\liteos_imp.c ****     }
 107:C:/Users/SAM.KINUTHIA/.icode/sdk/IoT_LINK_1.0.0/iot_link/os/liteos\liteos_imp.c ****     else
 108:C:/Users/SAM.KINUTHIA/.icode/sdk/IoT_LINK_1.0.0/iot_link/os/liteos\liteos_imp.c ****     {
 109:C:/Users/SAM.KINUTHIA/.icode/sdk/IoT_LINK_1.0.0/iot_link/os/liteos\liteos_imp.c ****         return false;
 273              		.loc 1 109 0
 274 0018 0023     		movs	r3, #0
 275              	.L14:
 110:C:/Users/SAM.KINUTHIA/.icode/sdk/IoT_LINK_1.0.0/iot_link/os/liteos\liteos_imp.c ****     }
 111:C:/Users/SAM.KINUTHIA/.icode/sdk/IoT_LINK_1.0.0/iot_link/os/liteos\liteos_imp.c **** }
 276              		.loc 1 111 0
 277 001a 1846     		mov	r0, r3
 278 001c 0837     		adds	r7, r7, #8
 279              	.LCFI20:
 280              		.cfi_def_cfa_offset 8
 281 001e BD46     		mov	sp, r7
 282              	.LCFI21:
 283              		.cfi_def_cfa_register 13
 284              		@ sp needed
 285 0020 80BD     		pop	{r7, pc}
 286              		.cfi_endproc
 287              	.LFE291:
 289              		.section	.text.__mutex_lock,"ax",%progbits
 290              		.align	1
 291              		.syntax unified
 292              		.thumb
 293              		.thumb_func
 294              		.fpu fpv4-sp-d16
 296              	__mutex_lock:
 297              	.LFB292:
 112:C:/Users/SAM.KINUTHIA/.icode/sdk/IoT_LINK_1.0.0/iot_link/os/liteos\liteos_imp.c **** //lock the mutex
 113:C:/Users/SAM.KINUTHIA/.icode/sdk/IoT_LINK_1.0.0/iot_link/os/liteos\liteos_imp.c **** static bool_t  __mutex_lock(osal_mutex_t mutex)
ARM GAS  C:\Users\SAM~1.KIN\AppData\Local\Temp\ccT4NchL.s 			page 8


 114:C:/Users/SAM.KINUTHIA/.icode/sdk/IoT_LINK_1.0.0/iot_link/os/liteos\liteos_imp.c **** {
 298              		.loc 1 114 0
 299              		.cfi_startproc
 300              		@ args = 0, pretend = 0, frame = 8
 301              		@ frame_needed = 1, uses_anonymous_args = 0
 302 0000 80B5     		push	{r7, lr}
 303              	.LCFI22:
 304              		.cfi_def_cfa_offset 8
 305              		.cfi_offset 7, -8
 306              		.cfi_offset 14, -4
 307 0002 82B0     		sub	sp, sp, #8
 308              	.LCFI23:
 309              		.cfi_def_cfa_offset 16
 310 0004 00AF     		add	r7, sp, #0
 311              	.LCFI24:
 312              		.cfi_def_cfa_register 7
 313 0006 7860     		str	r0, [r7, #4]
 115:C:/Users/SAM.KINUTHIA/.icode/sdk/IoT_LINK_1.0.0/iot_link/os/liteos\liteos_imp.c ****     if(LOS_OK == LOS_MuxPend((UINT32)mutex,LOS_WAIT_FOREVER))
 314              		.loc 1 115 0
 315 0008 7B68     		ldr	r3, [r7, #4]
 316 000a 4FF0FF31 		mov	r1, #-1
 317 000e 1846     		mov	r0, r3
 318 0010 FFF7FEFF 		bl	LOS_MuxPend
 319 0014 0346     		mov	r3, r0
 320 0016 002B     		cmp	r3, #0
 321 0018 01D1     		bne	.L16
 116:C:/Users/SAM.KINUTHIA/.icode/sdk/IoT_LINK_1.0.0/iot_link/os/liteos\liteos_imp.c ****     {
 117:C:/Users/SAM.KINUTHIA/.icode/sdk/IoT_LINK_1.0.0/iot_link/os/liteos\liteos_imp.c ****         return true;
 322              		.loc 1 117 0
 323 001a 0123     		movs	r3, #1
 324 001c 00E0     		b	.L17
 325              	.L16:
 118:C:/Users/SAM.KINUTHIA/.icode/sdk/IoT_LINK_1.0.0/iot_link/os/liteos\liteos_imp.c ****     }
 119:C:/Users/SAM.KINUTHIA/.icode/sdk/IoT_LINK_1.0.0/iot_link/os/liteos\liteos_imp.c ****     else
 120:C:/Users/SAM.KINUTHIA/.icode/sdk/IoT_LINK_1.0.0/iot_link/os/liteos\liteos_imp.c ****     {
 121:C:/Users/SAM.KINUTHIA/.icode/sdk/IoT_LINK_1.0.0/iot_link/os/liteos\liteos_imp.c ****         return false;
 326              		.loc 1 121 0
 327 001e 0023     		movs	r3, #0
 328              	.L17:
 122:C:/Users/SAM.KINUTHIA/.icode/sdk/IoT_LINK_1.0.0/iot_link/os/liteos\liteos_imp.c ****     }
 123:C:/Users/SAM.KINUTHIA/.icode/sdk/IoT_LINK_1.0.0/iot_link/os/liteos\liteos_imp.c **** }
 329              		.loc 1 123 0
 330 0020 1846     		mov	r0, r3
 331 0022 0837     		adds	r7, r7, #8
 332              	.LCFI25:
 333              		.cfi_def_cfa_offset 8
 334 0024 BD46     		mov	sp, r7
 335              	.LCFI26:
 336              		.cfi_def_cfa_register 13
 337              		@ sp needed
 338 0026 80BD     		pop	{r7, pc}
 339              		.cfi_endproc
 340              	.LFE292:
 342              		.section	.text.__mutex_unlock,"ax",%progbits
 343              		.align	1
 344              		.syntax unified
 345              		.thumb
ARM GAS  C:\Users\SAM~1.KIN\AppData\Local\Temp\ccT4NchL.s 			page 9


 346              		.thumb_func
 347              		.fpu fpv4-sp-d16
 349              	__mutex_unlock:
 350              	.LFB293:
 124:C:/Users/SAM.KINUTHIA/.icode/sdk/IoT_LINK_1.0.0/iot_link/os/liteos\liteos_imp.c **** 
 125:C:/Users/SAM.KINUTHIA/.icode/sdk/IoT_LINK_1.0.0/iot_link/os/liteos\liteos_imp.c **** //unlock the mutex
 126:C:/Users/SAM.KINUTHIA/.icode/sdk/IoT_LINK_1.0.0/iot_link/os/liteos\liteos_imp.c **** static bool_t  __mutex_unlock(osal_mutex_t mutex)
 127:C:/Users/SAM.KINUTHIA/.icode/sdk/IoT_LINK_1.0.0/iot_link/os/liteos\liteos_imp.c **** {
 351              		.loc 1 127 0
 352              		.cfi_startproc
 353              		@ args = 0, pretend = 0, frame = 8
 354              		@ frame_needed = 1, uses_anonymous_args = 0
 355 0000 80B5     		push	{r7, lr}
 356              	.LCFI27:
 357              		.cfi_def_cfa_offset 8
 358              		.cfi_offset 7, -8
 359              		.cfi_offset 14, -4
 360 0002 82B0     		sub	sp, sp, #8
 361              	.LCFI28:
 362              		.cfi_def_cfa_offset 16
 363 0004 00AF     		add	r7, sp, #0
 364              	.LCFI29:
 365              		.cfi_def_cfa_register 7
 366 0006 7860     		str	r0, [r7, #4]
 128:C:/Users/SAM.KINUTHIA/.icode/sdk/IoT_LINK_1.0.0/iot_link/os/liteos\liteos_imp.c ****     if(LOS_OK == LOS_MuxPost((UINT32)mutex))
 367              		.loc 1 128 0
 368 0008 7B68     		ldr	r3, [r7, #4]
 369 000a 1846     		mov	r0, r3
 370 000c FFF7FEFF 		bl	LOS_MuxPost
 371 0010 0346     		mov	r3, r0
 372 0012 002B     		cmp	r3, #0
 373 0014 01D1     		bne	.L19
 129:C:/Users/SAM.KINUTHIA/.icode/sdk/IoT_LINK_1.0.0/iot_link/os/liteos\liteos_imp.c ****     {
 130:C:/Users/SAM.KINUTHIA/.icode/sdk/IoT_LINK_1.0.0/iot_link/os/liteos\liteos_imp.c ****         return true;
 374              		.loc 1 130 0
 375 0016 0123     		movs	r3, #1
 376 0018 00E0     		b	.L20
 377              	.L19:
 131:C:/Users/SAM.KINUTHIA/.icode/sdk/IoT_LINK_1.0.0/iot_link/os/liteos\liteos_imp.c ****     }
 132:C:/Users/SAM.KINUTHIA/.icode/sdk/IoT_LINK_1.0.0/iot_link/os/liteos\liteos_imp.c ****     else
 133:C:/Users/SAM.KINUTHIA/.icode/sdk/IoT_LINK_1.0.0/iot_link/os/liteos\liteos_imp.c ****     {
 134:C:/Users/SAM.KINUTHIA/.icode/sdk/IoT_LINK_1.0.0/iot_link/os/liteos\liteos_imp.c ****         return false;
 378              		.loc 1 134 0
 379 001a 0023     		movs	r3, #0
 380              	.L20:
 135:C:/Users/SAM.KINUTHIA/.icode/sdk/IoT_LINK_1.0.0/iot_link/os/liteos\liteos_imp.c ****     }
 136:C:/Users/SAM.KINUTHIA/.icode/sdk/IoT_LINK_1.0.0/iot_link/os/liteos\liteos_imp.c **** }
 381              		.loc 1 136 0
 382 001c 1846     		mov	r0, r3
 383 001e 0837     		adds	r7, r7, #8
 384              	.LCFI30:
 385              		.cfi_def_cfa_offset 8
 386 0020 BD46     		mov	sp, r7
 387              	.LCFI31:
 388              		.cfi_def_cfa_register 13
 389              		@ sp needed
 390 0022 80BD     		pop	{r7, pc}
ARM GAS  C:\Users\SAM~1.KIN\AppData\Local\Temp\ccT4NchL.s 			page 10


 391              		.cfi_endproc
 392              	.LFE293:
 394              		.section	.text.__mutex_del,"ax",%progbits
 395              		.align	1
 396              		.syntax unified
 397              		.thumb
 398              		.thumb_func
 399              		.fpu fpv4-sp-d16
 401              	__mutex_del:
 402              	.LFB294:
 137:C:/Users/SAM.KINUTHIA/.icode/sdk/IoT_LINK_1.0.0/iot_link/os/liteos\liteos_imp.c **** //delete the mutex
 138:C:/Users/SAM.KINUTHIA/.icode/sdk/IoT_LINK_1.0.0/iot_link/os/liteos\liteos_imp.c **** static bool_t  __mutex_del(osal_mutex_t mutex)
 139:C:/Users/SAM.KINUTHIA/.icode/sdk/IoT_LINK_1.0.0/iot_link/os/liteos\liteos_imp.c **** {
 403              		.loc 1 139 0
 404              		.cfi_startproc
 405              		@ args = 0, pretend = 0, frame = 8
 406              		@ frame_needed = 1, uses_anonymous_args = 0
 407 0000 80B5     		push	{r7, lr}
 408              	.LCFI32:
 409              		.cfi_def_cfa_offset 8
 410              		.cfi_offset 7, -8
 411              		.cfi_offset 14, -4
 412 0002 82B0     		sub	sp, sp, #8
 413              	.LCFI33:
 414              		.cfi_def_cfa_offset 16
 415 0004 00AF     		add	r7, sp, #0
 416              	.LCFI34:
 417              		.cfi_def_cfa_register 7
 418 0006 7860     		str	r0, [r7, #4]
 140:C:/Users/SAM.KINUTHIA/.icode/sdk/IoT_LINK_1.0.0/iot_link/os/liteos\liteos_imp.c ****     if(LOS_OK == LOS_MuxDelete((UINT32)mutex))
 419              		.loc 1 140 0
 420 0008 7B68     		ldr	r3, [r7, #4]
 421 000a 1846     		mov	r0, r3
 422 000c FFF7FEFF 		bl	LOS_MuxDelete
 423 0010 0346     		mov	r3, r0
 424 0012 002B     		cmp	r3, #0
 425 0014 01D1     		bne	.L22
 141:C:/Users/SAM.KINUTHIA/.icode/sdk/IoT_LINK_1.0.0/iot_link/os/liteos\liteos_imp.c ****     {
 142:C:/Users/SAM.KINUTHIA/.icode/sdk/IoT_LINK_1.0.0/iot_link/os/liteos\liteos_imp.c ****         return true;
 426              		.loc 1 142 0
 427 0016 0123     		movs	r3, #1
 428 0018 00E0     		b	.L23
 429              	.L22:
 143:C:/Users/SAM.KINUTHIA/.icode/sdk/IoT_LINK_1.0.0/iot_link/os/liteos\liteos_imp.c ****     }
 144:C:/Users/SAM.KINUTHIA/.icode/sdk/IoT_LINK_1.0.0/iot_link/os/liteos\liteos_imp.c ****     else
 145:C:/Users/SAM.KINUTHIA/.icode/sdk/IoT_LINK_1.0.0/iot_link/os/liteos\liteos_imp.c ****     {
 146:C:/Users/SAM.KINUTHIA/.icode/sdk/IoT_LINK_1.0.0/iot_link/os/liteos\liteos_imp.c ****         return false;
 430              		.loc 1 146 0
 431 001a 0023     		movs	r3, #0
 432              	.L23:
 147:C:/Users/SAM.KINUTHIA/.icode/sdk/IoT_LINK_1.0.0/iot_link/os/liteos\liteos_imp.c ****     }
 148:C:/Users/SAM.KINUTHIA/.icode/sdk/IoT_LINK_1.0.0/iot_link/os/liteos\liteos_imp.c **** }
 433              		.loc 1 148 0
 434 001c 1846     		mov	r0, r3
 435 001e 0837     		adds	r7, r7, #8
 436              	.LCFI35:
 437              		.cfi_def_cfa_offset 8
ARM GAS  C:\Users\SAM~1.KIN\AppData\Local\Temp\ccT4NchL.s 			page 11


 438 0020 BD46     		mov	sp, r7
 439              	.LCFI36:
 440              		.cfi_def_cfa_register 13
 441              		@ sp needed
 442 0022 80BD     		pop	{r7, pc}
 443              		.cfi_endproc
 444              	.LFE294:
 446              		.section	.text.__semp_create,"ax",%progbits
 447              		.align	1
 448              		.syntax unified
 449              		.thumb
 450              		.thumb_func
 451              		.fpu fpv4-sp-d16
 453              	__semp_create:
 454              	.LFB295:
 149:C:/Users/SAM.KINUTHIA/.icode/sdk/IoT_LINK_1.0.0/iot_link/os/liteos\liteos_imp.c **** 
 150:C:/Users/SAM.KINUTHIA/.icode/sdk/IoT_LINK_1.0.0/iot_link/os/liteos\liteos_imp.c **** 
 151:C:/Users/SAM.KINUTHIA/.icode/sdk/IoT_LINK_1.0.0/iot_link/os/liteos\liteos_imp.c **** ///< this is implement for the semp
 152:C:/Users/SAM.KINUTHIA/.icode/sdk/IoT_LINK_1.0.0/iot_link/os/liteos\liteos_imp.c **** #include <los_sem.h>
 153:C:/Users/SAM.KINUTHIA/.icode/sdk/IoT_LINK_1.0.0/iot_link/os/liteos\liteos_imp.c **** 
 154:C:/Users/SAM.KINUTHIA/.icode/sdk/IoT_LINK_1.0.0/iot_link/os/liteos\liteos_imp.c **** 
 155:C:/Users/SAM.KINUTHIA/.icode/sdk/IoT_LINK_1.0.0/iot_link/os/liteos\liteos_imp.c **** //semp of the os
 156:C:/Users/SAM.KINUTHIA/.icode/sdk/IoT_LINK_1.0.0/iot_link/os/liteos\liteos_imp.c **** static bool_t  __semp_create(osal_semp_t *semp,int limit,int initvalue)
 157:C:/Users/SAM.KINUTHIA/.icode/sdk/IoT_LINK_1.0.0/iot_link/os/liteos\liteos_imp.c **** {
 455              		.loc 1 157 0
 456              		.cfi_startproc
 457              		@ args = 0, pretend = 0, frame = 16
 458              		@ frame_needed = 1, uses_anonymous_args = 0
 459 0000 80B5     		push	{r7, lr}
 460              	.LCFI37:
 461              		.cfi_def_cfa_offset 8
 462              		.cfi_offset 7, -8
 463              		.cfi_offset 14, -4
 464 0002 84B0     		sub	sp, sp, #16
 465              	.LCFI38:
 466              		.cfi_def_cfa_offset 24
 467 0004 00AF     		add	r7, sp, #0
 468              	.LCFI39:
 469              		.cfi_def_cfa_register 7
 470 0006 F860     		str	r0, [r7, #12]
 471 0008 B960     		str	r1, [r7, #8]
 472 000a 7A60     		str	r2, [r7, #4]
 158:C:/Users/SAM.KINUTHIA/.icode/sdk/IoT_LINK_1.0.0/iot_link/os/liteos\liteos_imp.c ****     extern UINT32 osSemCreate (UINT16 usCount, UINT16 usMaxCount, UINT32 *puwSemHandle);
 159:C:/Users/SAM.KINUTHIA/.icode/sdk/IoT_LINK_1.0.0/iot_link/os/liteos\liteos_imp.c ****     if(LOS_OK == osSemCreate(initvalue,limit,(UINT32 *)semp))
 473              		.loc 1 159 0
 474 000c 7B68     		ldr	r3, [r7, #4]
 475 000e 9BB2     		uxth	r3, r3
 476 0010 BA68     		ldr	r2, [r7, #8]
 477 0012 91B2     		uxth	r1, r2
 478 0014 FA68     		ldr	r2, [r7, #12]
 479 0016 1846     		mov	r0, r3
 480 0018 FFF7FEFF 		bl	osSemCreate
 481 001c 0346     		mov	r3, r0
 482 001e 002B     		cmp	r3, #0
 483 0020 01D1     		bne	.L25
 160:C:/Users/SAM.KINUTHIA/.icode/sdk/IoT_LINK_1.0.0/iot_link/os/liteos\liteos_imp.c ****     {
 161:C:/Users/SAM.KINUTHIA/.icode/sdk/IoT_LINK_1.0.0/iot_link/os/liteos\liteos_imp.c ****         return true;
ARM GAS  C:\Users\SAM~1.KIN\AppData\Local\Temp\ccT4NchL.s 			page 12


 484              		.loc 1 161 0
 485 0022 0123     		movs	r3, #1
 486 0024 00E0     		b	.L26
 487              	.L25:
 162:C:/Users/SAM.KINUTHIA/.icode/sdk/IoT_LINK_1.0.0/iot_link/os/liteos\liteos_imp.c ****     }
 163:C:/Users/SAM.KINUTHIA/.icode/sdk/IoT_LINK_1.0.0/iot_link/os/liteos\liteos_imp.c ****     else
 164:C:/Users/SAM.KINUTHIA/.icode/sdk/IoT_LINK_1.0.0/iot_link/os/liteos\liteos_imp.c ****     {
 165:C:/Users/SAM.KINUTHIA/.icode/sdk/IoT_LINK_1.0.0/iot_link/os/liteos\liteos_imp.c ****         return false;
 488              		.loc 1 165 0
 489 0026 0023     		movs	r3, #0
 490              	.L26:
 166:C:/Users/SAM.KINUTHIA/.icode/sdk/IoT_LINK_1.0.0/iot_link/os/liteos\liteos_imp.c ****     }
 167:C:/Users/SAM.KINUTHIA/.icode/sdk/IoT_LINK_1.0.0/iot_link/os/liteos\liteos_imp.c **** }
 491              		.loc 1 167 0
 492 0028 1846     		mov	r0, r3
 493 002a 1037     		adds	r7, r7, #16
 494              	.LCFI40:
 495              		.cfi_def_cfa_offset 8
 496 002c BD46     		mov	sp, r7
 497              	.LCFI41:
 498              		.cfi_def_cfa_register 13
 499              		@ sp needed
 500 002e 80BD     		pop	{r7, pc}
 501              		.cfi_endproc
 502              	.LFE295:
 504              		.section	.text.__semp_pend,"ax",%progbits
 505              		.align	1
 506              		.syntax unified
 507              		.thumb
 508              		.thumb_func
 509              		.fpu fpv4-sp-d16
 511              	__semp_pend:
 512              	.LFB296:
 168:C:/Users/SAM.KINUTHIA/.icode/sdk/IoT_LINK_1.0.0/iot_link/os/liteos\liteos_imp.c **** static bool_t  __semp_pend(osal_semp_t semp,int timeout)
 169:C:/Users/SAM.KINUTHIA/.icode/sdk/IoT_LINK_1.0.0/iot_link/os/liteos\liteos_imp.c **** {
 513              		.loc 1 169 0
 514              		.cfi_startproc
 515              		@ args = 0, pretend = 0, frame = 8
 516              		@ frame_needed = 1, uses_anonymous_args = 0
 517 0000 80B5     		push	{r7, lr}
 518              	.LCFI42:
 519              		.cfi_def_cfa_offset 8
 520              		.cfi_offset 7, -8
 521              		.cfi_offset 14, -4
 522 0002 82B0     		sub	sp, sp, #8
 523              	.LCFI43:
 524              		.cfi_def_cfa_offset 16
 525 0004 00AF     		add	r7, sp, #0
 526              	.LCFI44:
 527              		.cfi_def_cfa_register 7
 528 0006 7860     		str	r0, [r7, #4]
 529 0008 3960     		str	r1, [r7]
 170:C:/Users/SAM.KINUTHIA/.icode/sdk/IoT_LINK_1.0.0/iot_link/os/liteos\liteos_imp.c ****     if(timeout == cn_osal_timeout_forever)
 530              		.loc 1 170 0
 531 000a 3B68     		ldr	r3, [r7]
 532 000c B3F1FF3F 		cmp	r3, #-1
 533 0010 02D1     		bne	.L28
ARM GAS  C:\Users\SAM~1.KIN\AppData\Local\Temp\ccT4NchL.s 			page 13


 171:C:/Users/SAM.KINUTHIA/.icode/sdk/IoT_LINK_1.0.0/iot_link/os/liteos\liteos_imp.c ****     {
 172:C:/Users/SAM.KINUTHIA/.icode/sdk/IoT_LINK_1.0.0/iot_link/os/liteos\liteos_imp.c ****         timeout = LOS_WAIT_FOREVER;
 534              		.loc 1 172 0
 535 0012 4FF0FF33 		mov	r3, #-1
 536 0016 3B60     		str	r3, [r7]
 537              	.L28:
 173:C:/Users/SAM.KINUTHIA/.icode/sdk/IoT_LINK_1.0.0/iot_link/os/liteos\liteos_imp.c ****     }
 174:C:/Users/SAM.KINUTHIA/.icode/sdk/IoT_LINK_1.0.0/iot_link/os/liteos\liteos_imp.c **** 
 175:C:/Users/SAM.KINUTHIA/.icode/sdk/IoT_LINK_1.0.0/iot_link/os/liteos\liteos_imp.c ****     if(LOS_OK == LOS_SemPend((UINT32)semp,(UINT32)timeout))
 538              		.loc 1 175 0
 539 0018 7B68     		ldr	r3, [r7, #4]
 540 001a 3A68     		ldr	r2, [r7]
 541 001c 1146     		mov	r1, r2
 542 001e 1846     		mov	r0, r3
 543 0020 FFF7FEFF 		bl	LOS_SemPend
 544 0024 0346     		mov	r3, r0
 545 0026 002B     		cmp	r3, #0
 546 0028 01D1     		bne	.L29
 176:C:/Users/SAM.KINUTHIA/.icode/sdk/IoT_LINK_1.0.0/iot_link/os/liteos\liteos_imp.c ****     {
 177:C:/Users/SAM.KINUTHIA/.icode/sdk/IoT_LINK_1.0.0/iot_link/os/liteos\liteos_imp.c ****         return true;
 547              		.loc 1 177 0
 548 002a 0123     		movs	r3, #1
 549 002c 00E0     		b	.L30
 550              	.L29:
 178:C:/Users/SAM.KINUTHIA/.icode/sdk/IoT_LINK_1.0.0/iot_link/os/liteos\liteos_imp.c ****     }
 179:C:/Users/SAM.KINUTHIA/.icode/sdk/IoT_LINK_1.0.0/iot_link/os/liteos\liteos_imp.c ****     else
 180:C:/Users/SAM.KINUTHIA/.icode/sdk/IoT_LINK_1.0.0/iot_link/os/liteos\liteos_imp.c ****     {
 181:C:/Users/SAM.KINUTHIA/.icode/sdk/IoT_LINK_1.0.0/iot_link/os/liteos\liteos_imp.c ****         return false;
 551              		.loc 1 181 0
 552 002e 0023     		movs	r3, #0
 553              	.L30:
 182:C:/Users/SAM.KINUTHIA/.icode/sdk/IoT_LINK_1.0.0/iot_link/os/liteos\liteos_imp.c ****     }
 183:C:/Users/SAM.KINUTHIA/.icode/sdk/IoT_LINK_1.0.0/iot_link/os/liteos\liteos_imp.c **** }
 554              		.loc 1 183 0
 555 0030 1846     		mov	r0, r3
 556 0032 0837     		adds	r7, r7, #8
 557              	.LCFI45:
 558              		.cfi_def_cfa_offset 8
 559 0034 BD46     		mov	sp, r7
 560              	.LCFI46:
 561              		.cfi_def_cfa_register 13
 562              		@ sp needed
 563 0036 80BD     		pop	{r7, pc}
 564              		.cfi_endproc
 565              	.LFE296:
 567              		.section	.text.__semp_post,"ax",%progbits
 568              		.align	1
 569              		.syntax unified
 570              		.thumb
 571              		.thumb_func
 572              		.fpu fpv4-sp-d16
 574              	__semp_post:
 575              	.LFB297:
 184:C:/Users/SAM.KINUTHIA/.icode/sdk/IoT_LINK_1.0.0/iot_link/os/liteos\liteos_imp.c **** static bool_t  __semp_post(osal_semp_t semp)
 185:C:/Users/SAM.KINUTHIA/.icode/sdk/IoT_LINK_1.0.0/iot_link/os/liteos\liteos_imp.c **** {
 576              		.loc 1 185 0
 577              		.cfi_startproc
ARM GAS  C:\Users\SAM~1.KIN\AppData\Local\Temp\ccT4NchL.s 			page 14


 578              		@ args = 0, pretend = 0, frame = 8
 579              		@ frame_needed = 1, uses_anonymous_args = 0
 580 0000 80B5     		push	{r7, lr}
 581              	.LCFI47:
 582              		.cfi_def_cfa_offset 8
 583              		.cfi_offset 7, -8
 584              		.cfi_offset 14, -4
 585 0002 82B0     		sub	sp, sp, #8
 586              	.LCFI48:
 587              		.cfi_def_cfa_offset 16
 588 0004 00AF     		add	r7, sp, #0
 589              	.LCFI49:
 590              		.cfi_def_cfa_register 7
 591 0006 7860     		str	r0, [r7, #4]
 186:C:/Users/SAM.KINUTHIA/.icode/sdk/IoT_LINK_1.0.0/iot_link/os/liteos\liteos_imp.c ****     if(LOS_OK == LOS_SemPost((UINT32)semp))
 592              		.loc 1 186 0
 593 0008 7B68     		ldr	r3, [r7, #4]
 594 000a 1846     		mov	r0, r3
 595 000c FFF7FEFF 		bl	LOS_SemPost
 596 0010 0346     		mov	r3, r0
 597 0012 002B     		cmp	r3, #0
 598 0014 01D1     		bne	.L32
 187:C:/Users/SAM.KINUTHIA/.icode/sdk/IoT_LINK_1.0.0/iot_link/os/liteos\liteos_imp.c ****     {
 188:C:/Users/SAM.KINUTHIA/.icode/sdk/IoT_LINK_1.0.0/iot_link/os/liteos\liteos_imp.c ****         return true;
 599              		.loc 1 188 0
 600 0016 0123     		movs	r3, #1
 601 0018 00E0     		b	.L33
 602              	.L32:
 189:C:/Users/SAM.KINUTHIA/.icode/sdk/IoT_LINK_1.0.0/iot_link/os/liteos\liteos_imp.c ****     }
 190:C:/Users/SAM.KINUTHIA/.icode/sdk/IoT_LINK_1.0.0/iot_link/os/liteos\liteos_imp.c ****     else
 191:C:/Users/SAM.KINUTHIA/.icode/sdk/IoT_LINK_1.0.0/iot_link/os/liteos\liteos_imp.c ****     {
 192:C:/Users/SAM.KINUTHIA/.icode/sdk/IoT_LINK_1.0.0/iot_link/os/liteos\liteos_imp.c ****         return false;
 603              		.loc 1 192 0
 604 001a 0023     		movs	r3, #0
 605              	.L33:
 193:C:/Users/SAM.KINUTHIA/.icode/sdk/IoT_LINK_1.0.0/iot_link/os/liteos\liteos_imp.c ****     }
 194:C:/Users/SAM.KINUTHIA/.icode/sdk/IoT_LINK_1.0.0/iot_link/os/liteos\liteos_imp.c **** }
 606              		.loc 1 194 0
 607 001c 1846     		mov	r0, r3
 608 001e 0837     		adds	r7, r7, #8
 609              	.LCFI50:
 610              		.cfi_def_cfa_offset 8
 611 0020 BD46     		mov	sp, r7
 612              	.LCFI51:
 613              		.cfi_def_cfa_register 13
 614              		@ sp needed
 615 0022 80BD     		pop	{r7, pc}
 616              		.cfi_endproc
 617              	.LFE297:
 619              		.section	.text.__semp_del,"ax",%progbits
 620              		.align	1
 621              		.syntax unified
 622              		.thumb
 623              		.thumb_func
 624              		.fpu fpv4-sp-d16
 626              	__semp_del:
 627              	.LFB298:
ARM GAS  C:\Users\SAM~1.KIN\AppData\Local\Temp\ccT4NchL.s 			page 15


 195:C:/Users/SAM.KINUTHIA/.icode/sdk/IoT_LINK_1.0.0/iot_link/os/liteos\liteos_imp.c **** 
 196:C:/Users/SAM.KINUTHIA/.icode/sdk/IoT_LINK_1.0.0/iot_link/os/liteos\liteos_imp.c **** static bool_t  __semp_del(osal_semp_t semp)
 197:C:/Users/SAM.KINUTHIA/.icode/sdk/IoT_LINK_1.0.0/iot_link/os/liteos\liteos_imp.c **** {
 628              		.loc 1 197 0
 629              		.cfi_startproc
 630              		@ args = 0, pretend = 0, frame = 8
 631              		@ frame_needed = 1, uses_anonymous_args = 0
 632 0000 80B5     		push	{r7, lr}
 633              	.LCFI52:
 634              		.cfi_def_cfa_offset 8
 635              		.cfi_offset 7, -8
 636              		.cfi_offset 14, -4
 637 0002 82B0     		sub	sp, sp, #8
 638              	.LCFI53:
 639              		.cfi_def_cfa_offset 16
 640 0004 00AF     		add	r7, sp, #0
 641              	.LCFI54:
 642              		.cfi_def_cfa_register 7
 643 0006 7860     		str	r0, [r7, #4]
 198:C:/Users/SAM.KINUTHIA/.icode/sdk/IoT_LINK_1.0.0/iot_link/os/liteos\liteos_imp.c ****     if(LOS_OK == LOS_SemDelete((UINT32)semp))
 644              		.loc 1 198 0
 645 0008 7B68     		ldr	r3, [r7, #4]
 646 000a 1846     		mov	r0, r3
 647 000c FFF7FEFF 		bl	LOS_SemDelete
 648 0010 0346     		mov	r3, r0
 649 0012 002B     		cmp	r3, #0
 650 0014 01D1     		bne	.L35
 199:C:/Users/SAM.KINUTHIA/.icode/sdk/IoT_LINK_1.0.0/iot_link/os/liteos\liteos_imp.c ****     {
 200:C:/Users/SAM.KINUTHIA/.icode/sdk/IoT_LINK_1.0.0/iot_link/os/liteos\liteos_imp.c ****         return true;
 651              		.loc 1 200 0
 652 0016 0123     		movs	r3, #1
 653 0018 00E0     		b	.L36
 654              	.L35:
 201:C:/Users/SAM.KINUTHIA/.icode/sdk/IoT_LINK_1.0.0/iot_link/os/liteos\liteos_imp.c ****     }
 202:C:/Users/SAM.KINUTHIA/.icode/sdk/IoT_LINK_1.0.0/iot_link/os/liteos\liteos_imp.c ****     else
 203:C:/Users/SAM.KINUTHIA/.icode/sdk/IoT_LINK_1.0.0/iot_link/os/liteos\liteos_imp.c ****     {
 204:C:/Users/SAM.KINUTHIA/.icode/sdk/IoT_LINK_1.0.0/iot_link/os/liteos\liteos_imp.c ****         return false;
 655              		.loc 1 204 0
 656 001a 0023     		movs	r3, #0
 657              	.L36:
 205:C:/Users/SAM.KINUTHIA/.icode/sdk/IoT_LINK_1.0.0/iot_link/os/liteos\liteos_imp.c ****     }
 206:C:/Users/SAM.KINUTHIA/.icode/sdk/IoT_LINK_1.0.0/iot_link/os/liteos\liteos_imp.c **** }
 658              		.loc 1 206 0
 659 001c 1846     		mov	r0, r3
 660 001e 0837     		adds	r7, r7, #8
 661              	.LCFI55:
 662              		.cfi_def_cfa_offset 8
 663 0020 BD46     		mov	sp, r7
 664              	.LCFI56:
 665              		.cfi_def_cfa_register 13
 666              		@ sp needed
 667 0022 80BD     		pop	{r7, pc}
 668              		.cfi_endproc
 669              	.LFE298:
 671              		.section	.text.__mem_malloc,"ax",%progbits
 672              		.align	1
 673              		.syntax unified
ARM GAS  C:\Users\SAM~1.KIN\AppData\Local\Temp\ccT4NchL.s 			page 16


 674              		.thumb
 675              		.thumb_func
 676              		.fpu fpv4-sp-d16
 678              	__mem_malloc:
 679              	.LFB299:
 207:C:/Users/SAM.KINUTHIA/.icode/sdk/IoT_LINK_1.0.0/iot_link/os/liteos\liteos_imp.c **** 
 208:C:/Users/SAM.KINUTHIA/.icode/sdk/IoT_LINK_1.0.0/iot_link/os/liteos\liteos_imp.c **** 
 209:C:/Users/SAM.KINUTHIA/.icode/sdk/IoT_LINK_1.0.0/iot_link/os/liteos\liteos_imp.c **** ///< this implement for the memory management
 210:C:/Users/SAM.KINUTHIA/.icode/sdk/IoT_LINK_1.0.0/iot_link/os/liteos\liteos_imp.c **** #include <los_memory.h>
 211:C:/Users/SAM.KINUTHIA/.icode/sdk/IoT_LINK_1.0.0/iot_link/os/liteos\liteos_imp.c **** 
 212:C:/Users/SAM.KINUTHIA/.icode/sdk/IoT_LINK_1.0.0/iot_link/os/liteos\liteos_imp.c **** 
 213:C:/Users/SAM.KINUTHIA/.icode/sdk/IoT_LINK_1.0.0/iot_link/os/liteos\liteos_imp.c **** static void *__mem_malloc(int size)
 214:C:/Users/SAM.KINUTHIA/.icode/sdk/IoT_LINK_1.0.0/iot_link/os/liteos\liteos_imp.c **** {
 680              		.loc 1 214 0
 681              		.cfi_startproc
 682              		@ args = 0, pretend = 0, frame = 16
 683              		@ frame_needed = 1, uses_anonymous_args = 0
 684 0000 80B5     		push	{r7, lr}
 685              	.LCFI57:
 686              		.cfi_def_cfa_offset 8
 687              		.cfi_offset 7, -8
 688              		.cfi_offset 14, -4
 689 0002 84B0     		sub	sp, sp, #16
 690              	.LCFI58:
 691              		.cfi_def_cfa_offset 24
 692 0004 00AF     		add	r7, sp, #0
 693              	.LCFI59:
 694              		.cfi_def_cfa_register 7
 695 0006 7860     		str	r0, [r7, #4]
 215:C:/Users/SAM.KINUTHIA/.icode/sdk/IoT_LINK_1.0.0/iot_link/os/liteos\liteos_imp.c ****     void *ret = NULL;
 696              		.loc 1 215 0
 697 0008 0023     		movs	r3, #0
 698 000a FB60     		str	r3, [r7, #12]
 216:C:/Users/SAM.KINUTHIA/.icode/sdk/IoT_LINK_1.0.0/iot_link/os/liteos\liteos_imp.c **** 
 217:C:/Users/SAM.KINUTHIA/.icode/sdk/IoT_LINK_1.0.0/iot_link/os/liteos\liteos_imp.c ****     if(size > 0)
 699              		.loc 1 217 0
 700 000c 7B68     		ldr	r3, [r7, #4]
 701 000e 002B     		cmp	r3, #0
 702 0010 0DDD     		ble	.L38
 218:C:/Users/SAM.KINUTHIA/.icode/sdk/IoT_LINK_1.0.0/iot_link/os/liteos\liteos_imp.c ****     {
 219:C:/Users/SAM.KINUTHIA/.icode/sdk/IoT_LINK_1.0.0/iot_link/os/liteos\liteos_imp.c ****         ret = LOS_MemAlloc(m_aucSysMem0,size);
 703              		.loc 1 219 0
 704 0012 094B     		ldr	r3, .L40
 705 0014 1B68     		ldr	r3, [r3]
 706 0016 7A68     		ldr	r2, [r7, #4]
 707 0018 1146     		mov	r1, r2
 708 001a 1846     		mov	r0, r3
 709 001c FFF7FEFF 		bl	LOS_MemAlloc
 710 0020 F860     		str	r0, [r7, #12]
 220:C:/Users/SAM.KINUTHIA/.icode/sdk/IoT_LINK_1.0.0/iot_link/os/liteos\liteos_imp.c ****         memset(ret, 0, size);
 711              		.loc 1 220 0
 712 0022 7B68     		ldr	r3, [r7, #4]
 713 0024 1A46     		mov	r2, r3
 714 0026 0021     		movs	r1, #0
 715 0028 F868     		ldr	r0, [r7, #12]
 716 002a FFF7FEFF 		bl	memset
 717              	.L38:
ARM GAS  C:\Users\SAM~1.KIN\AppData\Local\Temp\ccT4NchL.s 			page 17


 221:C:/Users/SAM.KINUTHIA/.icode/sdk/IoT_LINK_1.0.0/iot_link/os/liteos\liteos_imp.c ****     }
 222:C:/Users/SAM.KINUTHIA/.icode/sdk/IoT_LINK_1.0.0/iot_link/os/liteos\liteos_imp.c **** 
 223:C:/Users/SAM.KINUTHIA/.icode/sdk/IoT_LINK_1.0.0/iot_link/os/liteos\liteos_imp.c ****     return ret;
 718              		.loc 1 223 0
 719 002e FB68     		ldr	r3, [r7, #12]
 224:C:/Users/SAM.KINUTHIA/.icode/sdk/IoT_LINK_1.0.0/iot_link/os/liteos\liteos_imp.c **** }
 720              		.loc 1 224 0
 721 0030 1846     		mov	r0, r3
 722 0032 1037     		adds	r7, r7, #16
 723              	.LCFI60:
 724              		.cfi_def_cfa_offset 8
 725 0034 BD46     		mov	sp, r7
 726              	.LCFI61:
 727              		.cfi_def_cfa_register 13
 728              		@ sp needed
 729 0036 80BD     		pop	{r7, pc}
 730              	.L41:
 731              		.align	2
 732              	.L40:
 733 0038 00000000 		.word	m_aucSysMem0
 734              		.cfi_endproc
 735              	.LFE299:
 737              		.section	.text.__mem_free,"ax",%progbits
 738              		.align	1
 739              		.syntax unified
 740              		.thumb
 741              		.thumb_func
 742              		.fpu fpv4-sp-d16
 744              	__mem_free:
 745              	.LFB300:
 225:C:/Users/SAM.KINUTHIA/.icode/sdk/IoT_LINK_1.0.0/iot_link/os/liteos\liteos_imp.c **** 
 226:C:/Users/SAM.KINUTHIA/.icode/sdk/IoT_LINK_1.0.0/iot_link/os/liteos\liteos_imp.c **** static void __mem_free(void *addr)
 227:C:/Users/SAM.KINUTHIA/.icode/sdk/IoT_LINK_1.0.0/iot_link/os/liteos\liteos_imp.c **** {
 746              		.loc 1 227 0
 747              		.cfi_startproc
 748              		@ args = 0, pretend = 0, frame = 8
 749              		@ frame_needed = 1, uses_anonymous_args = 0
 750 0000 80B5     		push	{r7, lr}
 751              	.LCFI62:
 752              		.cfi_def_cfa_offset 8
 753              		.cfi_offset 7, -8
 754              		.cfi_offset 14, -4
 755 0002 82B0     		sub	sp, sp, #8
 756              	.LCFI63:
 757              		.cfi_def_cfa_offset 16
 758 0004 00AF     		add	r7, sp, #0
 759              	.LCFI64:
 760              		.cfi_def_cfa_register 7
 761 0006 7860     		str	r0, [r7, #4]
 228:C:/Users/SAM.KINUTHIA/.icode/sdk/IoT_LINK_1.0.0/iot_link/os/liteos\liteos_imp.c ****     LOS_MemFree(m_aucSysMem0,addr);
 762              		.loc 1 228 0
 763 0008 044B     		ldr	r3, .L43
 764 000a 1B68     		ldr	r3, [r3]
 765 000c 7968     		ldr	r1, [r7, #4]
 766 000e 1846     		mov	r0, r3
 767 0010 FFF7FEFF 		bl	LOS_MemFree
 229:C:/Users/SAM.KINUTHIA/.icode/sdk/IoT_LINK_1.0.0/iot_link/os/liteos\liteos_imp.c **** }
ARM GAS  C:\Users\SAM~1.KIN\AppData\Local\Temp\ccT4NchL.s 			page 18


 768              		.loc 1 229 0
 769 0014 00BF     		nop
 770 0016 0837     		adds	r7, r7, #8
 771              	.LCFI65:
 772              		.cfi_def_cfa_offset 8
 773 0018 BD46     		mov	sp, r7
 774              	.LCFI66:
 775              		.cfi_def_cfa_register 13
 776              		@ sp needed
 777 001a 80BD     		pop	{r7, pc}
 778              	.L44:
 779              		.align	2
 780              	.L43:
 781 001c 00000000 		.word	m_aucSysMem0
 782              		.cfi_endproc
 783              	.LFE300:
 785              		.section	.text.__get_sys_time,"ax",%progbits
 786              		.align	1
 787              		.syntax unified
 788              		.thumb
 789              		.thumb_func
 790              		.fpu fpv4-sp-d16
 792              	__get_sys_time:
 793              	.LFB303:
 230:C:/Users/SAM.KINUTHIA/.icode/sdk/IoT_LINK_1.0.0/iot_link/os/liteos\liteos_imp.c **** 
 231:C:/Users/SAM.KINUTHIA/.icode/sdk/IoT_LINK_1.0.0/iot_link/os/liteos\liteos_imp.c **** ///< sys time
 232:C:/Users/SAM.KINUTHIA/.icode/sdk/IoT_LINK_1.0.0/iot_link/os/liteos\liteos_imp.c **** #include <los_sys.ph>
 233:C:/Users/SAM.KINUTHIA/.icode/sdk/IoT_LINK_1.0.0/iot_link/os/liteos\liteos_imp.c **** 
 234:C:/Users/SAM.KINUTHIA/.icode/sdk/IoT_LINK_1.0.0/iot_link/os/liteos\liteos_imp.c **** extern UINT64 osKernelGetTickCount (void);
 235:C:/Users/SAM.KINUTHIA/.icode/sdk/IoT_LINK_1.0.0/iot_link/os/liteos\liteos_imp.c **** static unsigned long long __get_sys_time()
 236:C:/Users/SAM.KINUTHIA/.icode/sdk/IoT_LINK_1.0.0/iot_link/os/liteos\liteos_imp.c **** {
 794              		.loc 1 236 0
 795              		.cfi_startproc
 796              		@ args = 0, pretend = 0, frame = 0
 797              		@ frame_needed = 1, uses_anonymous_args = 0
 798 0000 98B5     		push	{r3, r4, r7, lr}
 799              	.LCFI67:
 800              		.cfi_def_cfa_offset 16
 801              		.cfi_offset 3, -16
 802              		.cfi_offset 4, -12
 803              		.cfi_offset 7, -8
 804              		.cfi_offset 14, -4
 805 0002 00AF     		add	r7, sp, #0
 806              	.LCFI68:
 807              		.cfi_def_cfa_register 7
 237:C:/Users/SAM.KINUTHIA/.icode/sdk/IoT_LINK_1.0.0/iot_link/os/liteos\liteos_imp.c ****     return osKernelGetTickCount() * (OS_SYS_MS_PER_SECOND / LOSCFG_BASE_CORE_TICK_PER_SECOND);
 808              		.loc 1 237 0
 809 0004 FFF7FEFF 		bl	osKernelGetTickCount
 810 0008 0346     		mov	r3, r0
 811 000a 0C46     		mov	r4, r1
 238:C:/Users/SAM.KINUTHIA/.icode/sdk/IoT_LINK_1.0.0/iot_link/os/liteos\liteos_imp.c **** }
 812              		.loc 1 238 0
 813 000c 1846     		mov	r0, r3
 814 000e 2146     		mov	r1, r4
 815 0010 98BD     		pop	{r3, r4, r7, pc}
 816              		.cfi_endproc
 817              	.LFE303:
ARM GAS  C:\Users\SAM~1.KIN\AppData\Local\Temp\ccT4NchL.s 			page 19


 819              		.section	.text.liteos_reboot,"ax",%progbits
 820              		.align	1
 821              		.weak	liteos_reboot
 822              		.syntax unified
 823              		.thumb
 824              		.thumb_func
 825              		.fpu fpv4-sp-d16
 827              	liteos_reboot:
 828              	.LFB304:
 239:C:/Users/SAM.KINUTHIA/.icode/sdk/IoT_LINK_1.0.0/iot_link/os/liteos\liteos_imp.c **** 
 240:C:/Users/SAM.KINUTHIA/.icode/sdk/IoT_LINK_1.0.0/iot_link/os/liteos\liteos_imp.c **** __attribute__((weak)) int liteos_reboot()
 241:C:/Users/SAM.KINUTHIA/.icode/sdk/IoT_LINK_1.0.0/iot_link/os/liteos\liteos_imp.c **** {
 829              		.loc 1 241 0
 830              		.cfi_startproc
 831              		@ args = 0, pretend = 0, frame = 0
 832              		@ frame_needed = 1, uses_anonymous_args = 0
 833              		@ link register save eliminated.
 834 0000 80B4     		push	{r7}
 835              	.LCFI69:
 836              		.cfi_def_cfa_offset 4
 837              		.cfi_offset 7, -4
 838 0002 00AF     		add	r7, sp, #0
 839              	.LCFI70:
 840              		.cfi_def_cfa_register 7
 841              	.L48:
 242:C:/Users/SAM.KINUTHIA/.icode/sdk/IoT_LINK_1.0.0/iot_link/os/liteos\liteos_imp.c ****     while(1);   ///< waiting for the dog if not impelment. you could implement it your self
 842              		.loc 1 242 0 discriminator 1
 843 0004 FEE7     		b	.L48
 844              		.cfi_endproc
 845              	.LFE304:
 847              		.section	.text.__int_connect,"ax",%progbits
 848              		.align	1
 849              		.syntax unified
 850              		.thumb
 851              		.thumb_func
 852              		.fpu fpv4-sp-d16
 854              	__int_connect:
 855              	.LFB305:
 243:C:/Users/SAM.KINUTHIA/.icode/sdk/IoT_LINK_1.0.0/iot_link/os/liteos\liteos_imp.c ****     return 0;
 244:C:/Users/SAM.KINUTHIA/.icode/sdk/IoT_LINK_1.0.0/iot_link/os/liteos\liteos_imp.c **** }
 245:C:/Users/SAM.KINUTHIA/.icode/sdk/IoT_LINK_1.0.0/iot_link/os/liteos\liteos_imp.c **** 
 246:C:/Users/SAM.KINUTHIA/.icode/sdk/IoT_LINK_1.0.0/iot_link/os/liteos\liteos_imp.c **** 
 247:C:/Users/SAM.KINUTHIA/.icode/sdk/IoT_LINK_1.0.0/iot_link/os/liteos\liteos_imp.c **** //interrupt
 248:C:/Users/SAM.KINUTHIA/.icode/sdk/IoT_LINK_1.0.0/iot_link/os/liteos\liteos_imp.c **** #include <los_hwi.h>
 249:C:/Users/SAM.KINUTHIA/.icode/sdk/IoT_LINK_1.0.0/iot_link/os/liteos\liteos_imp.c **** static int __int_connect(int intnum, int prio, int mode, fn_interrupt_handle callback, void* arg)
 250:C:/Users/SAM.KINUTHIA/.icode/sdk/IoT_LINK_1.0.0/iot_link/os/liteos\liteos_imp.c **** {
 856              		.loc 1 250 0
 857              		.cfi_startproc
 858              		@ args = 4, pretend = 0, frame = 16
 859              		@ frame_needed = 1, uses_anonymous_args = 0
 860 0000 80B5     		push	{r7, lr}
 861              	.LCFI71:
 862              		.cfi_def_cfa_offset 8
 863              		.cfi_offset 7, -8
 864              		.cfi_offset 14, -4
 865 0002 86B0     		sub	sp, sp, #24
 866              	.LCFI72:
ARM GAS  C:\Users\SAM~1.KIN\AppData\Local\Temp\ccT4NchL.s 			page 20


 867              		.cfi_def_cfa_offset 32
 868 0004 02AF     		add	r7, sp, #8
 869              	.LCFI73:
 870              		.cfi_def_cfa 7, 24
 871 0006 F860     		str	r0, [r7, #12]
 872 0008 B960     		str	r1, [r7, #8]
 873 000a 7A60     		str	r2, [r7, #4]
 874 000c 3B60     		str	r3, [r7]
 251:C:/Users/SAM.KINUTHIA/.icode/sdk/IoT_LINK_1.0.0/iot_link/os/liteos\liteos_imp.c **** 	extern UINT32 LOS_HwiCreate(HWI_HANDLE_T  uwHwiNum, \
 252:C:/Users/SAM.KINUTHIA/.icode/sdk/IoT_LINK_1.0.0/iot_link/os/liteos\liteos_imp.c **** 	                            HWI_PRIOR_T   usHwiPrio, \
 253:C:/Users/SAM.KINUTHIA/.icode/sdk/IoT_LINK_1.0.0/iot_link/os/liteos\liteos_imp.c **** 	                            HWI_MODE_T    usMode, \
 254:C:/Users/SAM.KINUTHIA/.icode/sdk/IoT_LINK_1.0.0/iot_link/os/liteos\liteos_imp.c **** 	                            HWI_PROC_FUNC pfnHandler, \
 255:C:/Users/SAM.KINUTHIA/.icode/sdk/IoT_LINK_1.0.0/iot_link/os/liteos\liteos_imp.c **** 	                            HWI_ARG_T     uwArg \
 256:C:/Users/SAM.KINUTHIA/.icode/sdk/IoT_LINK_1.0.0/iot_link/os/liteos\liteos_imp.c **** 	                            );
 257:C:/Users/SAM.KINUTHIA/.icode/sdk/IoT_LINK_1.0.0/iot_link/os/liteos\liteos_imp.c **** 	return LOS_HwiCreate((HWI_HANDLE_T)intnum, (HWI_PRIOR_T)prio,(HWI_MODE_T) mode, (HWI_PROC_FUNC)cal
 875              		.loc 1 257 0
 876 000e F868     		ldr	r0, [r7, #12]
 877 0010 BB68     		ldr	r3, [r7, #8]
 878 0012 99B2     		uxth	r1, r3
 879 0014 7B68     		ldr	r3, [r7, #4]
 880 0016 9AB2     		uxth	r2, r3
 881 0018 BB69     		ldr	r3, [r7, #24]
 882 001a 0093     		str	r3, [sp]
 883 001c 3B68     		ldr	r3, [r7]
 884 001e FFF7FEFF 		bl	LOS_HwiCreate
 885 0022 0346     		mov	r3, r0
 258:C:/Users/SAM.KINUTHIA/.icode/sdk/IoT_LINK_1.0.0/iot_link/os/liteos\liteos_imp.c **** }
 886              		.loc 1 258 0
 887 0024 1846     		mov	r0, r3
 888 0026 1037     		adds	r7, r7, #16
 889              	.LCFI74:
 890              		.cfi_def_cfa_offset 8
 891 0028 BD46     		mov	sp, r7
 892              	.LCFI75:
 893              		.cfi_def_cfa_register 13
 894              		@ sp needed
 895 002a 80BD     		pop	{r7, pc}
 896              		.cfi_endproc
 897              	.LFE305:
 899              		.section	.rodata.s_liteos_ops,"a",%progbits
 900              		.align	2
 903              	s_liteos_ops:
 904 0000 00000000 		.word	__task_create
 905 0004 00000000 		.word	__task_kill
 906 0008 00000000 		.word	__task_exit
 907 000c 00000000 		.word	__task_sleep
 908 0010 00000000 		.word	__mutex_create
 909 0014 00000000 		.word	__mutex_lock
 910 0018 00000000 		.word	__mutex_unlock
 911 001c 00000000 		.word	__mutex_del
 912 0020 00000000 		.word	__semp_create
 913 0024 00000000 		.word	__semp_pend
 914 0028 00000000 		.word	__semp_post
 915 002c 00000000 		.word	__semp_del
 916 0030 00000000 		.space	16
 916      00000000 
 916      00000000 
ARM GAS  C:\Users\SAM~1.KIN\AppData\Local\Temp\ccT4NchL.s 			page 21


 916      00000000 
 917 0040 00000000 		.word	__mem_malloc
 918 0044 00000000 		.word	__mem_free
 919 0048 00000000 		.space	4
 920 004c 00000000 		.word	__get_sys_time
 921 0050 00000000 		.word	liteos_reboot
 922 0054 00000000 		.word	__int_connect
 923              		.section	.rodata
 924              		.align	2
 925              	.LC0:
 926 0000 4C697465 		.ascii	"LiteOS\000"
 926      4F5300
 927              		.section	.rodata.s_link_liteos,"a",%progbits
 928              		.align	2
 931              	s_link_liteos:
 932 0000 00000000 		.word	.LC0
 933 0004 00000000 		.word	s_liteos_ops
 934              		.section	.text.os_imp_init,"ax",%progbits
 935              		.align	1
 936              		.global	os_imp_init
 937              		.syntax unified
 938              		.thumb
 939              		.thumb_func
 940              		.fpu fpv4-sp-d16
 942              	os_imp_init:
 943              	.LFB306:
 259:C:/Users/SAM.KINUTHIA/.icode/sdk/IoT_LINK_1.0.0/iot_link/os/liteos\liteos_imp.c **** 
 260:C:/Users/SAM.KINUTHIA/.icode/sdk/IoT_LINK_1.0.0/iot_link/os/liteos\liteos_imp.c **** static const tag_os_ops s_liteos_ops =
 261:C:/Users/SAM.KINUTHIA/.icode/sdk/IoT_LINK_1.0.0/iot_link/os/liteos\liteos_imp.c **** {
 262:C:/Users/SAM.KINUTHIA/.icode/sdk/IoT_LINK_1.0.0/iot_link/os/liteos\liteos_imp.c ****     .task_sleep = __task_sleep,
 263:C:/Users/SAM.KINUTHIA/.icode/sdk/IoT_LINK_1.0.0/iot_link/os/liteos\liteos_imp.c ****     .task_create = __task_create,
 264:C:/Users/SAM.KINUTHIA/.icode/sdk/IoT_LINK_1.0.0/iot_link/os/liteos\liteos_imp.c ****     .task_kill = __task_kill,
 265:C:/Users/SAM.KINUTHIA/.icode/sdk/IoT_LINK_1.0.0/iot_link/os/liteos\liteos_imp.c ****     .task_exit = __task_exit,
 266:C:/Users/SAM.KINUTHIA/.icode/sdk/IoT_LINK_1.0.0/iot_link/os/liteos\liteos_imp.c **** 
 267:C:/Users/SAM.KINUTHIA/.icode/sdk/IoT_LINK_1.0.0/iot_link/os/liteos\liteos_imp.c ****     .mutex_create = __mutex_create,
 268:C:/Users/SAM.KINUTHIA/.icode/sdk/IoT_LINK_1.0.0/iot_link/os/liteos\liteos_imp.c ****     .mutex_lock = __mutex_lock,
 269:C:/Users/SAM.KINUTHIA/.icode/sdk/IoT_LINK_1.0.0/iot_link/os/liteos\liteos_imp.c ****     .mutex_unlock = __mutex_unlock,
 270:C:/Users/SAM.KINUTHIA/.icode/sdk/IoT_LINK_1.0.0/iot_link/os/liteos\liteos_imp.c ****     .mutex_del = __mutex_del,
 271:C:/Users/SAM.KINUTHIA/.icode/sdk/IoT_LINK_1.0.0/iot_link/os/liteos\liteos_imp.c **** 
 272:C:/Users/SAM.KINUTHIA/.icode/sdk/IoT_LINK_1.0.0/iot_link/os/liteos\liteos_imp.c ****     .semp_create = __semp_create,
 273:C:/Users/SAM.KINUTHIA/.icode/sdk/IoT_LINK_1.0.0/iot_link/os/liteos\liteos_imp.c ****     .semp_pend = __semp_pend,
 274:C:/Users/SAM.KINUTHIA/.icode/sdk/IoT_LINK_1.0.0/iot_link/os/liteos\liteos_imp.c ****     .semp_post = __semp_post,
 275:C:/Users/SAM.KINUTHIA/.icode/sdk/IoT_LINK_1.0.0/iot_link/os/liteos\liteos_imp.c ****     .semp_del = __semp_del,
 276:C:/Users/SAM.KINUTHIA/.icode/sdk/IoT_LINK_1.0.0/iot_link/os/liteos\liteos_imp.c **** 
 277:C:/Users/SAM.KINUTHIA/.icode/sdk/IoT_LINK_1.0.0/iot_link/os/liteos\liteos_imp.c ****     .malloc = __mem_malloc,
 278:C:/Users/SAM.KINUTHIA/.icode/sdk/IoT_LINK_1.0.0/iot_link/os/liteos\liteos_imp.c ****     .free = __mem_free,
 279:C:/Users/SAM.KINUTHIA/.icode/sdk/IoT_LINK_1.0.0/iot_link/os/liteos\liteos_imp.c **** 
 280:C:/Users/SAM.KINUTHIA/.icode/sdk/IoT_LINK_1.0.0/iot_link/os/liteos\liteos_imp.c ****     .get_sys_time = __get_sys_time,
 281:C:/Users/SAM.KINUTHIA/.icode/sdk/IoT_LINK_1.0.0/iot_link/os/liteos\liteos_imp.c ****     .reboot = liteos_reboot,
 282:C:/Users/SAM.KINUTHIA/.icode/sdk/IoT_LINK_1.0.0/iot_link/os/liteos\liteos_imp.c **** 
 283:C:/Users/SAM.KINUTHIA/.icode/sdk/IoT_LINK_1.0.0/iot_link/os/liteos\liteos_imp.c **** 	.int_connect = __int_connect,
 284:C:/Users/SAM.KINUTHIA/.icode/sdk/IoT_LINK_1.0.0/iot_link/os/liteos\liteos_imp.c **** };
 285:C:/Users/SAM.KINUTHIA/.icode/sdk/IoT_LINK_1.0.0/iot_link/os/liteos\liteos_imp.c **** 
 286:C:/Users/SAM.KINUTHIA/.icode/sdk/IoT_LINK_1.0.0/iot_link/os/liteos\liteos_imp.c **** 
 287:C:/Users/SAM.KINUTHIA/.icode/sdk/IoT_LINK_1.0.0/iot_link/os/liteos\liteos_imp.c **** 
 288:C:/Users/SAM.KINUTHIA/.icode/sdk/IoT_LINK_1.0.0/iot_link/os/liteos\liteos_imp.c **** static const tag_os s_link_liteos =
 289:C:/Users/SAM.KINUTHIA/.icode/sdk/IoT_LINK_1.0.0/iot_link/os/liteos\liteos_imp.c **** {
ARM GAS  C:\Users\SAM~1.KIN\AppData\Local\Temp\ccT4NchL.s 			page 22


 290:C:/Users/SAM.KINUTHIA/.icode/sdk/IoT_LINK_1.0.0/iot_link/os/liteos\liteos_imp.c ****     .name = "LiteOS",
 291:C:/Users/SAM.KINUTHIA/.icode/sdk/IoT_LINK_1.0.0/iot_link/os/liteos\liteos_imp.c ****     .ops = &s_liteos_ops,
 292:C:/Users/SAM.KINUTHIA/.icode/sdk/IoT_LINK_1.0.0/iot_link/os/liteos\liteos_imp.c **** };
 293:C:/Users/SAM.KINUTHIA/.icode/sdk/IoT_LINK_1.0.0/iot_link/os/liteos\liteos_imp.c **** 
 294:C:/Users/SAM.KINUTHIA/.icode/sdk/IoT_LINK_1.0.0/iot_link/os/liteos\liteos_imp.c **** int os_imp_init(void)
 295:C:/Users/SAM.KINUTHIA/.icode/sdk/IoT_LINK_1.0.0/iot_link/os/liteos\liteos_imp.c **** {
 944              		.loc 1 295 0
 945              		.cfi_startproc
 946              		@ args = 0, pretend = 0, frame = 8
 947              		@ frame_needed = 1, uses_anonymous_args = 0
 948 0000 80B5     		push	{r7, lr}
 949              	.LCFI76:
 950              		.cfi_def_cfa_offset 8
 951              		.cfi_offset 7, -8
 952              		.cfi_offset 14, -4
 953 0002 82B0     		sub	sp, sp, #8
 954              	.LCFI77:
 955              		.cfi_def_cfa_offset 16
 956 0004 00AF     		add	r7, sp, #0
 957              	.LCFI78:
 958              		.cfi_def_cfa_register 7
 296:C:/Users/SAM.KINUTHIA/.icode/sdk/IoT_LINK_1.0.0/iot_link/os/liteos\liteos_imp.c ****     int ret = -1;
 959              		.loc 1 296 0
 960 0006 4FF0FF33 		mov	r3, #-1
 961 000a 7B60     		str	r3, [r7, #4]
 297:C:/Users/SAM.KINUTHIA/.icode/sdk/IoT_LINK_1.0.0/iot_link/os/liteos\liteos_imp.c **** 
 298:C:/Users/SAM.KINUTHIA/.icode/sdk/IoT_LINK_1.0.0/iot_link/os/liteos\liteos_imp.c ****     ret = osal_install(&s_link_liteos);
 962              		.loc 1 298 0
 963 000c 0448     		ldr	r0, .L53
 964 000e FFF7FEFF 		bl	osal_install
 965 0012 7860     		str	r0, [r7, #4]
 299:C:/Users/SAM.KINUTHIA/.icode/sdk/IoT_LINK_1.0.0/iot_link/os/liteos\liteos_imp.c **** 
 300:C:/Users/SAM.KINUTHIA/.icode/sdk/IoT_LINK_1.0.0/iot_link/os/liteos\liteos_imp.c ****     return ret;
 966              		.loc 1 300 0
 967 0014 7B68     		ldr	r3, [r7, #4]
 301:C:/Users/SAM.KINUTHIA/.icode/sdk/IoT_LINK_1.0.0/iot_link/os/liteos\liteos_imp.c **** }
 968              		.loc 1 301 0
 969 0016 1846     		mov	r0, r3
 970 0018 0837     		adds	r7, r7, #8
 971              	.LCFI79:
 972              		.cfi_def_cfa_offset 8
 973 001a BD46     		mov	sp, r7
 974              	.LCFI80:
 975              		.cfi_def_cfa_register 13
 976              		@ sp needed
 977 001c 80BD     		pop	{r7, pc}
 978              	.L54:
 979 001e 00BF     		.align	2
 980              	.L53:
 981 0020 00000000 		.word	s_link_liteos
 982              		.cfi_endproc
 983              	.LFE306:
 985              		.text
 986              	.Letext0:
 987              		.file 2 "c:\\users\\sam.kinuthia\\opensourcetools\\gnu tools arm embedded\\7 2018-q2-update\\arm-n
 988              		.file 3 "c:\\users\\sam.kinuthia\\opensourcetools\\gnu tools arm embedded\\7 2018-q2-update\\arm-n
 989              		.file 4 "c:\\users\\sam.kinuthia\\opensourcetools\\gnu tools arm embedded\\7 2018-q2-update\\arm-n
ARM GAS  C:\Users\SAM~1.KIN\AppData\Local\Temp\ccT4NchL.s 			page 23


 990              		.file 5 "c:\\users\\sam.kinuthia\\opensourcetools\\gnu tools arm embedded\\7 2018-q2-update\\lib\\
 991              		.file 6 "c:\\users\\sam.kinuthia\\opensourcetools\\gnu tools arm embedded\\7 2018-q2-update\\arm-n
 992              		.file 7 "C:/Users/SAM.KINUTHIA/.icode/sdk/IoT_LINK_1.0.0/iot_link/os/osal/osal_types.h"
 993              		.file 8 "C:/Users/SAM.KINUTHIA/.icode/sdk/IoT_LINK_1.0.0/iot_link/os/osal/osal_imp.h"
 994              		.file 9 "C:/Users/SAM.KINUTHIA/.icode/sdk/IoT_LINK_1.0.0/iot_link/os/liteos/include/los_typedef.h"
 995              		.file 10 "c:\\users\\sam.kinuthia\\opensourcetools\\gnu tools arm embedded\\7 2018-q2-update\\arm-
 996              		.file 11 "C:/Users/SAM.KINUTHIA/.icode/sdk/IoT_LINK_1.0.0/iot_link/os/liteos/arch/arm/common/cmsis
 997              		.file 12 "C:/Users/SAM.KINUTHIA/Desktop/HCIAPROJECT/demofile2/targets/STM32L431_BearPi/Inc/system_
 998              		.file 13 "C:/Users/SAM.KINUTHIA/.icode/sdk/IoT_LINK_1.0.0/iot_link/os/liteos/arch/arm/arm-m/includ
 999              		.file 14 "C:/Users/SAM.KINUTHIA/.icode/sdk/IoT_LINK_1.0.0/iot_link/os/liteos/include/los_list.h"
 1000              		.file 15 "C:/Users/SAM.KINUTHIA/.icode/sdk/IoT_LINK_1.0.0/iot_link/os/liteos/include/los_event.h"
 1001              		.file 16 "C:/Users/SAM.KINUTHIA/.icode/sdk/IoT_LINK_1.0.0/iot_link/os/liteos/include/los_config.h"
 1002              		.file 17 "C:/Users/SAM.KINUTHIA/.icode/sdk/IoT_LINK_1.0.0/iot_link/os/liteos/include/los_err.h"
 1003              		.file 18 "C:/Users/SAM.KINUTHIA/.icode/sdk/IoT_LINK_1.0.0/iot_link/os/liteos/include/los_tick.h"
 1004              		.file 19 "C:/Users/SAM.KINUTHIA/.icode/sdk/IoT_LINK_1.0.0/iot_link/os/liteos/include/los_task.h"
 1005              		.file 20 "C:/Users/SAM.KINUTHIA/.icode/sdk/IoT_LINK_1.0.0/iot_link/os/liteos/base/include/los_task
 1006              		.file 21 "C:/Users/SAM.KINUTHIA/.icode/sdk/IoT_LINK_1.0.0/iot_link/os/liteos/include/los_memory.h"
ARM GAS  C:\Users\SAM~1.KIN\AppData\Local\Temp\ccT4NchL.s 			page 24


DEFINED SYMBOLS
                            *ABS*:00000000 liteos_imp.c
C:\Users\SAM~1.KIN\AppData\Local\Temp\ccT4NchL.s:18     .text.__task_sleep:00000000 $t
C:\Users\SAM~1.KIN\AppData\Local\Temp\ccT4NchL.s:24     .text.__task_sleep:00000000 __task_sleep
C:\Users\SAM~1.KIN\AppData\Local\Temp\ccT4NchL.s:62     .text.__task_create:00000000 $t
C:\Users\SAM~1.KIN\AppData\Local\Temp\ccT4NchL.s:68     .text.__task_create:00000000 __task_create
C:\Users\SAM~1.KIN\AppData\Local\Temp\ccT4NchL.s:152    .text.__task_kill:00000000 $t
C:\Users\SAM~1.KIN\AppData\Local\Temp\ccT4NchL.s:158    .text.__task_kill:00000000 __task_kill
C:\Users\SAM~1.KIN\AppData\Local\Temp\ccT4NchL.s:212    .text.__task_exit:00000000 $t
C:\Users\SAM~1.KIN\AppData\Local\Temp\ccT4NchL.s:218    .text.__task_exit:00000000 __task_exit
C:\Users\SAM~1.KIN\AppData\Local\Temp\ccT4NchL.s:239    .text.__mutex_create:00000000 $t
C:\Users\SAM~1.KIN\AppData\Local\Temp\ccT4NchL.s:245    .text.__mutex_create:00000000 __mutex_create
C:\Users\SAM~1.KIN\AppData\Local\Temp\ccT4NchL.s:290    .text.__mutex_lock:00000000 $t
C:\Users\SAM~1.KIN\AppData\Local\Temp\ccT4NchL.s:296    .text.__mutex_lock:00000000 __mutex_lock
C:\Users\SAM~1.KIN\AppData\Local\Temp\ccT4NchL.s:343    .text.__mutex_unlock:00000000 $t
C:\Users\SAM~1.KIN\AppData\Local\Temp\ccT4NchL.s:349    .text.__mutex_unlock:00000000 __mutex_unlock
C:\Users\SAM~1.KIN\AppData\Local\Temp\ccT4NchL.s:395    .text.__mutex_del:00000000 $t
C:\Users\SAM~1.KIN\AppData\Local\Temp\ccT4NchL.s:401    .text.__mutex_del:00000000 __mutex_del
C:\Users\SAM~1.KIN\AppData\Local\Temp\ccT4NchL.s:447    .text.__semp_create:00000000 $t
C:\Users\SAM~1.KIN\AppData\Local\Temp\ccT4NchL.s:453    .text.__semp_create:00000000 __semp_create
C:\Users\SAM~1.KIN\AppData\Local\Temp\ccT4NchL.s:505    .text.__semp_pend:00000000 $t
C:\Users\SAM~1.KIN\AppData\Local\Temp\ccT4NchL.s:511    .text.__semp_pend:00000000 __semp_pend
C:\Users\SAM~1.KIN\AppData\Local\Temp\ccT4NchL.s:568    .text.__semp_post:00000000 $t
C:\Users\SAM~1.KIN\AppData\Local\Temp\ccT4NchL.s:574    .text.__semp_post:00000000 __semp_post
C:\Users\SAM~1.KIN\AppData\Local\Temp\ccT4NchL.s:620    .text.__semp_del:00000000 $t
C:\Users\SAM~1.KIN\AppData\Local\Temp\ccT4NchL.s:626    .text.__semp_del:00000000 __semp_del
C:\Users\SAM~1.KIN\AppData\Local\Temp\ccT4NchL.s:672    .text.__mem_malloc:00000000 $t
C:\Users\SAM~1.KIN\AppData\Local\Temp\ccT4NchL.s:678    .text.__mem_malloc:00000000 __mem_malloc
C:\Users\SAM~1.KIN\AppData\Local\Temp\ccT4NchL.s:733    .text.__mem_malloc:00000038 $d
C:\Users\SAM~1.KIN\AppData\Local\Temp\ccT4NchL.s:738    .text.__mem_free:00000000 $t
C:\Users\SAM~1.KIN\AppData\Local\Temp\ccT4NchL.s:744    .text.__mem_free:00000000 __mem_free
C:\Users\SAM~1.KIN\AppData\Local\Temp\ccT4NchL.s:781    .text.__mem_free:0000001c $d
C:\Users\SAM~1.KIN\AppData\Local\Temp\ccT4NchL.s:786    .text.__get_sys_time:00000000 $t
C:\Users\SAM~1.KIN\AppData\Local\Temp\ccT4NchL.s:792    .text.__get_sys_time:00000000 __get_sys_time
C:\Users\SAM~1.KIN\AppData\Local\Temp\ccT4NchL.s:820    .text.liteos_reboot:00000000 $t
C:\Users\SAM~1.KIN\AppData\Local\Temp\ccT4NchL.s:827    .text.liteos_reboot:00000000 liteos_reboot
C:\Users\SAM~1.KIN\AppData\Local\Temp\ccT4NchL.s:848    .text.__int_connect:00000000 $t
C:\Users\SAM~1.KIN\AppData\Local\Temp\ccT4NchL.s:854    .text.__int_connect:00000000 __int_connect
C:\Users\SAM~1.KIN\AppData\Local\Temp\ccT4NchL.s:900    .rodata.s_liteos_ops:00000000 $d
C:\Users\SAM~1.KIN\AppData\Local\Temp\ccT4NchL.s:903    .rodata.s_liteos_ops:00000000 s_liteos_ops
C:\Users\SAM~1.KIN\AppData\Local\Temp\ccT4NchL.s:924    .rodata:00000000 $d
C:\Users\SAM~1.KIN\AppData\Local\Temp\ccT4NchL.s:928    .rodata.s_link_liteos:00000000 $d
C:\Users\SAM~1.KIN\AppData\Local\Temp\ccT4NchL.s:931    .rodata.s_link_liteos:00000000 s_link_liteos
C:\Users\SAM~1.KIN\AppData\Local\Temp\ccT4NchL.s:935    .text.os_imp_init:00000000 $t
C:\Users\SAM~1.KIN\AppData\Local\Temp\ccT4NchL.s:942    .text.os_imp_init:00000000 os_imp_init
C:\Users\SAM~1.KIN\AppData\Local\Temp\ccT4NchL.s:981    .text.os_imp_init:00000020 $d

UNDEFINED SYMBOLS
LOS_TaskDelay
memset
LOS_TaskCreate
LOS_TaskDelete
LOS_MuxCreate
LOS_MuxPend
LOS_MuxPost
LOS_MuxDelete
osSemCreate
ARM GAS  C:\Users\SAM~1.KIN\AppData\Local\Temp\ccT4NchL.s 			page 25


LOS_SemPend
LOS_SemPost
LOS_SemDelete
LOS_MemAlloc
m_aucSysMem0
LOS_MemFree
osKernelGetTickCount
LOS_HwiCreate
osal_install
