ARM GAS  C:\Users\SAM~1.KIN\AppData\Local\Temp\ccnKiD2j.s 			page 1


   1              		.cpu cortex-m4
   2              		.eabi_attribute 27, 1
   3              		.eabi_attribute 28, 1
   4              		.eabi_attribute 20, 1
   5              		.eabi_attribute 21, 1
   6              		.eabi_attribute 23, 3
   7              		.eabi_attribute 24, 1
   8              		.eabi_attribute 25, 1
   9              		.eabi_attribute 26, 1
  10              		.eabi_attribute 30, 6
  11              		.eabi_attribute 34, 1
  12              		.eabi_attribute 18, 4
  13              		.file	"los_timeslice.c"
  14              		.text
  15              	.Ltext0:
  16              		.cfi_sections	.debug_frame
  17              		.comm	g_stTaskTimeSlice,8,4
  18              		.section	.text.osTimesliceInit,"ax",%progbits
  19              		.align	1
  20              		.global	osTimesliceInit
  21              		.syntax unified
  22              		.thumb
  23              		.thumb_func
  24              		.fpu fpv4-sp-d16
  26              	osTimesliceInit:
  27              	.LFB289:
  28              		.file 1 "C:/Users/SAM.KINUTHIA/.icode/sdk/IoT_LINK_1.0.0/iot_link/os/liteos/base/core/los_timeslic
   1:C:/Users/SAM.KINUTHIA/.icode/sdk/IoT_LINK_1.0.0/iot_link/os/liteos/base/core\los_timeslice.c **** /*----------------------------------------------------------------------------
   2:C:/Users/SAM.KINUTHIA/.icode/sdk/IoT_LINK_1.0.0/iot_link/os/liteos/base/core\los_timeslice.c ****  * Copyright (c) <2013-2015>, <Huawei Technologies Co., Ltd>
   3:C:/Users/SAM.KINUTHIA/.icode/sdk/IoT_LINK_1.0.0/iot_link/os/liteos/base/core\los_timeslice.c ****  * All rights reserved.
   4:C:/Users/SAM.KINUTHIA/.icode/sdk/IoT_LINK_1.0.0/iot_link/os/liteos/base/core\los_timeslice.c ****  * Redistribution and use in source and binary forms, with or without modification,
   5:C:/Users/SAM.KINUTHIA/.icode/sdk/IoT_LINK_1.0.0/iot_link/os/liteos/base/core\los_timeslice.c ****  * are permitted provided that the following conditions are met:
   6:C:/Users/SAM.KINUTHIA/.icode/sdk/IoT_LINK_1.0.0/iot_link/os/liteos/base/core\los_timeslice.c ****  * 1. Redistributions of source code must retain the above copyright notice, this list of
   7:C:/Users/SAM.KINUTHIA/.icode/sdk/IoT_LINK_1.0.0/iot_link/os/liteos/base/core\los_timeslice.c ****  * conditions and the following disclaimer.
   8:C:/Users/SAM.KINUTHIA/.icode/sdk/IoT_LINK_1.0.0/iot_link/os/liteos/base/core\los_timeslice.c ****  * 2. Redistributions in binary form must reproduce the above copyright notice, this list
   9:C:/Users/SAM.KINUTHIA/.icode/sdk/IoT_LINK_1.0.0/iot_link/os/liteos/base/core\los_timeslice.c ****  * of conditions and the following disclaimer in the documentation and/or other materials
  10:C:/Users/SAM.KINUTHIA/.icode/sdk/IoT_LINK_1.0.0/iot_link/os/liteos/base/core\los_timeslice.c ****  * provided with the distribution.
  11:C:/Users/SAM.KINUTHIA/.icode/sdk/IoT_LINK_1.0.0/iot_link/os/liteos/base/core\los_timeslice.c ****  * 3. Neither the name of the copyright holder nor the names of its contributors may be used
  12:C:/Users/SAM.KINUTHIA/.icode/sdk/IoT_LINK_1.0.0/iot_link/os/liteos/base/core\los_timeslice.c ****  * to endorse or promote products derived from this software without specific prior written
  13:C:/Users/SAM.KINUTHIA/.icode/sdk/IoT_LINK_1.0.0/iot_link/os/liteos/base/core\los_timeslice.c ****  * permission.
  14:C:/Users/SAM.KINUTHIA/.icode/sdk/IoT_LINK_1.0.0/iot_link/os/liteos/base/core\los_timeslice.c ****  * THIS SOFTWARE IS PROVIDED BY THE COPYRIGHT HOLDERS AND CONTRIBUTORS
  15:C:/Users/SAM.KINUTHIA/.icode/sdk/IoT_LINK_1.0.0/iot_link/os/liteos/base/core\los_timeslice.c ****  * "AS IS" AND ANY EXPRESS OR IMPLIED WARRANTIES, INCLUDING, BUT NOT LIMITED TO,
  16:C:/Users/SAM.KINUTHIA/.icode/sdk/IoT_LINK_1.0.0/iot_link/os/liteos/base/core\los_timeslice.c ****  * THE IMPLIED WARRANTIES OF MERCHANTABILITY AND FITNESS FOR A PARTICULAR
  17:C:/Users/SAM.KINUTHIA/.icode/sdk/IoT_LINK_1.0.0/iot_link/os/liteos/base/core\los_timeslice.c ****  * PURPOSE ARE DISCLAIMED. IN NO EVENT SHALL THE COPYRIGHT HOLDER OR
  18:C:/Users/SAM.KINUTHIA/.icode/sdk/IoT_LINK_1.0.0/iot_link/os/liteos/base/core\los_timeslice.c ****  * CONTRIBUTORS BE LIABLE FOR ANY DIRECT, INDIRECT, INCIDENTAL, SPECIAL,
  19:C:/Users/SAM.KINUTHIA/.icode/sdk/IoT_LINK_1.0.0/iot_link/os/liteos/base/core\los_timeslice.c ****  * EXEMPLARY, OR CONSEQUENTIAL DAMAGES (INCLUDING, BUT NOT LIMITED TO,
  20:C:/Users/SAM.KINUTHIA/.icode/sdk/IoT_LINK_1.0.0/iot_link/os/liteos/base/core\los_timeslice.c ****  * PROCUREMENT OF SUBSTITUTE GOODS OR SERVICES; LOSS OF USE, DATA, OR PROFITS;
  21:C:/Users/SAM.KINUTHIA/.icode/sdk/IoT_LINK_1.0.0/iot_link/os/liteos/base/core\los_timeslice.c ****  * OR BUSINESS INTERRUPTION) HOWEVER CAUSED AND ON ANY THEORY OF LIABILITY,
  22:C:/Users/SAM.KINUTHIA/.icode/sdk/IoT_LINK_1.0.0/iot_link/os/liteos/base/core\los_timeslice.c ****  * WHETHER IN CONTRACT, STRICT LIABILITY, OR TORT (INCLUDING NEGLIGENCE OR
  23:C:/Users/SAM.KINUTHIA/.icode/sdk/IoT_LINK_1.0.0/iot_link/os/liteos/base/core\los_timeslice.c ****  * OTHERWISE) ARISING IN ANY WAY OUT OF THE USE OF THIS SOFTWARE, EVEN IF
  24:C:/Users/SAM.KINUTHIA/.icode/sdk/IoT_LINK_1.0.0/iot_link/os/liteos/base/core\los_timeslice.c ****  * ADVISED OF THE POSSIBILITY OF SUCH DAMAGE.
  25:C:/Users/SAM.KINUTHIA/.icode/sdk/IoT_LINK_1.0.0/iot_link/os/liteos/base/core\los_timeslice.c ****  *---------------------------------------------------------------------------*/
  26:C:/Users/SAM.KINUTHIA/.icode/sdk/IoT_LINK_1.0.0/iot_link/os/liteos/base/core\los_timeslice.c **** /*----------------------------------------------------------------------------
  27:C:/Users/SAM.KINUTHIA/.icode/sdk/IoT_LINK_1.0.0/iot_link/os/liteos/base/core\los_timeslice.c ****  * Notice of Export Control Law
  28:C:/Users/SAM.KINUTHIA/.icode/sdk/IoT_LINK_1.0.0/iot_link/os/liteos/base/core\los_timeslice.c ****  * ===============================================
  29:C:/Users/SAM.KINUTHIA/.icode/sdk/IoT_LINK_1.0.0/iot_link/os/liteos/base/core\los_timeslice.c ****  * Huawei LiteOS may be subject to applicable export control laws and regulations, which might
  30:C:/Users/SAM.KINUTHIA/.icode/sdk/IoT_LINK_1.0.0/iot_link/os/liteos/base/core\los_timeslice.c ****  * include those applicable to Huawei LiteOS of U.S. and the country in which you are located.
ARM GAS  C:\Users\SAM~1.KIN\AppData\Local\Temp\ccnKiD2j.s 			page 2


  31:C:/Users/SAM.KINUTHIA/.icode/sdk/IoT_LINK_1.0.0/iot_link/os/liteos/base/core\los_timeslice.c ****  * Import, export and usage of Huawei LiteOS in any manner by you shall be in compliance with such
  32:C:/Users/SAM.KINUTHIA/.icode/sdk/IoT_LINK_1.0.0/iot_link/os/liteos/base/core\los_timeslice.c ****  * applicable export control laws and regulations.
  33:C:/Users/SAM.KINUTHIA/.icode/sdk/IoT_LINK_1.0.0/iot_link/os/liteos/base/core\los_timeslice.c ****  *---------------------------------------------------------------------------*/
  34:C:/Users/SAM.KINUTHIA/.icode/sdk/IoT_LINK_1.0.0/iot_link/os/liteos/base/core\los_timeslice.c **** 
  35:C:/Users/SAM.KINUTHIA/.icode/sdk/IoT_LINK_1.0.0/iot_link/os/liteos/base/core\los_timeslice.c **** #include "los_sys.ph"
  36:C:/Users/SAM.KINUTHIA/.icode/sdk/IoT_LINK_1.0.0/iot_link/os/liteos/base/core\los_timeslice.c **** #include "los_task.ph"
  37:C:/Users/SAM.KINUTHIA/.icode/sdk/IoT_LINK_1.0.0/iot_link/os/liteos/base/core\los_timeslice.c **** #include "los_tick.ph"
  38:C:/Users/SAM.KINUTHIA/.icode/sdk/IoT_LINK_1.0.0/iot_link/os/liteos/base/core\los_timeslice.c **** #include "los_typedef.ph"
  39:C:/Users/SAM.KINUTHIA/.icode/sdk/IoT_LINK_1.0.0/iot_link/os/liteos/base/core\los_timeslice.c **** #include "los_timeslice.ph"
  40:C:/Users/SAM.KINUTHIA/.icode/sdk/IoT_LINK_1.0.0/iot_link/os/liteos/base/core\los_timeslice.c **** 
  41:C:/Users/SAM.KINUTHIA/.icode/sdk/IoT_LINK_1.0.0/iot_link/os/liteos/base/core\los_timeslice.c **** #ifdef __cplusplus
  42:C:/Users/SAM.KINUTHIA/.icode/sdk/IoT_LINK_1.0.0/iot_link/os/liteos/base/core\los_timeslice.c **** #if __cplusplus
  43:C:/Users/SAM.KINUTHIA/.icode/sdk/IoT_LINK_1.0.0/iot_link/os/liteos/base/core\los_timeslice.c **** extern "C" {
  44:C:/Users/SAM.KINUTHIA/.icode/sdk/IoT_LINK_1.0.0/iot_link/os/liteos/base/core\los_timeslice.c **** #endif /* __cplusplus */
  45:C:/Users/SAM.KINUTHIA/.icode/sdk/IoT_LINK_1.0.0/iot_link/os/liteos/base/core\los_timeslice.c **** #endif /* __cplusplus */
  46:C:/Users/SAM.KINUTHIA/.icode/sdk/IoT_LINK_1.0.0/iot_link/os/liteos/base/core\los_timeslice.c **** 
  47:C:/Users/SAM.KINUTHIA/.icode/sdk/IoT_LINK_1.0.0/iot_link/os/liteos/base/core\los_timeslice.c **** #if(LOSCFG_BASE_CORE_TIMESLICE == YES)
  48:C:/Users/SAM.KINUTHIA/.icode/sdk/IoT_LINK_1.0.0/iot_link/os/liteos/base/core\los_timeslice.c **** LITE_OS_SEC_BSS OS_TASK_ROBIN_S        g_stTaskTimeSlice;
  49:C:/Users/SAM.KINUTHIA/.icode/sdk/IoT_LINK_1.0.0/iot_link/os/liteos/base/core\los_timeslice.c **** 
  50:C:/Users/SAM.KINUTHIA/.icode/sdk/IoT_LINK_1.0.0/iot_link/os/liteos/base/core\los_timeslice.c **** /*****************************************************************************
  51:C:/Users/SAM.KINUTHIA/.icode/sdk/IoT_LINK_1.0.0/iot_link/os/liteos/base/core\los_timeslice.c ****  Function     : osTimesliceInit
  52:C:/Users/SAM.KINUTHIA/.icode/sdk/IoT_LINK_1.0.0/iot_link/os/liteos/base/core\los_timeslice.c ****  Description  : Initialztion Timeslice
  53:C:/Users/SAM.KINUTHIA/.icode/sdk/IoT_LINK_1.0.0/iot_link/os/liteos/base/core\los_timeslice.c ****  Input        : None
  54:C:/Users/SAM.KINUTHIA/.icode/sdk/IoT_LINK_1.0.0/iot_link/os/liteos/base/core\los_timeslice.c ****  Output       : None
  55:C:/Users/SAM.KINUTHIA/.icode/sdk/IoT_LINK_1.0.0/iot_link/os/liteos/base/core\los_timeslice.c ****  Return       : None
  56:C:/Users/SAM.KINUTHIA/.icode/sdk/IoT_LINK_1.0.0/iot_link/os/liteos/base/core\los_timeslice.c ****  *****************************************************************************/
  57:C:/Users/SAM.KINUTHIA/.icode/sdk/IoT_LINK_1.0.0/iot_link/os/liteos/base/core\los_timeslice.c **** LITE_OS_SEC_TEXT_INIT VOID osTimesliceInit(VOID)
  58:C:/Users/SAM.KINUTHIA/.icode/sdk/IoT_LINK_1.0.0/iot_link/os/liteos/base/core\los_timeslice.c **** {
  29              		.loc 1 58 0
  30              		.cfi_startproc
  31              		@ args = 0, pretend = 0, frame = 0
  32              		@ frame_needed = 1, uses_anonymous_args = 0
  33              		@ link register save eliminated.
  34 0000 80B4     		push	{r7}
  35              	.LCFI0:
  36              		.cfi_def_cfa_offset 4
  37              		.cfi_offset 7, -4
  38 0002 00AF     		add	r7, sp, #0
  39              	.LCFI1:
  40              		.cfi_def_cfa_register 7
  59:C:/Users/SAM.KINUTHIA/.icode/sdk/IoT_LINK_1.0.0/iot_link/os/liteos/base/core\los_timeslice.c ****     g_stTaskTimeSlice.pstTask = (LOS_TASK_CB *)NULL;
  41              		.loc 1 59 0
  42 0004 054B     		ldr	r3, .L2
  43 0006 0022     		movs	r2, #0
  44 0008 1A60     		str	r2, [r3]
  60:C:/Users/SAM.KINUTHIA/.icode/sdk/IoT_LINK_1.0.0/iot_link/os/liteos/base/core\los_timeslice.c ****     g_stTaskTimeSlice.usTout = LOSCFG_BASE_CORE_TIMESLICE_TIMEOUT;
  45              		.loc 1 60 0
  46 000a 044B     		ldr	r3, .L2
  47 000c 0A22     		movs	r2, #10
  48 000e DA80     		strh	r2, [r3, #6]	@ movhi
  61:C:/Users/SAM.KINUTHIA/.icode/sdk/IoT_LINK_1.0.0/iot_link/os/liteos/base/core\los_timeslice.c **** }
  49              		.loc 1 61 0
  50 0010 00BF     		nop
  51 0012 BD46     		mov	sp, r7
  52              	.LCFI2:
  53              		.cfi_def_cfa_register 13
  54              		@ sp needed
ARM GAS  C:\Users\SAM~1.KIN\AppData\Local\Temp\ccnKiD2j.s 			page 3


  55 0014 5DF8047B 		ldr	r7, [sp], #4
  56              	.LCFI3:
  57              		.cfi_restore 7
  58              		.cfi_def_cfa_offset 0
  59 0018 7047     		bx	lr
  60              	.L3:
  61 001a 00BF     		.align	2
  62              	.L2:
  63 001c 00000000 		.word	g_stTaskTimeSlice
  64              		.cfi_endproc
  65              	.LFE289:
  67              		.section	.text.osTimesliceCheck,"ax",%progbits
  68              		.align	1
  69              		.global	osTimesliceCheck
  70              		.syntax unified
  71              		.thumb
  72              		.thumb_func
  73              		.fpu fpv4-sp-d16
  75              	osTimesliceCheck:
  76              	.LFB290:
  62:C:/Users/SAM.KINUTHIA/.icode/sdk/IoT_LINK_1.0.0/iot_link/os/liteos/base/core\los_timeslice.c **** 
  63:C:/Users/SAM.KINUTHIA/.icode/sdk/IoT_LINK_1.0.0/iot_link/os/liteos/base/core\los_timeslice.c **** /*****************************************************************************
  64:C:/Users/SAM.KINUTHIA/.icode/sdk/IoT_LINK_1.0.0/iot_link/os/liteos/base/core\los_timeslice.c ****  Function     : osTimesliceCheck
  65:C:/Users/SAM.KINUTHIA/.icode/sdk/IoT_LINK_1.0.0/iot_link/os/liteos/base/core\los_timeslice.c ****  Description  : check Timeslice
  66:C:/Users/SAM.KINUTHIA/.icode/sdk/IoT_LINK_1.0.0/iot_link/os/liteos/base/core\los_timeslice.c ****  Input        : None
  67:C:/Users/SAM.KINUTHIA/.icode/sdk/IoT_LINK_1.0.0/iot_link/os/liteos/base/core\los_timeslice.c ****  Output       : None
  68:C:/Users/SAM.KINUTHIA/.icode/sdk/IoT_LINK_1.0.0/iot_link/os/liteos/base/core\los_timeslice.c ****  Return       : None
  69:C:/Users/SAM.KINUTHIA/.icode/sdk/IoT_LINK_1.0.0/iot_link/os/liteos/base/core\los_timeslice.c ****  *****************************************************************************/
  70:C:/Users/SAM.KINUTHIA/.icode/sdk/IoT_LINK_1.0.0/iot_link/os/liteos/base/core\los_timeslice.c **** LITE_OS_SEC_TEXT VOID osTimesliceCheck(VOID)
  71:C:/Users/SAM.KINUTHIA/.icode/sdk/IoT_LINK_1.0.0/iot_link/os/liteos/base/core\los_timeslice.c **** {
  77              		.loc 1 71 0
  78              		.cfi_startproc
  79              		@ args = 0, pretend = 0, frame = 0
  80              		@ frame_needed = 1, uses_anonymous_args = 0
  81 0000 98B5     		push	{r3, r4, r7, lr}
  82              	.LCFI4:
  83              		.cfi_def_cfa_offset 16
  84              		.cfi_offset 3, -16
  85              		.cfi_offset 4, -12
  86              		.cfi_offset 7, -8
  87              		.cfi_offset 14, -4
  88 0002 00AF     		add	r7, sp, #0
  89              	.LCFI5:
  90              		.cfi_def_cfa_register 7
  72:C:/Users/SAM.KINUTHIA/.icode/sdk/IoT_LINK_1.0.0/iot_link/os/liteos/base/core\los_timeslice.c ****     if (g_stTaskTimeSlice.pstTask != g_stLosTask.pstRunTask)
  91              		.loc 1 72 0
  92 0004 124B     		ldr	r3, .L8
  93 0006 1A68     		ldr	r2, [r3]
  94 0008 124B     		ldr	r3, .L8+4
  95 000a 1B68     		ldr	r3, [r3]
  96 000c 9A42     		cmp	r2, r3
  97 000e 0FD0     		beq	.L5
  73:C:/Users/SAM.KINUTHIA/.icode/sdk/IoT_LINK_1.0.0/iot_link/os/liteos/base/core\los_timeslice.c ****     {
  74:C:/Users/SAM.KINUTHIA/.icode/sdk/IoT_LINK_1.0.0/iot_link/os/liteos/base/core\los_timeslice.c ****         g_stTaskTimeSlice.pstTask = g_stLosTask.pstRunTask;
  98              		.loc 1 74 0
  99 0010 104B     		ldr	r3, .L8+4
 100 0012 1B68     		ldr	r3, [r3]
ARM GAS  C:\Users\SAM~1.KIN\AppData\Local\Temp\ccnKiD2j.s 			page 4


 101 0014 0E4A     		ldr	r2, .L8
 102 0016 1360     		str	r3, [r2]
  75:C:/Users/SAM.KINUTHIA/.icode/sdk/IoT_LINK_1.0.0/iot_link/os/liteos/base/core\los_timeslice.c ****         g_stTaskTimeSlice.usTime = (UINT16)g_ullTickCount + g_stTaskTimeSlice.usTout - 1;
 103              		.loc 1 75 0
 104 0018 0F4B     		ldr	r3, .L8+8
 105 001a D3E90034 		ldrd	r3, [r3]
 106 001e 9AB2     		uxth	r2, r3
 107 0020 0B4B     		ldr	r3, .L8
 108 0022 DB88     		ldrh	r3, [r3, #6]
 109 0024 1344     		add	r3, r3, r2
 110 0026 9BB2     		uxth	r3, r3
 111 0028 013B     		subs	r3, r3, #1
 112 002a 9AB2     		uxth	r2, r3
 113 002c 084B     		ldr	r3, .L8
 114 002e 9A80     		strh	r2, [r3, #4]	@ movhi
 115              	.L5:
  76:C:/Users/SAM.KINUTHIA/.icode/sdk/IoT_LINK_1.0.0/iot_link/os/liteos/base/core\los_timeslice.c ****     }
  77:C:/Users/SAM.KINUTHIA/.icode/sdk/IoT_LINK_1.0.0/iot_link/os/liteos/base/core\los_timeslice.c **** 
  78:C:/Users/SAM.KINUTHIA/.icode/sdk/IoT_LINK_1.0.0/iot_link/os/liteos/base/core\los_timeslice.c ****     if (g_stTaskTimeSlice.usTime == (UINT16)g_ullTickCount)
 116              		.loc 1 78 0
 117 0030 074B     		ldr	r3, .L8
 118 0032 9A88     		ldrh	r2, [r3, #4]
 119 0034 084B     		ldr	r3, .L8+8
 120 0036 D3E90034 		ldrd	r3, [r3]
 121 003a 9BB2     		uxth	r3, r3
 122 003c 9A42     		cmp	r2, r3
 123 003e 04D1     		bne	.L7
  79:C:/Users/SAM.KINUTHIA/.icode/sdk/IoT_LINK_1.0.0/iot_link/os/liteos/base/core\los_timeslice.c ****     {
  80:C:/Users/SAM.KINUTHIA/.icode/sdk/IoT_LINK_1.0.0/iot_link/os/liteos/base/core\los_timeslice.c ****         g_stTaskTimeSlice.pstTask = (LOS_TASK_CB *)NULL;
 124              		.loc 1 80 0
 125 0040 034B     		ldr	r3, .L8
 126 0042 0022     		movs	r2, #0
 127 0044 1A60     		str	r2, [r3]
  81:C:/Users/SAM.KINUTHIA/.icode/sdk/IoT_LINK_1.0.0/iot_link/os/liteos/base/core\los_timeslice.c ****         if (LOS_TaskYield() != LOS_OK)
 128              		.loc 1 81 0
 129 0046 FFF7FEFF 		bl	LOS_TaskYield
 130              	.L7:
  82:C:/Users/SAM.KINUTHIA/.icode/sdk/IoT_LINK_1.0.0/iot_link/os/liteos/base/core\los_timeslice.c ****         {
  83:C:/Users/SAM.KINUTHIA/.icode/sdk/IoT_LINK_1.0.0/iot_link/os/liteos/base/core\los_timeslice.c ****             PRINT_INFO("%s, %d\n", __FUNCTION__, __LINE__);
  84:C:/Users/SAM.KINUTHIA/.icode/sdk/IoT_LINK_1.0.0/iot_link/os/liteos/base/core\los_timeslice.c ****         }
  85:C:/Users/SAM.KINUTHIA/.icode/sdk/IoT_LINK_1.0.0/iot_link/os/liteos/base/core\los_timeslice.c ****     } /*lint !e548*/
  86:C:/Users/SAM.KINUTHIA/.icode/sdk/IoT_LINK_1.0.0/iot_link/os/liteos/base/core\los_timeslice.c **** }
 131              		.loc 1 86 0
 132 004a 00BF     		nop
 133 004c 98BD     		pop	{r3, r4, r7, pc}
 134              	.L9:
 135 004e 00BF     		.align	2
 136              	.L8:
 137 0050 00000000 		.word	g_stTaskTimeSlice
 138 0054 00000000 		.word	g_stLosTask
 139 0058 00000000 		.word	g_ullTickCount
 140              		.cfi_endproc
 141              	.LFE290:
 143              		.text
 144              	.Letext0:
 145              		.file 2 "c:\\users\\sam.kinuthia\\opensourcetools\\gnu tools arm embedded\\7 2018-q2-update\\arm-n
 146              		.file 3 "c:\\users\\sam.kinuthia\\opensourcetools\\gnu tools arm embedded\\7 2018-q2-update\\arm-n
ARM GAS  C:\Users\SAM~1.KIN\AppData\Local\Temp\ccnKiD2j.s 			page 5


 147              		.file 4 "c:\\users\\sam.kinuthia\\opensourcetools\\gnu tools arm embedded\\7 2018-q2-update\\arm-n
 148              		.file 5 "c:\\users\\sam.kinuthia\\opensourcetools\\gnu tools arm embedded\\7 2018-q2-update\\lib\\
 149              		.file 6 "c:\\users\\sam.kinuthia\\opensourcetools\\gnu tools arm embedded\\7 2018-q2-update\\arm-n
 150              		.file 7 "C:/Users/SAM.KINUTHIA/.icode/sdk/IoT_LINK_1.0.0/iot_link/os/liteos/include/los_typedef.h"
 151              		.file 8 "c:\\users\\sam.kinuthia\\opensourcetools\\gnu tools arm embedded\\7 2018-q2-update\\arm-n
 152              		.file 9 "C:/Users/SAM.KINUTHIA/.icode/sdk/IoT_LINK_1.0.0/iot_link/os/liteos/arch/arm/common/cmsis/
 153              		.file 10 "C:/Users/SAM.KINUTHIA/Desktop/HCIAPROJECT/demofile2/targets/STM32L431_BearPi/Inc/system_
 154              		.file 11 "C:/Users/SAM.KINUTHIA/.icode/sdk/IoT_LINK_1.0.0/iot_link/os/liteos/arch/arm/arm-m/includ
 155              		.file 12 "C:/Users/SAM.KINUTHIA/.icode/sdk/IoT_LINK_1.0.0/iot_link/os/liteos/include/los_list.h"
 156              		.file 13 "C:/Users/SAM.KINUTHIA/.icode/sdk/IoT_LINK_1.0.0/iot_link/os/liteos/include/los_event.h"
 157              		.file 14 "C:/Users/SAM.KINUTHIA/.icode/sdk/IoT_LINK_1.0.0/iot_link/os/liteos/include/los_config.h"
 158              		.file 15 "C:/Users/SAM.KINUTHIA/.icode/sdk/IoT_LINK_1.0.0/iot_link/os/liteos/include/los_err.h"
 159              		.file 16 "C:/Users/SAM.KINUTHIA/.icode/sdk/IoT_LINK_1.0.0/iot_link/os/liteos/include/los_tick.h"
 160              		.file 17 "C:/Users/SAM.KINUTHIA/.icode/sdk/IoT_LINK_1.0.0/iot_link/os/liteos/include/los_task.h"
 161              		.file 18 "C:/Users/SAM.KINUTHIA/.icode/sdk/IoT_LINK_1.0.0/iot_link/os/liteos/base/include/los_task
 162              		.file 19 "C:/Users/SAM.KINUTHIA/.icode/sdk/IoT_LINK_1.0.0/iot_link/os/liteos/base/include/los_tick
ARM GAS  C:\Users\SAM~1.KIN\AppData\Local\Temp\ccnKiD2j.s 			page 6


DEFINED SYMBOLS
                            *ABS*:00000000 los_timeslice.c
                            *COM*:00000008 g_stTaskTimeSlice
C:\Users\SAM~1.KIN\AppData\Local\Temp\ccnKiD2j.s:19     .text.osTimesliceInit:00000000 $t
C:\Users\SAM~1.KIN\AppData\Local\Temp\ccnKiD2j.s:26     .text.osTimesliceInit:00000000 osTimesliceInit
C:\Users\SAM~1.KIN\AppData\Local\Temp\ccnKiD2j.s:63     .text.osTimesliceInit:0000001c $d
C:\Users\SAM~1.KIN\AppData\Local\Temp\ccnKiD2j.s:68     .text.osTimesliceCheck:00000000 $t
C:\Users\SAM~1.KIN\AppData\Local\Temp\ccnKiD2j.s:75     .text.osTimesliceCheck:00000000 osTimesliceCheck
C:\Users\SAM~1.KIN\AppData\Local\Temp\ccnKiD2j.s:137    .text.osTimesliceCheck:00000050 $d

UNDEFINED SYMBOLS
LOS_TaskYield
g_stLosTask
g_ullTickCount
