ARM GAS  C:\Users\SAM~1.KIN\AppData\Local\Temp\ccdBY77v.s 			page 1


   1              		.cpu cortex-m4
   2              		.eabi_attribute 27, 1
   3              		.eabi_attribute 28, 1
   4              		.eabi_attribute 20, 1
   5              		.eabi_attribute 21, 1
   6              		.eabi_attribute 23, 3
   7              		.eabi_attribute 24, 1
   8              		.eabi_attribute 25, 1
   9              		.eabi_attribute 26, 1
  10              		.eabi_attribute 30, 6
  11              		.eabi_attribute 34, 1
  12              		.eabi_attribute 18, 4
  13              		.file	"los_tick.c"
  14              		.text
  15              	.Ltext0:
  16              		.cfi_sections	.debug_frame
  17              		.comm	g_ullTickCount,8,8
  18              		.comm	g_uwTicksPerSec,4,4
  19              		.comm	g_uwCyclePerSec,4,4
  20              		.comm	g_uwCyclesPerTick,4,4
  21              		.comm	g_uwSysClock,4,4
  22              		.global	g_bSysTickStart
  23              		.section	.bss.g_bSysTickStart,"aw",%nobits
  24              		.align	2
  27              	g_bSysTickStart:
  28 0000 00000000 		.space	4
  29              		.section	.text.osTickHandler,"ax",%progbits
  30              		.align	1
  31              		.global	osTickHandler
  32              		.syntax unified
  33              		.thumb
  34              		.thumb_func
  35              		.fpu fpv4-sp-d16
  37              	osTickHandler:
  38              	.LFB287:
  39              		.file 1 "C:/Users/SAM.KINUTHIA/.icode/sdk/IoT_LINK_1.0.0/iot_link/os/liteos/base/core/los_tick.c"
   1:C:/Users/SAM.KINUTHIA/.icode/sdk/IoT_LINK_1.0.0/iot_link/os/liteos/base/core\los_tick.c **** /*----------------------------------------------------------------------------
   2:C:/Users/SAM.KINUTHIA/.icode/sdk/IoT_LINK_1.0.0/iot_link/os/liteos/base/core\los_tick.c ****  * Copyright (c) <2013-2015>, <Huawei Technologies Co., Ltd>
   3:C:/Users/SAM.KINUTHIA/.icode/sdk/IoT_LINK_1.0.0/iot_link/os/liteos/base/core\los_tick.c ****  * All rights reserved.
   4:C:/Users/SAM.KINUTHIA/.icode/sdk/IoT_LINK_1.0.0/iot_link/os/liteos/base/core\los_tick.c ****  * Redistribution and use in source and binary forms, with or without modification,
   5:C:/Users/SAM.KINUTHIA/.icode/sdk/IoT_LINK_1.0.0/iot_link/os/liteos/base/core\los_tick.c ****  * are permitted provided that the following conditions are met:
   6:C:/Users/SAM.KINUTHIA/.icode/sdk/IoT_LINK_1.0.0/iot_link/os/liteos/base/core\los_tick.c ****  * 1. Redistributions of source code must retain the above copyright notice, this list of
   7:C:/Users/SAM.KINUTHIA/.icode/sdk/IoT_LINK_1.0.0/iot_link/os/liteos/base/core\los_tick.c ****  * conditions and the following disclaimer.
   8:C:/Users/SAM.KINUTHIA/.icode/sdk/IoT_LINK_1.0.0/iot_link/os/liteos/base/core\los_tick.c ****  * 2. Redistributions in binary form must reproduce the above copyright notice, this list
   9:C:/Users/SAM.KINUTHIA/.icode/sdk/IoT_LINK_1.0.0/iot_link/os/liteos/base/core\los_tick.c ****  * of conditions and the following disclaimer in the documentation and/or other materials
  10:C:/Users/SAM.KINUTHIA/.icode/sdk/IoT_LINK_1.0.0/iot_link/os/liteos/base/core\los_tick.c ****  * provided with the distribution.
  11:C:/Users/SAM.KINUTHIA/.icode/sdk/IoT_LINK_1.0.0/iot_link/os/liteos/base/core\los_tick.c ****  * 3. Neither the name of the copyright holder nor the names of its contributors may be used
  12:C:/Users/SAM.KINUTHIA/.icode/sdk/IoT_LINK_1.0.0/iot_link/os/liteos/base/core\los_tick.c ****  * to endorse or promote products derived from this software without specific prior written
  13:C:/Users/SAM.KINUTHIA/.icode/sdk/IoT_LINK_1.0.0/iot_link/os/liteos/base/core\los_tick.c ****  * permission.
  14:C:/Users/SAM.KINUTHIA/.icode/sdk/IoT_LINK_1.0.0/iot_link/os/liteos/base/core\los_tick.c ****  * THIS SOFTWARE IS PROVIDED BY THE COPYRIGHT HOLDERS AND CONTRIBUTORS
  15:C:/Users/SAM.KINUTHIA/.icode/sdk/IoT_LINK_1.0.0/iot_link/os/liteos/base/core\los_tick.c ****  * "AS IS" AND ANY EXPRESS OR IMPLIED WARRANTIES, INCLUDING, BUT NOT LIMITED TO,
  16:C:/Users/SAM.KINUTHIA/.icode/sdk/IoT_LINK_1.0.0/iot_link/os/liteos/base/core\los_tick.c ****  * THE IMPLIED WARRANTIES OF MERCHANTABILITY AND FITNESS FOR A PARTICULAR
  17:C:/Users/SAM.KINUTHIA/.icode/sdk/IoT_LINK_1.0.0/iot_link/os/liteos/base/core\los_tick.c ****  * PURPOSE ARE DISCLAIMED. IN NO EVENT SHALL THE COPYRIGHT HOLDER OR
  18:C:/Users/SAM.KINUTHIA/.icode/sdk/IoT_LINK_1.0.0/iot_link/os/liteos/base/core\los_tick.c ****  * CONTRIBUTORS BE LIABLE FOR ANY DIRECT, INDIRECT, INCIDENTAL, SPECIAL,
  19:C:/Users/SAM.KINUTHIA/.icode/sdk/IoT_LINK_1.0.0/iot_link/os/liteos/base/core\los_tick.c ****  * EXEMPLARY, OR CONSEQUENTIAL DAMAGES (INCLUDING, BUT NOT LIMITED TO,
  20:C:/Users/SAM.KINUTHIA/.icode/sdk/IoT_LINK_1.0.0/iot_link/os/liteos/base/core\los_tick.c ****  * PROCUREMENT OF SUBSTITUTE GOODS OR SERVICES; LOSS OF USE, DATA, OR PROFITS;
  21:C:/Users/SAM.KINUTHIA/.icode/sdk/IoT_LINK_1.0.0/iot_link/os/liteos/base/core\los_tick.c ****  * OR BUSINESS INTERRUPTION) HOWEVER CAUSED AND ON ANY THEORY OF LIABILITY,
ARM GAS  C:\Users\SAM~1.KIN\AppData\Local\Temp\ccdBY77v.s 			page 2


  22:C:/Users/SAM.KINUTHIA/.icode/sdk/IoT_LINK_1.0.0/iot_link/os/liteos/base/core\los_tick.c ****  * WHETHER IN CONTRACT, STRICT LIABILITY, OR TORT (INCLUDING NEGLIGENCE OR
  23:C:/Users/SAM.KINUTHIA/.icode/sdk/IoT_LINK_1.0.0/iot_link/os/liteos/base/core\los_tick.c ****  * OTHERWISE) ARISING IN ANY WAY OUT OF THE USE OF THIS SOFTWARE, EVEN IF
  24:C:/Users/SAM.KINUTHIA/.icode/sdk/IoT_LINK_1.0.0/iot_link/os/liteos/base/core\los_tick.c ****  * ADVISED OF THE POSSIBILITY OF SUCH DAMAGE.
  25:C:/Users/SAM.KINUTHIA/.icode/sdk/IoT_LINK_1.0.0/iot_link/os/liteos/base/core\los_tick.c ****  *---------------------------------------------------------------------------*/
  26:C:/Users/SAM.KINUTHIA/.icode/sdk/IoT_LINK_1.0.0/iot_link/os/liteos/base/core\los_tick.c **** /*----------------------------------------------------------------------------
  27:C:/Users/SAM.KINUTHIA/.icode/sdk/IoT_LINK_1.0.0/iot_link/os/liteos/base/core\los_tick.c ****  * Notice of Export Control Law
  28:C:/Users/SAM.KINUTHIA/.icode/sdk/IoT_LINK_1.0.0/iot_link/os/liteos/base/core\los_tick.c ****  * ===============================================
  29:C:/Users/SAM.KINUTHIA/.icode/sdk/IoT_LINK_1.0.0/iot_link/os/liteos/base/core\los_tick.c ****  * Huawei LiteOS may be subject to applicable export control laws and regulations, which might
  30:C:/Users/SAM.KINUTHIA/.icode/sdk/IoT_LINK_1.0.0/iot_link/os/liteos/base/core\los_tick.c ****  * include those applicable to Huawei LiteOS of U.S. and the country in which you are located.
  31:C:/Users/SAM.KINUTHIA/.icode/sdk/IoT_LINK_1.0.0/iot_link/os/liteos/base/core\los_tick.c ****  * Import, export and usage of Huawei LiteOS in any manner by you shall be in compliance with such
  32:C:/Users/SAM.KINUTHIA/.icode/sdk/IoT_LINK_1.0.0/iot_link/os/liteos/base/core\los_tick.c ****  * applicable export control laws and regulations.
  33:C:/Users/SAM.KINUTHIA/.icode/sdk/IoT_LINK_1.0.0/iot_link/os/liteos/base/core\los_tick.c ****  *---------------------------------------------------------------------------*/
  34:C:/Users/SAM.KINUTHIA/.icode/sdk/IoT_LINK_1.0.0/iot_link/os/liteos/base/core\los_tick.c **** 
  35:C:/Users/SAM.KINUTHIA/.icode/sdk/IoT_LINK_1.0.0/iot_link/os/liteos/base/core\los_tick.c **** #include "los_tick.inc"
  36:C:/Users/SAM.KINUTHIA/.icode/sdk/IoT_LINK_1.0.0/iot_link/os/liteos/base/core\los_tick.c **** #include "los_base.ph"
  37:C:/Users/SAM.KINUTHIA/.icode/sdk/IoT_LINK_1.0.0/iot_link/os/liteos/base/core\los_tick.c **** #include "los_swtmr.ph"
  38:C:/Users/SAM.KINUTHIA/.icode/sdk/IoT_LINK_1.0.0/iot_link/os/liteos/base/core\los_tick.c **** #include "los_task.ph"
  39:C:/Users/SAM.KINUTHIA/.icode/sdk/IoT_LINK_1.0.0/iot_link/os/liteos/base/core\los_tick.c **** #include "los_timeslice.ph"
  40:C:/Users/SAM.KINUTHIA/.icode/sdk/IoT_LINK_1.0.0/iot_link/os/liteos/base/core\los_tick.c **** #if (LOSCFG_KERNEL_TICKLESS == YES)
  41:C:/Users/SAM.KINUTHIA/.icode/sdk/IoT_LINK_1.0.0/iot_link/os/liteos/base/core\los_tick.c **** #include "los_tickless.ph"
  42:C:/Users/SAM.KINUTHIA/.icode/sdk/IoT_LINK_1.0.0/iot_link/os/liteos/base/core\los_tick.c **** #endif
  43:C:/Users/SAM.KINUTHIA/.icode/sdk/IoT_LINK_1.0.0/iot_link/os/liteos/base/core\los_tick.c **** 
  44:C:/Users/SAM.KINUTHIA/.icode/sdk/IoT_LINK_1.0.0/iot_link/os/liteos/base/core\los_tick.c **** #ifdef __cplusplus
  45:C:/Users/SAM.KINUTHIA/.icode/sdk/IoT_LINK_1.0.0/iot_link/os/liteos/base/core\los_tick.c **** #if __cplusplus
  46:C:/Users/SAM.KINUTHIA/.icode/sdk/IoT_LINK_1.0.0/iot_link/os/liteos/base/core\los_tick.c **** extern "C" {
  47:C:/Users/SAM.KINUTHIA/.icode/sdk/IoT_LINK_1.0.0/iot_link/os/liteos/base/core\los_tick.c **** #endif /* __cplusplus */
  48:C:/Users/SAM.KINUTHIA/.icode/sdk/IoT_LINK_1.0.0/iot_link/os/liteos/base/core\los_tick.c **** #endif /* __cplusplus */
  49:C:/Users/SAM.KINUTHIA/.icode/sdk/IoT_LINK_1.0.0/iot_link/os/liteos/base/core\los_tick.c **** 
  50:C:/Users/SAM.KINUTHIA/.icode/sdk/IoT_LINK_1.0.0/iot_link/os/liteos/base/core\los_tick.c **** 
  51:C:/Users/SAM.KINUTHIA/.icode/sdk/IoT_LINK_1.0.0/iot_link/os/liteos/base/core\los_tick.c **** LITE_OS_SEC_BSS UINT64      g_ullTickCount;
  52:C:/Users/SAM.KINUTHIA/.icode/sdk/IoT_LINK_1.0.0/iot_link/os/liteos/base/core\los_tick.c **** LITE_OS_SEC_BSS UINT32      g_uwTicksPerSec;
  53:C:/Users/SAM.KINUTHIA/.icode/sdk/IoT_LINK_1.0.0/iot_link/os/liteos/base/core\los_tick.c **** LITE_OS_SEC_BSS UINT32      g_uwCyclePerSec;
  54:C:/Users/SAM.KINUTHIA/.icode/sdk/IoT_LINK_1.0.0/iot_link/os/liteos/base/core\los_tick.c **** LITE_OS_SEC_BSS UINT32      g_uwCyclesPerTick;
  55:C:/Users/SAM.KINUTHIA/.icode/sdk/IoT_LINK_1.0.0/iot_link/os/liteos/base/core\los_tick.c **** LITE_OS_SEC_BSS UINT32      g_uwSysClock;
  56:C:/Users/SAM.KINUTHIA/.icode/sdk/IoT_LINK_1.0.0/iot_link/os/liteos/base/core\los_tick.c **** LITE_OS_SEC_DATA_INIT BOOL  g_bSysTickStart = FALSE;
  57:C:/Users/SAM.KINUTHIA/.icode/sdk/IoT_LINK_1.0.0/iot_link/os/liteos/base/core\los_tick.c **** 
  58:C:/Users/SAM.KINUTHIA/.icode/sdk/IoT_LINK_1.0.0/iot_link/os/liteos/base/core\los_tick.c **** #if (LOSCFG_KERNEL_TICKLESS == YES)
  59:C:/Users/SAM.KINUTHIA/.icode/sdk/IoT_LINK_1.0.0/iot_link/os/liteos/base/core\los_tick.c **** /*****************************************************************************
  60:C:/Users/SAM.KINUTHIA/.icode/sdk/IoT_LINK_1.0.0/iot_link/os/liteos/base/core\los_tick.c ****  Description : Tick interruption handler
  61:C:/Users/SAM.KINUTHIA/.icode/sdk/IoT_LINK_1.0.0/iot_link/os/liteos/base/core\los_tick.c ****  Input       : None
  62:C:/Users/SAM.KINUTHIA/.icode/sdk/IoT_LINK_1.0.0/iot_link/os/liteos/base/core\los_tick.c ****  Output      : None
  63:C:/Users/SAM.KINUTHIA/.icode/sdk/IoT_LINK_1.0.0/iot_link/os/liteos/base/core\los_tick.c ****  Return      : None
  64:C:/Users/SAM.KINUTHIA/.icode/sdk/IoT_LINK_1.0.0/iot_link/os/liteos/base/core\los_tick.c ****  *****************************************************************************/
  65:C:/Users/SAM.KINUTHIA/.icode/sdk/IoT_LINK_1.0.0/iot_link/os/liteos/base/core\los_tick.c **** LITE_OS_SEC_TEXT VOID osTickHandlerLoop(UINT32 uwElapseTicks)
  66:C:/Users/SAM.KINUTHIA/.icode/sdk/IoT_LINK_1.0.0/iot_link/os/liteos/base/core\los_tick.c **** {
  67:C:/Users/SAM.KINUTHIA/.icode/sdk/IoT_LINK_1.0.0/iot_link/os/liteos/base/core\los_tick.c ****     UINT32 uwIndex;
  68:C:/Users/SAM.KINUTHIA/.icode/sdk/IoT_LINK_1.0.0/iot_link/os/liteos/base/core\los_tick.c **** 
  69:C:/Users/SAM.KINUTHIA/.icode/sdk/IoT_LINK_1.0.0/iot_link/os/liteos/base/core\los_tick.c ****     for (uwIndex = 0; uwIndex < uwElapseTicks; uwIndex++)
  70:C:/Users/SAM.KINUTHIA/.icode/sdk/IoT_LINK_1.0.0/iot_link/os/liteos/base/core\los_tick.c ****     {
  71:C:/Users/SAM.KINUTHIA/.icode/sdk/IoT_LINK_1.0.0/iot_link/os/liteos/base/core\los_tick.c **** #if (LOSCFG_BASE_CORE_TICK_HW_TIME == YES)
  72:C:/Users/SAM.KINUTHIA/.icode/sdk/IoT_LINK_1.0.0/iot_link/os/liteos/base/core\los_tick.c ****         platform_tick_handler();
  73:C:/Users/SAM.KINUTHIA/.icode/sdk/IoT_LINK_1.0.0/iot_link/os/liteos/base/core\los_tick.c **** #endif
  74:C:/Users/SAM.KINUTHIA/.icode/sdk/IoT_LINK_1.0.0/iot_link/os/liteos/base/core\los_tick.c **** 
  75:C:/Users/SAM.KINUTHIA/.icode/sdk/IoT_LINK_1.0.0/iot_link/os/liteos/base/core\los_tick.c ****         g_ullTickCount ++;
  76:C:/Users/SAM.KINUTHIA/.icode/sdk/IoT_LINK_1.0.0/iot_link/os/liteos/base/core\los_tick.c **** 
  77:C:/Users/SAM.KINUTHIA/.icode/sdk/IoT_LINK_1.0.0/iot_link/os/liteos/base/core\los_tick.c **** #if(LOSCFG_BASE_CORE_TIMESLICE == YES)
  78:C:/Users/SAM.KINUTHIA/.icode/sdk/IoT_LINK_1.0.0/iot_link/os/liteos/base/core\los_tick.c ****         osTimesliceCheck();
ARM GAS  C:\Users\SAM~1.KIN\AppData\Local\Temp\ccdBY77v.s 			page 3


  79:C:/Users/SAM.KINUTHIA/.icode/sdk/IoT_LINK_1.0.0/iot_link/os/liteos/base/core\los_tick.c **** #endif
  80:C:/Users/SAM.KINUTHIA/.icode/sdk/IoT_LINK_1.0.0/iot_link/os/liteos/base/core\los_tick.c ****         osTaskScan();   //task timeout scan
  81:C:/Users/SAM.KINUTHIA/.icode/sdk/IoT_LINK_1.0.0/iot_link/os/liteos/base/core\los_tick.c **** #if (LOSCFG_BASE_CORE_SWTMR == YES)
  82:C:/Users/SAM.KINUTHIA/.icode/sdk/IoT_LINK_1.0.0/iot_link/os/liteos/base/core\los_tick.c ****         (VOID)osSwtmrScan();
  83:C:/Users/SAM.KINUTHIA/.icode/sdk/IoT_LINK_1.0.0/iot_link/os/liteos/base/core\los_tick.c **** #endif
  84:C:/Users/SAM.KINUTHIA/.icode/sdk/IoT_LINK_1.0.0/iot_link/os/liteos/base/core\los_tick.c ****     }
  85:C:/Users/SAM.KINUTHIA/.icode/sdk/IoT_LINK_1.0.0/iot_link/os/liteos/base/core\los_tick.c **** }
  86:C:/Users/SAM.KINUTHIA/.icode/sdk/IoT_LINK_1.0.0/iot_link/os/liteos/base/core\los_tick.c **** 
  87:C:/Users/SAM.KINUTHIA/.icode/sdk/IoT_LINK_1.0.0/iot_link/os/liteos/base/core\los_tick.c **** #endif
  88:C:/Users/SAM.KINUTHIA/.icode/sdk/IoT_LINK_1.0.0/iot_link/os/liteos/base/core\los_tick.c **** 
  89:C:/Users/SAM.KINUTHIA/.icode/sdk/IoT_LINK_1.0.0/iot_link/os/liteos/base/core\los_tick.c **** /*****************************************************************************
  90:C:/Users/SAM.KINUTHIA/.icode/sdk/IoT_LINK_1.0.0/iot_link/os/liteos/base/core\los_tick.c ****  Description : Tick interruption handler
  91:C:/Users/SAM.KINUTHIA/.icode/sdk/IoT_LINK_1.0.0/iot_link/os/liteos/base/core\los_tick.c ****  Input       : None
  92:C:/Users/SAM.KINUTHIA/.icode/sdk/IoT_LINK_1.0.0/iot_link/os/liteos/base/core\los_tick.c ****  Output      : None
  93:C:/Users/SAM.KINUTHIA/.icode/sdk/IoT_LINK_1.0.0/iot_link/os/liteos/base/core\los_tick.c ****  Return      : None
  94:C:/Users/SAM.KINUTHIA/.icode/sdk/IoT_LINK_1.0.0/iot_link/os/liteos/base/core\los_tick.c ****  *****************************************************************************/
  95:C:/Users/SAM.KINUTHIA/.icode/sdk/IoT_LINK_1.0.0/iot_link/os/liteos/base/core\los_tick.c **** LITE_OS_SEC_TEXT VOID osTickHandler(VOID)
  96:C:/Users/SAM.KINUTHIA/.icode/sdk/IoT_LINK_1.0.0/iot_link/os/liteos/base/core\los_tick.c **** {
  40              		.loc 1 96 0
  41              		.cfi_startproc
  42              		@ args = 0, pretend = 0, frame = 0
  43              		@ frame_needed = 1, uses_anonymous_args = 0
  44 0000 98B5     		push	{r3, r4, r7, lr}
  45              	.LCFI0:
  46              		.cfi_def_cfa_offset 16
  47              		.cfi_offset 3, -16
  48              		.cfi_offset 4, -12
  49              		.cfi_offset 7, -8
  50              		.cfi_offset 14, -4
  51 0002 00AF     		add	r7, sp, #0
  52              	.LCFI1:
  53              		.cfi_def_cfa_register 7
  97:C:/Users/SAM.KINUTHIA/.icode/sdk/IoT_LINK_1.0.0/iot_link/os/liteos/base/core\los_tick.c ****     if (!g_bSysTickStart)
  54              		.loc 1 97 0
  55 0004 0E4B     		ldr	r3, .L4
  56 0006 1B68     		ldr	r3, [r3]
  57 0008 002B     		cmp	r3, #0
  58 000a 09D1     		bne	.L2
  98:C:/Users/SAM.KINUTHIA/.icode/sdk/IoT_LINK_1.0.0/iot_link/os/liteos/base/core\los_tick.c ****     {
  99:C:/Users/SAM.KINUTHIA/.icode/sdk/IoT_LINK_1.0.0/iot_link/os/liteos/base/core\los_tick.c ****         g_ullTickCount++;
  59              		.loc 1 99 0
  60 000c 0D4B     		ldr	r3, .L4+4
  61 000e D3E90012 		ldrd	r1, [r3]
  62 0012 4B1C     		adds	r3, r1, #1
  63 0014 42F10004 		adc	r4, r2, #0
  64 0018 0A4A     		ldr	r2, .L4+4
  65 001a C2E90034 		strd	r3, [r2]
 100:C:/Users/SAM.KINUTHIA/.icode/sdk/IoT_LINK_1.0.0/iot_link/os/liteos/base/core\los_tick.c ****         return;
  66              		.loc 1 100 0
  67 001e 0EE0     		b	.L1
  68              	.L2:
 101:C:/Users/SAM.KINUTHIA/.icode/sdk/IoT_LINK_1.0.0/iot_link/os/liteos/base/core\los_tick.c ****     }
 102:C:/Users/SAM.KINUTHIA/.icode/sdk/IoT_LINK_1.0.0/iot_link/os/liteos/base/core\los_tick.c **** 
 103:C:/Users/SAM.KINUTHIA/.icode/sdk/IoT_LINK_1.0.0/iot_link/os/liteos/base/core\los_tick.c **** #if (LOSCFG_KERNEL_TICKLESS == YES)
 104:C:/Users/SAM.KINUTHIA/.icode/sdk/IoT_LINK_1.0.0/iot_link/os/liteos/base/core\los_tick.c ****     if (g_bReloadSysTickFlag)
 105:C:/Users/SAM.KINUTHIA/.icode/sdk/IoT_LINK_1.0.0/iot_link/os/liteos/base/core\los_tick.c ****     {
 106:C:/Users/SAM.KINUTHIA/.icode/sdk/IoT_LINK_1.0.0/iot_link/os/liteos/base/core\los_tick.c ****         LOS_SysTickReload(OS_SYS_CLOCK / LOSCFG_BASE_CORE_TICK_PER_SECOND);
ARM GAS  C:\Users\SAM~1.KIN\AppData\Local\Temp\ccdBY77v.s 			page 4


 107:C:/Users/SAM.KINUTHIA/.icode/sdk/IoT_LINK_1.0.0/iot_link/os/liteos/base/core\los_tick.c ****         g_bReloadSysTickFlag = 0;
 108:C:/Users/SAM.KINUTHIA/.icode/sdk/IoT_LINK_1.0.0/iot_link/os/liteos/base/core\los_tick.c ****     }
 109:C:/Users/SAM.KINUTHIA/.icode/sdk/IoT_LINK_1.0.0/iot_link/os/liteos/base/core\los_tick.c ****     g_bTickIrqFlag = g_bTicklessFlag;
 110:C:/Users/SAM.KINUTHIA/.icode/sdk/IoT_LINK_1.0.0/iot_link/os/liteos/base/core\los_tick.c **** 
 111:C:/Users/SAM.KINUTHIA/.icode/sdk/IoT_LINK_1.0.0/iot_link/os/liteos/base/core\los_tick.c ****     #if (LOSCFG_PLATFORM_HWI == NO)
 112:C:/Users/SAM.KINUTHIA/.icode/sdk/IoT_LINK_1.0.0/iot_link/os/liteos/base/core\los_tick.c ****     if (g_uwSysTickIntFlag == TICKLESS_OS_TICK_INT_WAIT)
 113:C:/Users/SAM.KINUTHIA/.icode/sdk/IoT_LINK_1.0.0/iot_link/os/liteos/base/core\los_tick.c ****     {
 114:C:/Users/SAM.KINUTHIA/.icode/sdk/IoT_LINK_1.0.0/iot_link/os/liteos/base/core\los_tick.c ****         g_uwSysTickIntFlag = TICKLESS_OS_TICK_INT_SET;
 115:C:/Users/SAM.KINUTHIA/.icode/sdk/IoT_LINK_1.0.0/iot_link/os/liteos/base/core\los_tick.c ****     }
 116:C:/Users/SAM.KINUTHIA/.icode/sdk/IoT_LINK_1.0.0/iot_link/os/liteos/base/core\los_tick.c ****     #endif
 117:C:/Users/SAM.KINUTHIA/.icode/sdk/IoT_LINK_1.0.0/iot_link/os/liteos/base/core\los_tick.c **** #endif
 118:C:/Users/SAM.KINUTHIA/.icode/sdk/IoT_LINK_1.0.0/iot_link/os/liteos/base/core\los_tick.c **** 
 119:C:/Users/SAM.KINUTHIA/.icode/sdk/IoT_LINK_1.0.0/iot_link/os/liteos/base/core\los_tick.c **** #if (LOSCFG_BASE_CORE_TICK_HW_TIME == YES)
 120:C:/Users/SAM.KINUTHIA/.icode/sdk/IoT_LINK_1.0.0/iot_link/os/liteos/base/core\los_tick.c ****     platform_tick_handler();
 121:C:/Users/SAM.KINUTHIA/.icode/sdk/IoT_LINK_1.0.0/iot_link/os/liteos/base/core\los_tick.c **** #endif
 122:C:/Users/SAM.KINUTHIA/.icode/sdk/IoT_LINK_1.0.0/iot_link/os/liteos/base/core\los_tick.c **** 
 123:C:/Users/SAM.KINUTHIA/.icode/sdk/IoT_LINK_1.0.0/iot_link/os/liteos/base/core\los_tick.c ****     g_ullTickCount ++;
  69              		.loc 1 123 0
  70 0020 084B     		ldr	r3, .L4+4
  71 0022 D3E90012 		ldrd	r1, [r3]
  72 0026 4B1C     		adds	r3, r1, #1
  73 0028 42F10004 		adc	r4, r2, #0
  74 002c 054A     		ldr	r2, .L4+4
  75 002e C2E90034 		strd	r3, [r2]
 124:C:/Users/SAM.KINUTHIA/.icode/sdk/IoT_LINK_1.0.0/iot_link/os/liteos/base/core\los_tick.c **** 
 125:C:/Users/SAM.KINUTHIA/.icode/sdk/IoT_LINK_1.0.0/iot_link/os/liteos/base/core\los_tick.c **** #if(LOSCFG_BASE_CORE_TIMESLICE == YES)
 126:C:/Users/SAM.KINUTHIA/.icode/sdk/IoT_LINK_1.0.0/iot_link/os/liteos/base/core\los_tick.c ****     osTimesliceCheck();
  76              		.loc 1 126 0
  77 0032 FFF7FEFF 		bl	osTimesliceCheck
 127:C:/Users/SAM.KINUTHIA/.icode/sdk/IoT_LINK_1.0.0/iot_link/os/liteos/base/core\los_tick.c **** #endif
 128:C:/Users/SAM.KINUTHIA/.icode/sdk/IoT_LINK_1.0.0/iot_link/os/liteos/base/core\los_tick.c **** 
 129:C:/Users/SAM.KINUTHIA/.icode/sdk/IoT_LINK_1.0.0/iot_link/os/liteos/base/core\los_tick.c ****     osTaskScan();   //task timeout scan
  78              		.loc 1 129 0
  79 0036 FFF7FEFF 		bl	osTaskScan
 130:C:/Users/SAM.KINUTHIA/.icode/sdk/IoT_LINK_1.0.0/iot_link/os/liteos/base/core\los_tick.c **** 
 131:C:/Users/SAM.KINUTHIA/.icode/sdk/IoT_LINK_1.0.0/iot_link/os/liteos/base/core\los_tick.c **** #if (LOSCFG_BASE_CORE_SWTMR == YES)
 132:C:/Users/SAM.KINUTHIA/.icode/sdk/IoT_LINK_1.0.0/iot_link/os/liteos/base/core\los_tick.c ****     (VOID)osSwtmrScan();
  80              		.loc 1 132 0
  81 003a FFF7FEFF 		bl	osSwtmrScan
  82              	.L1:
 133:C:/Users/SAM.KINUTHIA/.icode/sdk/IoT_LINK_1.0.0/iot_link/os/liteos/base/core\los_tick.c **** #endif
 134:C:/Users/SAM.KINUTHIA/.icode/sdk/IoT_LINK_1.0.0/iot_link/os/liteos/base/core\los_tick.c **** }
  83              		.loc 1 134 0
  84 003e 98BD     		pop	{r3, r4, r7, pc}
  85              	.L5:
  86              		.align	2
  87              	.L4:
  88 0040 00000000 		.word	g_bSysTickStart
  89 0044 00000000 		.word	g_ullTickCount
  90              		.cfi_endproc
  91              	.LFE287:
  93              		.section	.text.LOS_SysClockGet,"ax",%progbits
  94              		.align	1
  95              		.global	LOS_SysClockGet
  96              		.syntax unified
  97              		.thumb
  98              		.thumb_func
ARM GAS  C:\Users\SAM~1.KIN\AppData\Local\Temp\ccdBY77v.s 			page 5


  99              		.fpu fpv4-sp-d16
 101              	LOS_SysClockGet:
 102              	.LFB288:
 135:C:/Users/SAM.KINUTHIA/.icode/sdk/IoT_LINK_1.0.0/iot_link/os/liteos/base/core\los_tick.c **** 
 136:C:/Users/SAM.KINUTHIA/.icode/sdk/IoT_LINK_1.0.0/iot_link/os/liteos/base/core\los_tick.c **** LITE_OS_SEC_TEXT UINT32 LOS_SysClockGet(void)
 137:C:/Users/SAM.KINUTHIA/.icode/sdk/IoT_LINK_1.0.0/iot_link/os/liteos/base/core\los_tick.c **** {
 103              		.loc 1 137 0
 104              		.cfi_startproc
 105              		@ args = 0, pretend = 0, frame = 0
 106              		@ frame_needed = 1, uses_anonymous_args = 0
 107              		@ link register save eliminated.
 108 0000 80B4     		push	{r7}
 109              	.LCFI2:
 110              		.cfi_def_cfa_offset 4
 111              		.cfi_offset 7, -4
 112 0002 00AF     		add	r7, sp, #0
 113              	.LCFI3:
 114              		.cfi_def_cfa_register 7
 138:C:/Users/SAM.KINUTHIA/.icode/sdk/IoT_LINK_1.0.0/iot_link/os/liteos/base/core\los_tick.c ****     return g_uwSysClock;
 115              		.loc 1 138 0
 116 0004 034B     		ldr	r3, .L8
 117 0006 1B68     		ldr	r3, [r3]
 139:C:/Users/SAM.KINUTHIA/.icode/sdk/IoT_LINK_1.0.0/iot_link/os/liteos/base/core\los_tick.c **** }
 118              		.loc 1 139 0
 119 0008 1846     		mov	r0, r3
 120 000a BD46     		mov	sp, r7
 121              	.LCFI4:
 122              		.cfi_def_cfa_register 13
 123              		@ sp needed
 124 000c 5DF8047B 		ldr	r7, [sp], #4
 125              	.LCFI5:
 126              		.cfi_restore 7
 127              		.cfi_def_cfa_offset 0
 128 0010 7047     		bx	lr
 129              	.L9:
 130 0012 00BF     		.align	2
 131              	.L8:
 132 0014 00000000 		.word	g_uwSysClock
 133              		.cfi_endproc
 134              	.LFE288:
 136              		.text
 137              	.Letext0:
 138              		.file 2 "c:\\users\\sam.kinuthia\\opensourcetools\\gnu tools arm embedded\\7 2018-q2-update\\arm-n
 139              		.file 3 "c:\\users\\sam.kinuthia\\opensourcetools\\gnu tools arm embedded\\7 2018-q2-update\\arm-n
 140              		.file 4 "c:\\users\\sam.kinuthia\\opensourcetools\\gnu tools arm embedded\\7 2018-q2-update\\arm-n
 141              		.file 5 "c:\\users\\sam.kinuthia\\opensourcetools\\gnu tools arm embedded\\7 2018-q2-update\\lib\\
 142              		.file 6 "c:\\users\\sam.kinuthia\\opensourcetools\\gnu tools arm embedded\\7 2018-q2-update\\arm-n
 143              		.file 7 "C:/Users/SAM.KINUTHIA/.icode/sdk/IoT_LINK_1.0.0/iot_link/os/liteos/include/los_typedef.h"
 144              		.file 8 "c:\\users\\sam.kinuthia\\opensourcetools\\gnu tools arm embedded\\7 2018-q2-update\\arm-n
 145              		.file 9 "C:/Users/SAM.KINUTHIA/.icode/sdk/IoT_LINK_1.0.0/iot_link/os/liteos/arch/arm/common/cmsis/
 146              		.file 10 "C:/Users/SAM.KINUTHIA/Desktop/HCIAPROJECT/demofile2/targets/STM32L431_BearPi/Inc/system_
 147              		.file 11 "C:/Users/SAM.KINUTHIA/.icode/sdk/IoT_LINK_1.0.0/iot_link/os/liteos/arch/arm/arm-m/includ
 148              		.file 12 "C:/Users/SAM.KINUTHIA/.icode/sdk/IoT_LINK_1.0.0/iot_link/os/liteos/include/los_list.h"
 149              		.file 13 "C:/Users/SAM.KINUTHIA/.icode/sdk/IoT_LINK_1.0.0/iot_link/os/liteos/include/los_event.h"
 150              		.file 14 "C:/Users/SAM.KINUTHIA/.icode/sdk/IoT_LINK_1.0.0/iot_link/os/liteos/include/los_config.h"
 151              		.file 15 "C:/Users/SAM.KINUTHIA/.icode/sdk/IoT_LINK_1.0.0/iot_link/os/liteos/include/los_err.h"
 152              		.file 16 "C:/Users/SAM.KINUTHIA/.icode/sdk/IoT_LINK_1.0.0/iot_link/os/liteos/include/los_tick.h"
ARM GAS  C:\Users\SAM~1.KIN\AppData\Local\Temp\ccdBY77v.s 			page 6


 153              		.file 17 "C:/Users/SAM.KINUTHIA/.icode/sdk/IoT_LINK_1.0.0/iot_link/os/liteos/base/include/los_tick
 154              		.file 18 "C:/Users/SAM.KINUTHIA/.icode/sdk/IoT_LINK_1.0.0/iot_link/os/liteos/include/los_task.h"
 155              		.file 19 "C:/Users/SAM.KINUTHIA/.icode/sdk/IoT_LINK_1.0.0/iot_link/os/liteos/include/los_swtmr.h"
 156              		.file 20 "C:/Users/SAM.KINUTHIA/.icode/sdk/IoT_LINK_1.0.0/iot_link/os/liteos/base/include/los_swtm
 157              		.file 21 "C:/Users/SAM.KINUTHIA/.icode/sdk/IoT_LINK_1.0.0/iot_link/os/liteos/base/include/los_task
ARM GAS  C:\Users\SAM~1.KIN\AppData\Local\Temp\ccdBY77v.s 			page 7


DEFINED SYMBOLS
                            *ABS*:00000000 los_tick.c
                            *COM*:00000008 g_ullTickCount
                            *COM*:00000004 g_uwTicksPerSec
                            *COM*:00000004 g_uwCyclePerSec
                            *COM*:00000004 g_uwCyclesPerTick
                            *COM*:00000004 g_uwSysClock
C:\Users\SAM~1.KIN\AppData\Local\Temp\ccdBY77v.s:27     .bss.g_bSysTickStart:00000000 g_bSysTickStart
C:\Users\SAM~1.KIN\AppData\Local\Temp\ccdBY77v.s:24     .bss.g_bSysTickStart:00000000 $d
C:\Users\SAM~1.KIN\AppData\Local\Temp\ccdBY77v.s:30     .text.osTickHandler:00000000 $t
C:\Users\SAM~1.KIN\AppData\Local\Temp\ccdBY77v.s:37     .text.osTickHandler:00000000 osTickHandler
C:\Users\SAM~1.KIN\AppData\Local\Temp\ccdBY77v.s:88     .text.osTickHandler:00000040 $d
C:\Users\SAM~1.KIN\AppData\Local\Temp\ccdBY77v.s:94     .text.LOS_SysClockGet:00000000 $t
C:\Users\SAM~1.KIN\AppData\Local\Temp\ccdBY77v.s:101    .text.LOS_SysClockGet:00000000 LOS_SysClockGet
C:\Users\SAM~1.KIN\AppData\Local\Temp\ccdBY77v.s:132    .text.LOS_SysClockGet:00000014 $d

UNDEFINED SYMBOLS
osTimesliceCheck
osTaskScan
osSwtmrScan
