ARM GAS  C:\Users\SAM~1.KIN\AppData\Local\Temp\ccUrkSZh.s 			page 1


   1              		.cpu cortex-m4
   2              		.eabi_attribute 27, 1
   3              		.eabi_attribute 28, 1
   4              		.eabi_attribute 20, 1
   5              		.eabi_attribute 21, 1
   6              		.eabi_attribute 23, 3
   7              		.eabi_attribute 24, 1
   8              		.eabi_attribute 25, 1
   9              		.eabi_attribute 26, 1
  10              		.eabi_attribute 30, 6
  11              		.eabi_attribute 34, 1
  12              		.eabi_attribute 18, 4
  13              		.file	"malloc.c"
  14              		.text
  15              	.Ltext0:
  16              		.cfi_sections	.debug_frame
  17              		.section	.text.free,"ax",%progbits
  18              		.align	1
  19              		.weak	free
  20              		.syntax unified
  21              		.thumb
  22              		.thumb_func
  23              		.fpu fpv4-sp-d16
  25              	free:
  26              	.LFB3:
  27              		.file 1 "C:/Users/SAM.KINUTHIA/.icode/sdk/IoT_LINK_1.0.0/iot_link/os/liteos/malloc.c"
   1:C:/Users/SAM.KINUTHIA/.icode/sdk/IoT_LINK_1.0.0/iot_link/os/liteos\malloc.c **** /************************************************************************
   2:C:/Users/SAM.KINUTHIA/.icode/sdk/IoT_LINK_1.0.0/iot_link/os/liteos\malloc.c ****  * Copyright (c) <2013-2015>, <Huawei Technologies Co., Ltd>
   3:C:/Users/SAM.KINUTHIA/.icode/sdk/IoT_LINK_1.0.0/iot_link/os/liteos\malloc.c ****  * All rights reserved.
   4:C:/Users/SAM.KINUTHIA/.icode/sdk/IoT_LINK_1.0.0/iot_link/os/liteos\malloc.c ****  *
   5:C:/Users/SAM.KINUTHIA/.icode/sdk/IoT_LINK_1.0.0/iot_link/os/liteos\malloc.c ****  * Redistribution and use in source and binary forms, with or without
   6:C:/Users/SAM.KINUTHIA/.icode/sdk/IoT_LINK_1.0.0/iot_link/os/liteos\malloc.c ****  * modification, are permitted provided that the following conditions
   7:C:/Users/SAM.KINUTHIA/.icode/sdk/IoT_LINK_1.0.0/iot_link/os/liteos\malloc.c ****  * are met:
   8:C:/Users/SAM.KINUTHIA/.icode/sdk/IoT_LINK_1.0.0/iot_link/os/liteos\malloc.c ****  * 1. Redistributions of source code must retain the above copyright
   9:C:/Users/SAM.KINUTHIA/.icode/sdk/IoT_LINK_1.0.0/iot_link/os/liteos\malloc.c ****  *    notice,this list of conditions and the following disclaimer.
  10:C:/Users/SAM.KINUTHIA/.icode/sdk/IoT_LINK_1.0.0/iot_link/os/liteos\malloc.c ****  * 2. Redistributions in binary form must reproduce the above copyright
  11:C:/Users/SAM.KINUTHIA/.icode/sdk/IoT_LINK_1.0.0/iot_link/os/liteos\malloc.c ****  *    notice,this list of conditions and the following disclaimer in the
  12:C:/Users/SAM.KINUTHIA/.icode/sdk/IoT_LINK_1.0.0/iot_link/os/liteos\malloc.c ****  *    documentation and/or other materials provided with the distribution.
  13:C:/Users/SAM.KINUTHIA/.icode/sdk/IoT_LINK_1.0.0/iot_link/os/liteos\malloc.c ****  * 3. Neither the name of the copyright holder nor the names of its
  14:C:/Users/SAM.KINUTHIA/.icode/sdk/IoT_LINK_1.0.0/iot_link/os/liteos\malloc.c ****  *    contributors may be used to endorse or promote products derived from
  15:C:/Users/SAM.KINUTHIA/.icode/sdk/IoT_LINK_1.0.0/iot_link/os/liteos\malloc.c ****  *    this software without specific prior written permission.
  16:C:/Users/SAM.KINUTHIA/.icode/sdk/IoT_LINK_1.0.0/iot_link/os/liteos\malloc.c ****  *
  17:C:/Users/SAM.KINUTHIA/.icode/sdk/IoT_LINK_1.0.0/iot_link/os/liteos\malloc.c ****  * THIS SOFTWARE IS PROVIDED BY THE COPYRIGHT HOLDERS AND CONTRIBUTORS "AS IS"
  18:C:/Users/SAM.KINUTHIA/.icode/sdk/IoT_LINK_1.0.0/iot_link/os/liteos\malloc.c ****  * AND ANY EXPRESS OR IMPLIED WARRANTIES, INCLUDING, BUT NOT LIMITED TO, THE
  19:C:/Users/SAM.KINUTHIA/.icode/sdk/IoT_LINK_1.0.0/iot_link/os/liteos\malloc.c ****  * IMPLIED WARRANTIES OF MERCHANTABILITY AND FITNESS FOR A PARTICULAR PURPOSE
  20:C:/Users/SAM.KINUTHIA/.icode/sdk/IoT_LINK_1.0.0/iot_link/os/liteos\malloc.c ****  * ARE DISCLAIMED. IN NO EVENT SHALL THE COPYRIGHT HOLDER OR CONTRIBUTORS BE
  21:C:/Users/SAM.KINUTHIA/.icode/sdk/IoT_LINK_1.0.0/iot_link/os/liteos\malloc.c ****  * LIABLE FOR ANY DIRECT, INDIRECT, INCIDENTAL, SPECIAL, EXEMPLARY, OR
  22:C:/Users/SAM.KINUTHIA/.icode/sdk/IoT_LINK_1.0.0/iot_link/os/liteos\malloc.c ****  * CONSEQUENTIAL DAMAGES (INCLUDING, BUT NOT LIMITED TO, PROCUREMENT OF
  23:C:/Users/SAM.KINUTHIA/.icode/sdk/IoT_LINK_1.0.0/iot_link/os/liteos\malloc.c ****  * SUBSTITUTE GOODS OR SERVICES; LOSS OF USE, DATA, OR PROFITS; OR BUSINESS
  24:C:/Users/SAM.KINUTHIA/.icode/sdk/IoT_LINK_1.0.0/iot_link/os/liteos\malloc.c ****  * INTERRUPTION) HOWEVER CAUSED AND ON ANY THEORY OF LIABILITY, WHETHER IN
  25:C:/Users/SAM.KINUTHIA/.icode/sdk/IoT_LINK_1.0.0/iot_link/os/liteos\malloc.c ****  * CONTRACT, STRICT LIABILITY, OR TORT (INCLUDING NEGLIGENCE OR OTHERWISE)
  26:C:/Users/SAM.KINUTHIA/.icode/sdk/IoT_LINK_1.0.0/iot_link/os/liteos\malloc.c ****  * ARISING IN ANY WAY OUT OF THE USE OF THIS SOFTWARE, EVEN IF ADVISED OF THE
  27:C:/Users/SAM.KINUTHIA/.icode/sdk/IoT_LINK_1.0.0/iot_link/os/liteos\malloc.c ****  * POSSIBILITY OF SUCH DAMAGE.
  28:C:/Users/SAM.KINUTHIA/.icode/sdk/IoT_LINK_1.0.0/iot_link/os/liteos\malloc.c ****  ************************************************************************/
  29:C:/Users/SAM.KINUTHIA/.icode/sdk/IoT_LINK_1.0.0/iot_link/os/liteos\malloc.c **** 
  30:C:/Users/SAM.KINUTHIA/.icode/sdk/IoT_LINK_1.0.0/iot_link/os/liteos\malloc.c **** /************************************************************************
  31:C:/Users/SAM.KINUTHIA/.icode/sdk/IoT_LINK_1.0.0/iot_link/os/liteos\malloc.c ****  * Notice of Export Control Law
ARM GAS  C:\Users\SAM~1.KIN\AppData\Local\Temp\ccUrkSZh.s 			page 2


  32:C:/Users/SAM.KINUTHIA/.icode/sdk/IoT_LINK_1.0.0/iot_link/os/liteos\malloc.c ****  * ===============================================
  33:C:/Users/SAM.KINUTHIA/.icode/sdk/IoT_LINK_1.0.0/iot_link/os/liteos\malloc.c ****  * Huawei LiteOS may be subject to applicable export control laws and regulations,
  34:C:/Users/SAM.KINUTHIA/.icode/sdk/IoT_LINK_1.0.0/iot_link/os/liteos\malloc.c ****  * which might include those applicable to Huawei LiteOS of U.S. and the country
  35:C:/Users/SAM.KINUTHIA/.icode/sdk/IoT_LINK_1.0.0/iot_link/os/liteos\malloc.c ****  * in which you are located.
  36:C:/Users/SAM.KINUTHIA/.icode/sdk/IoT_LINK_1.0.0/iot_link/os/liteos\malloc.c ****  * Import, export and usage of Huawei LiteOS in any manner by you shall be in
  37:C:/Users/SAM.KINUTHIA/.icode/sdk/IoT_LINK_1.0.0/iot_link/os/liteos\malloc.c ****  * compliance with such applicable export control laws and regulations.
  38:C:/Users/SAM.KINUTHIA/.icode/sdk/IoT_LINK_1.0.0/iot_link/os/liteos\malloc.c ****  ************************************************************************/
  39:C:/Users/SAM.KINUTHIA/.icode/sdk/IoT_LINK_1.0.0/iot_link/os/liteos\malloc.c **** #include <stdint.h>
  40:C:/Users/SAM.KINUTHIA/.icode/sdk/IoT_LINK_1.0.0/iot_link/os/liteos\malloc.c **** #include <stddef.h>
  41:C:/Users/SAM.KINUTHIA/.icode/sdk/IoT_LINK_1.0.0/iot_link/os/liteos\malloc.c **** #include <stdlib.h>
  42:C:/Users/SAM.KINUTHIA/.icode/sdk/IoT_LINK_1.0.0/iot_link/os/liteos\malloc.c **** #include <osal.h>
  43:C:/Users/SAM.KINUTHIA/.icode/sdk/IoT_LINK_1.0.0/iot_link/os/liteos\malloc.c **** 
  44:C:/Users/SAM.KINUTHIA/.icode/sdk/IoT_LINK_1.0.0/iot_link/os/liteos\malloc.c **** #if defined(LOS_LIBC_MALLOC_ALIGN) && !defined(LOS_LIBC_MALLOC_ALIGN_SIZE)
  45:C:/Users/SAM.KINUTHIA/.icode/sdk/IoT_LINK_1.0.0/iot_link/os/liteos\malloc.c **** #error "macro LOS_LIBC_MALLOC_ALIGN_SIZE undefined"
  46:C:/Users/SAM.KINUTHIA/.icode/sdk/IoT_LINK_1.0.0/iot_link/os/liteos\malloc.c **** #endif
  47:C:/Users/SAM.KINUTHIA/.icode/sdk/IoT_LINK_1.0.0/iot_link/os/liteos\malloc.c **** 
  48:C:/Users/SAM.KINUTHIA/.icode/sdk/IoT_LINK_1.0.0/iot_link/os/liteos\malloc.c **** 
  49:C:/Users/SAM.KINUTHIA/.icode/sdk/IoT_LINK_1.0.0/iot_link/os/liteos\malloc.c **** /*****************************************************************************
  50:C:/Users/SAM.KINUTHIA/.icode/sdk/IoT_LINK_1.0.0/iot_link/os/liteos\malloc.c **** Function         :      free
  51:C:/Users/SAM.KINUTHIA/.icode/sdk/IoT_LINK_1.0.0/iot_link/os/liteos\malloc.c **** Description      :      Deallocates the memory previously allocated by a call to calloc, malloc, or
  52:C:/Users/SAM.KINUTHIA/.icode/sdk/IoT_LINK_1.0.0/iot_link/os/liteos\malloc.c ****                 realloc. The argument ptr points to the space that was previously allocated.
  53:C:/Users/SAM.KINUTHIA/.icode/sdk/IoT_LINK_1.0.0/iot_link/os/liteos\malloc.c ****                 If ptr points to a memory block that was not allocated with calloc, malloc,
  54:C:/Users/SAM.KINUTHIA/.icode/sdk/IoT_LINK_1.0.0/iot_link/os/liteos\malloc.c ****                 or realloc, or is a space that has been deallocated, then the result is
  55:C:/Users/SAM.KINUTHIA/.icode/sdk/IoT_LINK_1.0.0/iot_link/os/liteos\malloc.c ****                 undefined.
  56:C:/Users/SAM.KINUTHIA/.icode/sdk/IoT_LINK_1.0.0/iot_link/os/liteos\malloc.c **** Input            :      [1] void *ptr, pointed to the memory need to free.
  57:C:/Users/SAM.KINUTHIA/.icode/sdk/IoT_LINK_1.0.0/iot_link/os/liteos\malloc.c **** Output           :      nothing.
  58:C:/Users/SAM.KINUTHIA/.icode/sdk/IoT_LINK_1.0.0/iot_link/os/liteos\malloc.c **** Return           :      No value is returned.
  59:C:/Users/SAM.KINUTHIA/.icode/sdk/IoT_LINK_1.0.0/iot_link/os/liteos\malloc.c **** *****************************************************************************/
  60:C:/Users/SAM.KINUTHIA/.icode/sdk/IoT_LINK_1.0.0/iot_link/os/liteos\malloc.c **** __attribute__((weak)) void free(void *ptr)
  61:C:/Users/SAM.KINUTHIA/.icode/sdk/IoT_LINK_1.0.0/iot_link/os/liteos\malloc.c **** {
  28              		.loc 1 61 0
  29              		.cfi_startproc
  30              		@ args = 0, pretend = 0, frame = 8
  31              		@ frame_needed = 1, uses_anonymous_args = 0
  32 0000 80B5     		push	{r7, lr}
  33              	.LCFI0:
  34              		.cfi_def_cfa_offset 8
  35              		.cfi_offset 7, -8
  36              		.cfi_offset 14, -4
  37 0002 82B0     		sub	sp, sp, #8
  38              	.LCFI1:
  39              		.cfi_def_cfa_offset 16
  40 0004 00AF     		add	r7, sp, #0
  41              	.LCFI2:
  42              		.cfi_def_cfa_register 7
  43 0006 7860     		str	r0, [r7, #4]
  62:C:/Users/SAM.KINUTHIA/.icode/sdk/IoT_LINK_1.0.0/iot_link/os/liteos\malloc.c ****     osal_free(ptr);
  44              		.loc 1 62 0
  45 0008 7868     		ldr	r0, [r7, #4]
  46 000a FFF7FEFF 		bl	osal_free
  63:C:/Users/SAM.KINUTHIA/.icode/sdk/IoT_LINK_1.0.0/iot_link/os/liteos\malloc.c ****     return;
  47              		.loc 1 63 0
  48 000e 00BF     		nop
  64:C:/Users/SAM.KINUTHIA/.icode/sdk/IoT_LINK_1.0.0/iot_link/os/liteos\malloc.c **** }
  49              		.loc 1 64 0
  50 0010 0837     		adds	r7, r7, #8
  51              	.LCFI3:
ARM GAS  C:\Users\SAM~1.KIN\AppData\Local\Temp\ccUrkSZh.s 			page 3


  52              		.cfi_def_cfa_offset 8
  53 0012 BD46     		mov	sp, r7
  54              	.LCFI4:
  55              		.cfi_def_cfa_register 13
  56              		@ sp needed
  57 0014 80BD     		pop	{r7, pc}
  58              		.cfi_endproc
  59              	.LFE3:
  61              		.section	.text.malloc,"ax",%progbits
  62              		.align	1
  63              		.weak	malloc
  64              		.syntax unified
  65              		.thumb
  66              		.thumb_func
  67              		.fpu fpv4-sp-d16
  69              	malloc:
  70              	.LFB4:
  65:C:/Users/SAM.KINUTHIA/.icode/sdk/IoT_LINK_1.0.0/iot_link/os/liteos\malloc.c **** 
  66:C:/Users/SAM.KINUTHIA/.icode/sdk/IoT_LINK_1.0.0/iot_link/os/liteos\malloc.c **** 
  67:C:/Users/SAM.KINUTHIA/.icode/sdk/IoT_LINK_1.0.0/iot_link/os/liteos\malloc.c **** /*****************************************************************************
  68:C:/Users/SAM.KINUTHIA/.icode/sdk/IoT_LINK_1.0.0/iot_link/os/liteos\malloc.c **** Function         :      malloc
  69:C:/Users/SAM.KINUTHIA/.icode/sdk/IoT_LINK_1.0.0/iot_link/os/liteos\malloc.c **** Description      :      Allocates the requested memory and returns a pointer to it. The requested
  70:C:/Users/SAM.KINUTHIA/.icode/sdk/IoT_LINK_1.0.0/iot_link/os/liteos\malloc.c ****                 size is size bytes. The value of the space is indeterminate.
  71:C:/Users/SAM.KINUTHIA/.icode/sdk/IoT_LINK_1.0.0/iot_link/os/liteos\malloc.c **** Input            :      [1] size_t size, spcified the size need to allocate.
  72:C:/Users/SAM.KINUTHIA/.icode/sdk/IoT_LINK_1.0.0/iot_link/os/liteos\malloc.c **** Output           :      nothing.
  73:C:/Users/SAM.KINUTHIA/.icode/sdk/IoT_LINK_1.0.0/iot_link/os/liteos\malloc.c **** Return           :      On success a pointer to the requested space is returned.
  74:C:/Users/SAM.KINUTHIA/.icode/sdk/IoT_LINK_1.0.0/iot_link/os/liteos\malloc.c ****                 On failure a null pointer is returned.
  75:C:/Users/SAM.KINUTHIA/.icode/sdk/IoT_LINK_1.0.0/iot_link/os/liteos\malloc.c **** *****************************************************************************/
  76:C:/Users/SAM.KINUTHIA/.icode/sdk/IoT_LINK_1.0.0/iot_link/os/liteos\malloc.c **** __attribute__((weak)) void *malloc(size_t size) /*lint !e31 !e10*/
  77:C:/Users/SAM.KINUTHIA/.icode/sdk/IoT_LINK_1.0.0/iot_link/os/liteos\malloc.c **** {
  71              		.loc 1 77 0
  72              		.cfi_startproc
  73              		@ args = 0, pretend = 0, frame = 8
  74              		@ frame_needed = 1, uses_anonymous_args = 0
  75 0000 80B5     		push	{r7, lr}
  76              	.LCFI5:
  77              		.cfi_def_cfa_offset 8
  78              		.cfi_offset 7, -8
  79              		.cfi_offset 14, -4
  80 0002 82B0     		sub	sp, sp, #8
  81              	.LCFI6:
  82              		.cfi_def_cfa_offset 16
  83 0004 00AF     		add	r7, sp, #0
  84              	.LCFI7:
  85              		.cfi_def_cfa_register 7
  86 0006 7860     		str	r0, [r7, #4]
  78:C:/Users/SAM.KINUTHIA/.icode/sdk/IoT_LINK_1.0.0/iot_link/os/liteos\malloc.c ****     return osal_malloc(size);
  87              		.loc 1 78 0
  88 0008 7868     		ldr	r0, [r7, #4]
  89 000a FFF7FEFF 		bl	osal_malloc
  90 000e 0346     		mov	r3, r0
  79:C:/Users/SAM.KINUTHIA/.icode/sdk/IoT_LINK_1.0.0/iot_link/os/liteos\malloc.c **** 
  80:C:/Users/SAM.KINUTHIA/.icode/sdk/IoT_LINK_1.0.0/iot_link/os/liteos\malloc.c **** }
  91              		.loc 1 80 0
  92 0010 1846     		mov	r0, r3
  93 0012 0837     		adds	r7, r7, #8
  94              	.LCFI8:
ARM GAS  C:\Users\SAM~1.KIN\AppData\Local\Temp\ccUrkSZh.s 			page 4


  95              		.cfi_def_cfa_offset 8
  96 0014 BD46     		mov	sp, r7
  97              	.LCFI9:
  98              		.cfi_def_cfa_register 13
  99              		@ sp needed
 100 0016 80BD     		pop	{r7, pc}
 101              		.cfi_endproc
 102              	.LFE4:
 104              		.section	.text.zalloc,"ax",%progbits
 105              		.align	1
 106              		.weak	zalloc
 107              		.syntax unified
 108              		.thumb
 109              		.thumb_func
 110              		.fpu fpv4-sp-d16
 112              	zalloc:
 113              	.LFB5:
  81:C:/Users/SAM.KINUTHIA/.icode/sdk/IoT_LINK_1.0.0/iot_link/os/liteos\malloc.c **** 
  82:C:/Users/SAM.KINUTHIA/.icode/sdk/IoT_LINK_1.0.0/iot_link/os/liteos\malloc.c **** 
  83:C:/Users/SAM.KINUTHIA/.icode/sdk/IoT_LINK_1.0.0/iot_link/os/liteos\malloc.c **** __attribute__((weak)) void *zalloc(size_t size) /*lint !e10*/
  84:C:/Users/SAM.KINUTHIA/.icode/sdk/IoT_LINK_1.0.0/iot_link/os/liteos\malloc.c **** {
 114              		.loc 1 84 0
 115              		.cfi_startproc
 116              		@ args = 0, pretend = 0, frame = 8
 117              		@ frame_needed = 1, uses_anonymous_args = 0
 118 0000 80B5     		push	{r7, lr}
 119              	.LCFI10:
 120              		.cfi_def_cfa_offset 8
 121              		.cfi_offset 7, -8
 122              		.cfi_offset 14, -4
 123 0002 82B0     		sub	sp, sp, #8
 124              	.LCFI11:
 125              		.cfi_def_cfa_offset 16
 126 0004 00AF     		add	r7, sp, #0
 127              	.LCFI12:
 128              		.cfi_def_cfa_register 7
 129 0006 7860     		str	r0, [r7, #4]
  85:C:/Users/SAM.KINUTHIA/.icode/sdk/IoT_LINK_1.0.0/iot_link/os/liteos\malloc.c ****     return osal_zalloc(size);
 130              		.loc 1 85 0
 131 0008 7868     		ldr	r0, [r7, #4]
 132 000a FFF7FEFF 		bl	osal_zalloc
 133 000e 0346     		mov	r3, r0
  86:C:/Users/SAM.KINUTHIA/.icode/sdk/IoT_LINK_1.0.0/iot_link/os/liteos\malloc.c **** 
  87:C:/Users/SAM.KINUTHIA/.icode/sdk/IoT_LINK_1.0.0/iot_link/os/liteos\malloc.c **** }
 134              		.loc 1 87 0
 135 0010 1846     		mov	r0, r3
 136 0012 0837     		adds	r7, r7, #8
 137              	.LCFI13:
 138              		.cfi_def_cfa_offset 8
 139 0014 BD46     		mov	sp, r7
 140              	.LCFI14:
 141              		.cfi_def_cfa_register 13
 142              		@ sp needed
 143 0016 80BD     		pop	{r7, pc}
 144              		.cfi_endproc
 145              	.LFE5:
 147              		.section	.text.calloc,"ax",%progbits
ARM GAS  C:\Users\SAM~1.KIN\AppData\Local\Temp\ccUrkSZh.s 			page 5


 148              		.align	1
 149              		.weak	calloc
 150              		.syntax unified
 151              		.thumb
 152              		.thumb_func
 153              		.fpu fpv4-sp-d16
 155              	calloc:
 156              	.LFB6:
  88:C:/Users/SAM.KINUTHIA/.icode/sdk/IoT_LINK_1.0.0/iot_link/os/liteos\malloc.c **** 
  89:C:/Users/SAM.KINUTHIA/.icode/sdk/IoT_LINK_1.0.0/iot_link/os/liteos\malloc.c **** 
  90:C:/Users/SAM.KINUTHIA/.icode/sdk/IoT_LINK_1.0.0/iot_link/os/liteos\malloc.c **** /*****************************************************************************
  91:C:/Users/SAM.KINUTHIA/.icode/sdk/IoT_LINK_1.0.0/iot_link/os/liteos\malloc.c **** Function         :      calloc
  92:C:/Users/SAM.KINUTHIA/.icode/sdk/IoT_LINK_1.0.0/iot_link/os/liteos\malloc.c **** Description      :    Allocates the requested memory and returns a pointer to it. The requested
  93:C:/Users/SAM.KINUTHIA/.icode/sdk/IoT_LINK_1.0.0/iot_link/os/liteos\malloc.c ****                 size is nitems each size bytes long (total memory requested is nitems*size).
  94:C:/Users/SAM.KINUTHIA/.icode/sdk/IoT_LINK_1.0.0/iot_link/os/liteos\malloc.c ****                 The space is initialized to all zero bits.
  95:C:/Users/SAM.KINUTHIA/.icode/sdk/IoT_LINK_1.0.0/iot_link/os/liteos\malloc.c **** Input            :      [1] size_t nitems,
  96:C:/Users/SAM.KINUTHIA/.icode/sdk/IoT_LINK_1.0.0/iot_link/os/liteos\malloc.c ****                 [2] size_t size,
  97:C:/Users/SAM.KINUTHIA/.icode/sdk/IoT_LINK_1.0.0/iot_link/os/liteos\malloc.c **** Output           :      nothing.
  98:C:/Users/SAM.KINUTHIA/.icode/sdk/IoT_LINK_1.0.0/iot_link/os/liteos\malloc.c **** Return           :      On success a pointer to the requested space is returned.
  99:C:/Users/SAM.KINUTHIA/.icode/sdk/IoT_LINK_1.0.0/iot_link/os/liteos\malloc.c ****                 On failure a null pointer is returned.
 100:C:/Users/SAM.KINUTHIA/.icode/sdk/IoT_LINK_1.0.0/iot_link/os/liteos\malloc.c **** *****************************************************************************/
 101:C:/Users/SAM.KINUTHIA/.icode/sdk/IoT_LINK_1.0.0/iot_link/os/liteos\malloc.c **** __attribute__((weak)) void *calloc(size_t nitems, size_t size) /*lint !e578*/
 102:C:/Users/SAM.KINUTHIA/.icode/sdk/IoT_LINK_1.0.0/iot_link/os/liteos\malloc.c **** {
 157              		.loc 1 102 0
 158              		.cfi_startproc
 159              		@ args = 0, pretend = 0, frame = 8
 160              		@ frame_needed = 1, uses_anonymous_args = 0
 161 0000 80B5     		push	{r7, lr}
 162              	.LCFI15:
 163              		.cfi_def_cfa_offset 8
 164              		.cfi_offset 7, -8
 165              		.cfi_offset 14, -4
 166 0002 82B0     		sub	sp, sp, #8
 167              	.LCFI16:
 168              		.cfi_def_cfa_offset 16
 169 0004 00AF     		add	r7, sp, #0
 170              	.LCFI17:
 171              		.cfi_def_cfa_register 7
 172 0006 7860     		str	r0, [r7, #4]
 173 0008 3960     		str	r1, [r7]
 103:C:/Users/SAM.KINUTHIA/.icode/sdk/IoT_LINK_1.0.0/iot_link/os/liteos\malloc.c ****     return osal_calloc(nitems,size);
 174              		.loc 1 103 0
 175 000a 3968     		ldr	r1, [r7]
 176 000c 7868     		ldr	r0, [r7, #4]
 177 000e FFF7FEFF 		bl	osal_calloc
 178 0012 0346     		mov	r3, r0
 104:C:/Users/SAM.KINUTHIA/.icode/sdk/IoT_LINK_1.0.0/iot_link/os/liteos\malloc.c **** }
 179              		.loc 1 104 0
 180 0014 1846     		mov	r0, r3
 181 0016 0837     		adds	r7, r7, #8
 182              	.LCFI18:
 183              		.cfi_def_cfa_offset 8
 184 0018 BD46     		mov	sp, r7
 185              	.LCFI19:
 186              		.cfi_def_cfa_register 13
 187              		@ sp needed
 188 001a 80BD     		pop	{r7, pc}
ARM GAS  C:\Users\SAM~1.KIN\AppData\Local\Temp\ccUrkSZh.s 			page 6


 189              		.cfi_endproc
 190              	.LFE6:
 192              		.section	.text.memalign,"ax",%progbits
 193              		.align	1
 194              		.weak	memalign
 195              		.syntax unified
 196              		.thumb
 197              		.thumb_func
 198              		.fpu fpv4-sp-d16
 200              	memalign:
 201              	.LFB7:
 105:C:/Users/SAM.KINUTHIA/.icode/sdk/IoT_LINK_1.0.0/iot_link/os/liteos\malloc.c **** 
 106:C:/Users/SAM.KINUTHIA/.icode/sdk/IoT_LINK_1.0.0/iot_link/os/liteos\malloc.c **** 
 107:C:/Users/SAM.KINUTHIA/.icode/sdk/IoT_LINK_1.0.0/iot_link/os/liteos\malloc.c **** /*****************************************************************************
 108:C:/Users/SAM.KINUTHIA/.icode/sdk/IoT_LINK_1.0.0/iot_link/os/liteos\malloc.c **** Function         :      memalign
 109:C:/Users/SAM.KINUTHIA/.icode/sdk/IoT_LINK_1.0.0/iot_link/os/liteos\malloc.c **** Description      :      allocates a block of size bytes whose address is a multiple of boundary.
 110:C:/Users/SAM.KINUTHIA/.icode/sdk/IoT_LINK_1.0.0/iot_link/os/liteos\malloc.c ****                The boundary must be a power of two!
 111:C:/Users/SAM.KINUTHIA/.icode/sdk/IoT_LINK_1.0.0/iot_link/os/liteos\malloc.c **** Input            :      [1] size_t size, spcified the size need to allocate.
 112:C:/Users/SAM.KINUTHIA/.icode/sdk/IoT_LINK_1.0.0/iot_link/os/liteos\malloc.c ****                [2] size_t boundary, the returned memory address will be a multiple of boundary.
 113:C:/Users/SAM.KINUTHIA/.icode/sdk/IoT_LINK_1.0.0/iot_link/os/liteos\malloc.c ****                This argument must be a power of two. This property is not checked by
 114:C:/Users/SAM.KINUTHIA/.icode/sdk/IoT_LINK_1.0.0/iot_link/os/liteos\malloc.c ****                memalign, so misuse may result in random runtime errors.
 115:C:/Users/SAM.KINUTHIA/.icode/sdk/IoT_LINK_1.0.0/iot_link/os/liteos\malloc.c **** Output           :      nothing.
 116:C:/Users/SAM.KINUTHIA/.icode/sdk/IoT_LINK_1.0.0/iot_link/os/liteos\malloc.c **** Return           :      On success a pointer to the requested space is returned.
 117:C:/Users/SAM.KINUTHIA/.icode/sdk/IoT_LINK_1.0.0/iot_link/os/liteos\malloc.c ****                On failure a null pointer is returned.
 118:C:/Users/SAM.KINUTHIA/.icode/sdk/IoT_LINK_1.0.0/iot_link/os/liteos\malloc.c **** *****************************************************************************/
 119:C:/Users/SAM.KINUTHIA/.icode/sdk/IoT_LINK_1.0.0/iot_link/os/liteos\malloc.c **** __attribute__((weak)) void *memalign (size_t boundary, size_t size)  /*lint !e18 !e578*/
 120:C:/Users/SAM.KINUTHIA/.icode/sdk/IoT_LINK_1.0.0/iot_link/os/liteos\malloc.c **** {
 202              		.loc 1 120 0
 203              		.cfi_startproc
 204              		@ args = 0, pretend = 0, frame = 8
 205              		@ frame_needed = 1, uses_anonymous_args = 0
 206 0000 80B5     		push	{r7, lr}
 207              	.LCFI20:
 208              		.cfi_def_cfa_offset 8
 209              		.cfi_offset 7, -8
 210              		.cfi_offset 14, -4
 211 0002 82B0     		sub	sp, sp, #8
 212              	.LCFI21:
 213              		.cfi_def_cfa_offset 16
 214 0004 00AF     		add	r7, sp, #0
 215              	.LCFI22:
 216              		.cfi_def_cfa_register 7
 217 0006 7860     		str	r0, [r7, #4]
 218 0008 3960     		str	r1, [r7]
 121:C:/Users/SAM.KINUTHIA/.icode/sdk/IoT_LINK_1.0.0/iot_link/os/liteos\malloc.c ****     return osal_malloc(size);
 219              		.loc 1 121 0
 220 000a 3868     		ldr	r0, [r7]
 221 000c FFF7FEFF 		bl	osal_malloc
 222 0010 0346     		mov	r3, r0
 122:C:/Users/SAM.KINUTHIA/.icode/sdk/IoT_LINK_1.0.0/iot_link/os/liteos\malloc.c **** }
 223              		.loc 1 122 0
 224 0012 1846     		mov	r0, r3
 225 0014 0837     		adds	r7, r7, #8
 226              	.LCFI23:
 227              		.cfi_def_cfa_offset 8
 228 0016 BD46     		mov	sp, r7
 229              	.LCFI24:
ARM GAS  C:\Users\SAM~1.KIN\AppData\Local\Temp\ccUrkSZh.s 			page 7


 230              		.cfi_def_cfa_register 13
 231              		@ sp needed
 232 0018 80BD     		pop	{r7, pc}
 233              		.cfi_endproc
 234              	.LFE7:
 236              		.section	.text.realloc,"ax",%progbits
 237              		.align	1
 238              		.global	realloc
 239              		.syntax unified
 240              		.thumb
 241              		.thumb_func
 242              		.fpu fpv4-sp-d16
 244              	realloc:
 245              	.LFB8:
 123:C:/Users/SAM.KINUTHIA/.icode/sdk/IoT_LINK_1.0.0/iot_link/os/liteos\malloc.c **** 
 124:C:/Users/SAM.KINUTHIA/.icode/sdk/IoT_LINK_1.0.0/iot_link/os/liteos\malloc.c **** 
 125:C:/Users/SAM.KINUTHIA/.icode/sdk/IoT_LINK_1.0.0/iot_link/os/liteos\malloc.c **** /*****************************************************************************
 126:C:/Users/SAM.KINUTHIA/.icode/sdk/IoT_LINK_1.0.0/iot_link/os/liteos\malloc.c **** Function         :      realloc
 127:C:/Users/SAM.KINUTHIA/.icode/sdk/IoT_LINK_1.0.0/iot_link/os/liteos\malloc.c **** Description      :      Attempts to resize the memory block pointed to by ptr that was previously
 128:C:/Users/SAM.KINUTHIA/.icode/sdk/IoT_LINK_1.0.0/iot_link/os/liteos\malloc.c ****                 allocated with a call to malloc or calloc. The contents pointed to by ptr are
 129:C:/Users/SAM.KINUTHIA/.icode/sdk/IoT_LINK_1.0.0/iot_link/os/liteos\malloc.c ****                 unchanged. If the value of size is greater than the previous size of the
 130:C:/Users/SAM.KINUTHIA/.icode/sdk/IoT_LINK_1.0.0/iot_link/os/liteos\malloc.c ****                 block, then the additional bytes have an undeterminate value. If the value
 131:C:/Users/SAM.KINUTHIA/.icode/sdk/IoT_LINK_1.0.0/iot_link/os/liteos\malloc.c ****                 of size is less than the previous size of the block, then the difference of
 132:C:/Users/SAM.KINUTHIA/.icode/sdk/IoT_LINK_1.0.0/iot_link/os/liteos\malloc.c ****                 bytes at the end of the block are freed. If ptr is null, then it behaves like
 133:C:/Users/SAM.KINUTHIA/.icode/sdk/IoT_LINK_1.0.0/iot_link/os/liteos\malloc.c ****                 malloc. If ptr points to a memory block that was not allocated with calloc
 134:C:/Users/SAM.KINUTHIA/.icode/sdk/IoT_LINK_1.0.0/iot_link/os/liteos\malloc.c ****                 or malloc, or is a space that has been deallocated, then the result is
 135:C:/Users/SAM.KINUTHIA/.icode/sdk/IoT_LINK_1.0.0/iot_link/os/liteos\malloc.c ****                 undefined. If the new space cannot be allocated, then the contents pointed
 136:C:/Users/SAM.KINUTHIA/.icode/sdk/IoT_LINK_1.0.0/iot_link/os/liteos\malloc.c ****                 to by ptr are unchanged. If size is zero, then the memory block is completely
 137:C:/Users/SAM.KINUTHIA/.icode/sdk/IoT_LINK_1.0.0/iot_link/os/liteos\malloc.c ****                 freed.
 138:C:/Users/SAM.KINUTHIA/.icode/sdk/IoT_LINK_1.0.0/iot_link/os/liteos\malloc.c **** Input            :      [1] void *ptr, pointed to the memory which need to remalloc.
 139:C:/Users/SAM.KINUTHIA/.icode/sdk/IoT_LINK_1.0.0/iot_link/os/liteos\malloc.c ****                 [2] size_t size, specified the size to remalloc.
 140:C:/Users/SAM.KINUTHIA/.icode/sdk/IoT_LINK_1.0.0/iot_link/os/liteos\malloc.c **** Output           :      nothing.
 141:C:/Users/SAM.KINUTHIA/.icode/sdk/IoT_LINK_1.0.0/iot_link/os/liteos\malloc.c **** Return           :      On success a pointer to the memory block is returned (which may be in a
 142:C:/Users/SAM.KINUTHIA/.icode/sdk/IoT_LINK_1.0.0/iot_link/os/liteos\malloc.c ****                 different location as before).
 143:C:/Users/SAM.KINUTHIA/.icode/sdk/IoT_LINK_1.0.0/iot_link/os/liteos\malloc.c ****                On failure or if size is zero, a null pointer is returned.
 144:C:/Users/SAM.KINUTHIA/.icode/sdk/IoT_LINK_1.0.0/iot_link/os/liteos\malloc.c **** *****************************************************************************/
 145:C:/Users/SAM.KINUTHIA/.icode/sdk/IoT_LINK_1.0.0/iot_link/os/liteos\malloc.c **** void *realloc(void *ptr, size_t size)
 146:C:/Users/SAM.KINUTHIA/.icode/sdk/IoT_LINK_1.0.0/iot_link/os/liteos\malloc.c **** {
 246              		.loc 1 146 0
 247              		.cfi_startproc
 248              		@ args = 0, pretend = 0, frame = 8
 249              		@ frame_needed = 1, uses_anonymous_args = 0
 250 0000 80B5     		push	{r7, lr}
 251              	.LCFI25:
 252              		.cfi_def_cfa_offset 8
 253              		.cfi_offset 7, -8
 254              		.cfi_offset 14, -4
 255 0002 82B0     		sub	sp, sp, #8
 256              	.LCFI26:
 257              		.cfi_def_cfa_offset 16
 258 0004 00AF     		add	r7, sp, #0
 259              	.LCFI27:
 260              		.cfi_def_cfa_register 7
 261 0006 7860     		str	r0, [r7, #4]
 262 0008 3960     		str	r1, [r7]
 147:C:/Users/SAM.KINUTHIA/.icode/sdk/IoT_LINK_1.0.0/iot_link/os/liteos\malloc.c ****     return osal_realloc(ptr,size);
 263              		.loc 1 147 0
ARM GAS  C:\Users\SAM~1.KIN\AppData\Local\Temp\ccUrkSZh.s 			page 8


 264 000a 3968     		ldr	r1, [r7]
 265 000c 7868     		ldr	r0, [r7, #4]
 266 000e FFF7FEFF 		bl	osal_realloc
 267 0012 0346     		mov	r3, r0
 148:C:/Users/SAM.KINUTHIA/.icode/sdk/IoT_LINK_1.0.0/iot_link/os/liteos\malloc.c **** }
 268              		.loc 1 148 0
 269 0014 1846     		mov	r0, r3
 270 0016 0837     		adds	r7, r7, #8
 271              	.LCFI28:
 272              		.cfi_def_cfa_offset 8
 273 0018 BD46     		mov	sp, r7
 274              	.LCFI29:
 275              		.cfi_def_cfa_register 13
 276              		@ sp needed
 277 001a 80BD     		pop	{r7, pc}
 278              		.cfi_endproc
 279              	.LFE8:
 281              		.text
 282              	.Letext0:
 283              		.file 2 "c:\\users\\sam.kinuthia\\opensourcetools\\gnu tools arm embedded\\7 2018-q2-update\\lib\\
 284              		.file 3 "c:\\users\\sam.kinuthia\\opensourcetools\\gnu tools arm embedded\\7 2018-q2-update\\arm-n
 285              		.file 4 "c:\\users\\sam.kinuthia\\opensourcetools\\gnu tools arm embedded\\7 2018-q2-update\\arm-n
 286              		.file 5 "c:\\users\\sam.kinuthia\\opensourcetools\\gnu tools arm embedded\\7 2018-q2-update\\arm-n
 287              		.file 6 "c:\\users\\sam.kinuthia\\opensourcetools\\gnu tools arm embedded\\7 2018-q2-update\\arm-n
ARM GAS  C:\Users\SAM~1.KIN\AppData\Local\Temp\ccUrkSZh.s 			page 9


DEFINED SYMBOLS
                            *ABS*:00000000 malloc.c
C:\Users\SAM~1.KIN\AppData\Local\Temp\ccUrkSZh.s:18     .text.free:00000000 $t
C:\Users\SAM~1.KIN\AppData\Local\Temp\ccUrkSZh.s:25     .text.free:00000000 free
C:\Users\SAM~1.KIN\AppData\Local\Temp\ccUrkSZh.s:62     .text.malloc:00000000 $t
C:\Users\SAM~1.KIN\AppData\Local\Temp\ccUrkSZh.s:69     .text.malloc:00000000 malloc
C:\Users\SAM~1.KIN\AppData\Local\Temp\ccUrkSZh.s:105    .text.zalloc:00000000 $t
C:\Users\SAM~1.KIN\AppData\Local\Temp\ccUrkSZh.s:112    .text.zalloc:00000000 zalloc
C:\Users\SAM~1.KIN\AppData\Local\Temp\ccUrkSZh.s:148    .text.calloc:00000000 $t
C:\Users\SAM~1.KIN\AppData\Local\Temp\ccUrkSZh.s:155    .text.calloc:00000000 calloc
C:\Users\SAM~1.KIN\AppData\Local\Temp\ccUrkSZh.s:193    .text.memalign:00000000 $t
C:\Users\SAM~1.KIN\AppData\Local\Temp\ccUrkSZh.s:200    .text.memalign:00000000 memalign
C:\Users\SAM~1.KIN\AppData\Local\Temp\ccUrkSZh.s:237    .text.realloc:00000000 $t
C:\Users\SAM~1.KIN\AppData\Local\Temp\ccUrkSZh.s:244    .text.realloc:00000000 realloc

UNDEFINED SYMBOLS
osal_free
osal_malloc
osal_zalloc
osal_calloc
osal_realloc
