ARM GAS  C:\Users\SAM~1.KIN\AppData\Local\Temp\ccyqkSZh.s 			page 1


   1              		.cpu cortex-m4
   2              		.eabi_attribute 27, 1
   3              		.eabi_attribute 28, 1
   4              		.eabi_attribute 20, 1
   5              		.eabi_attribute 21, 1
   6              		.eabi_attribute 23, 3
   7              		.eabi_attribute 24, 1
   8              		.eabi_attribute 25, 1
   9              		.eabi_attribute 26, 1
  10              		.eabi_attribute 30, 6
  11              		.eabi_attribute 34, 1
  12              		.eabi_attribute 18, 4
  13              		.file	"stm32l4xx_hal_flash_ramfunc.c"
  14              		.text
  15              	.Ltext0:
  16              		.cfi_sections	.debug_frame
  17              		.section	.RamFunc,"ax",%progbits
  18              		.align	1
  19              		.global	HAL_FLASHEx_EnableRunPowerDown
  20              		.syntax unified
  21              		.thumb
  22              		.thumb_func
  23              		.fpu fpv4-sp-d16
  25              	HAL_FLASHEx_EnableRunPowerDown:
  26              	.LFB287:
  27              		.file 1 "C:/Users/SAM.KINUTHIA/.icode/sdk/IoT_LINK_1.0.0/drivers/third_party/ST/STM32L4xx_HAL_Driv
   1:C:/Users/SAM.KINUTHIA/.icode/sdk/IoT_LINK_1.0.0/drivers/third_party/ST/STM32L4xx_HAL_Driver/Src\stm32l4xx_hal_flash_ramfunc.c **** /**
   2:C:/Users/SAM.KINUTHIA/.icode/sdk/IoT_LINK_1.0.0/drivers/third_party/ST/STM32L4xx_HAL_Driver/Src\stm32l4xx_hal_flash_ramfunc.c ****   ******************************************************************************
   3:C:/Users/SAM.KINUTHIA/.icode/sdk/IoT_LINK_1.0.0/drivers/third_party/ST/STM32L4xx_HAL_Driver/Src\stm32l4xx_hal_flash_ramfunc.c ****   * @file    stm32l4xx_hal_flash_ramfunc.c
   4:C:/Users/SAM.KINUTHIA/.icode/sdk/IoT_LINK_1.0.0/drivers/third_party/ST/STM32L4xx_HAL_Driver/Src\stm32l4xx_hal_flash_ramfunc.c ****   * @author  MCD Application Team
   5:C:/Users/SAM.KINUTHIA/.icode/sdk/IoT_LINK_1.0.0/drivers/third_party/ST/STM32L4xx_HAL_Driver/Src\stm32l4xx_hal_flash_ramfunc.c ****   * @brief   FLASH RAMFUNC driver.
   6:C:/Users/SAM.KINUTHIA/.icode/sdk/IoT_LINK_1.0.0/drivers/third_party/ST/STM32L4xx_HAL_Driver/Src\stm32l4xx_hal_flash_ramfunc.c ****   *          This file provides a Flash firmware functions which should be 
   7:C:/Users/SAM.KINUTHIA/.icode/sdk/IoT_LINK_1.0.0/drivers/third_party/ST/STM32L4xx_HAL_Driver/Src\stm32l4xx_hal_flash_ramfunc.c ****   *          executed from internal SRAM
   8:C:/Users/SAM.KINUTHIA/.icode/sdk/IoT_LINK_1.0.0/drivers/third_party/ST/STM32L4xx_HAL_Driver/Src\stm32l4xx_hal_flash_ramfunc.c ****   *            + FLASH HalfPage Programming
   9:C:/Users/SAM.KINUTHIA/.icode/sdk/IoT_LINK_1.0.0/drivers/third_party/ST/STM32L4xx_HAL_Driver/Src\stm32l4xx_hal_flash_ramfunc.c ****   *            + FLASH Power Down in Run mode
  10:C:/Users/SAM.KINUTHIA/.icode/sdk/IoT_LINK_1.0.0/drivers/third_party/ST/STM32L4xx_HAL_Driver/Src\stm32l4xx_hal_flash_ramfunc.c ****   *
  11:C:/Users/SAM.KINUTHIA/.icode/sdk/IoT_LINK_1.0.0/drivers/third_party/ST/STM32L4xx_HAL_Driver/Src\stm32l4xx_hal_flash_ramfunc.c ****   *  @verbatim
  12:C:/Users/SAM.KINUTHIA/.icode/sdk/IoT_LINK_1.0.0/drivers/third_party/ST/STM32L4xx_HAL_Driver/Src\stm32l4xx_hal_flash_ramfunc.c ****   ==============================================================================
  13:C:/Users/SAM.KINUTHIA/.icode/sdk/IoT_LINK_1.0.0/drivers/third_party/ST/STM32L4xx_HAL_Driver/Src\stm32l4xx_hal_flash_ramfunc.c ****                    ##### Flash RAM functions #####
  14:C:/Users/SAM.KINUTHIA/.icode/sdk/IoT_LINK_1.0.0/drivers/third_party/ST/STM32L4xx_HAL_Driver/Src\stm32l4xx_hal_flash_ramfunc.c ****   ==============================================================================    
  15:C:/Users/SAM.KINUTHIA/.icode/sdk/IoT_LINK_1.0.0/drivers/third_party/ST/STM32L4xx_HAL_Driver/Src\stm32l4xx_hal_flash_ramfunc.c **** 
  16:C:/Users/SAM.KINUTHIA/.icode/sdk/IoT_LINK_1.0.0/drivers/third_party/ST/STM32L4xx_HAL_Driver/Src\stm32l4xx_hal_flash_ramfunc.c ****     *** ARM Compiler ***
  17:C:/Users/SAM.KINUTHIA/.icode/sdk/IoT_LINK_1.0.0/drivers/third_party/ST/STM32L4xx_HAL_Driver/Src\stm32l4xx_hal_flash_ramfunc.c ****     --------------------
  18:C:/Users/SAM.KINUTHIA/.icode/sdk/IoT_LINK_1.0.0/drivers/third_party/ST/STM32L4xx_HAL_Driver/Src\stm32l4xx_hal_flash_ramfunc.c ****     [..] RAM functions are defined using the toolchain options. 
  19:C:/Users/SAM.KINUTHIA/.icode/sdk/IoT_LINK_1.0.0/drivers/third_party/ST/STM32L4xx_HAL_Driver/Src\stm32l4xx_hal_flash_ramfunc.c ****          Functions that are executed in RAM should reside in a separate
  20:C:/Users/SAM.KINUTHIA/.icode/sdk/IoT_LINK_1.0.0/drivers/third_party/ST/STM32L4xx_HAL_Driver/Src\stm32l4xx_hal_flash_ramfunc.c ****          source module. Using the 'Options for File' dialog you can simply change
  21:C:/Users/SAM.KINUTHIA/.icode/sdk/IoT_LINK_1.0.0/drivers/third_party/ST/STM32L4xx_HAL_Driver/Src\stm32l4xx_hal_flash_ramfunc.c ****          the 'Code / Const' area of a module to a memory space in physical RAM.
  22:C:/Users/SAM.KINUTHIA/.icode/sdk/IoT_LINK_1.0.0/drivers/third_party/ST/STM32L4xx_HAL_Driver/Src\stm32l4xx_hal_flash_ramfunc.c ****          Available memory areas are declared in the 'Target' tab of the 
  23:C:/Users/SAM.KINUTHIA/.icode/sdk/IoT_LINK_1.0.0/drivers/third_party/ST/STM32L4xx_HAL_Driver/Src\stm32l4xx_hal_flash_ramfunc.c ****          Options for Target' dialog.
  24:C:/Users/SAM.KINUTHIA/.icode/sdk/IoT_LINK_1.0.0/drivers/third_party/ST/STM32L4xx_HAL_Driver/Src\stm32l4xx_hal_flash_ramfunc.c **** 
  25:C:/Users/SAM.KINUTHIA/.icode/sdk/IoT_LINK_1.0.0/drivers/third_party/ST/STM32L4xx_HAL_Driver/Src\stm32l4xx_hal_flash_ramfunc.c ****     *** ICCARM Compiler ***
  26:C:/Users/SAM.KINUTHIA/.icode/sdk/IoT_LINK_1.0.0/drivers/third_party/ST/STM32L4xx_HAL_Driver/Src\stm32l4xx_hal_flash_ramfunc.c ****     -----------------------
  27:C:/Users/SAM.KINUTHIA/.icode/sdk/IoT_LINK_1.0.0/drivers/third_party/ST/STM32L4xx_HAL_Driver/Src\stm32l4xx_hal_flash_ramfunc.c ****     [..] RAM functions are defined using a specific toolchain keyword "__ramfunc".
  28:C:/Users/SAM.KINUTHIA/.icode/sdk/IoT_LINK_1.0.0/drivers/third_party/ST/STM32L4xx_HAL_Driver/Src\stm32l4xx_hal_flash_ramfunc.c **** 
  29:C:/Users/SAM.KINUTHIA/.icode/sdk/IoT_LINK_1.0.0/drivers/third_party/ST/STM32L4xx_HAL_Driver/Src\stm32l4xx_hal_flash_ramfunc.c ****     *** GNU Compiler ***
  30:C:/Users/SAM.KINUTHIA/.icode/sdk/IoT_LINK_1.0.0/drivers/third_party/ST/STM32L4xx_HAL_Driver/Src\stm32l4xx_hal_flash_ramfunc.c ****     --------------------
  31:C:/Users/SAM.KINUTHIA/.icode/sdk/IoT_LINK_1.0.0/drivers/third_party/ST/STM32L4xx_HAL_Driver/Src\stm32l4xx_hal_flash_ramfunc.c ****     [..] RAM functions are defined using a specific toolchain attribute
ARM GAS  C:\Users\SAM~1.KIN\AppData\Local\Temp\ccyqkSZh.s 			page 2


  32:C:/Users/SAM.KINUTHIA/.icode/sdk/IoT_LINK_1.0.0/drivers/third_party/ST/STM32L4xx_HAL_Driver/Src\stm32l4xx_hal_flash_ramfunc.c ****          "__attribute__((section(".RamFunc")))".
  33:C:/Users/SAM.KINUTHIA/.icode/sdk/IoT_LINK_1.0.0/drivers/third_party/ST/STM32L4xx_HAL_Driver/Src\stm32l4xx_hal_flash_ramfunc.c ****   
  34:C:/Users/SAM.KINUTHIA/.icode/sdk/IoT_LINK_1.0.0/drivers/third_party/ST/STM32L4xx_HAL_Driver/Src\stm32l4xx_hal_flash_ramfunc.c ****   @endverbatim
  35:C:/Users/SAM.KINUTHIA/.icode/sdk/IoT_LINK_1.0.0/drivers/third_party/ST/STM32L4xx_HAL_Driver/Src\stm32l4xx_hal_flash_ramfunc.c ****   ******************************************************************************
  36:C:/Users/SAM.KINUTHIA/.icode/sdk/IoT_LINK_1.0.0/drivers/third_party/ST/STM32L4xx_HAL_Driver/Src\stm32l4xx_hal_flash_ramfunc.c ****   * @attention
  37:C:/Users/SAM.KINUTHIA/.icode/sdk/IoT_LINK_1.0.0/drivers/third_party/ST/STM32L4xx_HAL_Driver/Src\stm32l4xx_hal_flash_ramfunc.c ****   *
  38:C:/Users/SAM.KINUTHIA/.icode/sdk/IoT_LINK_1.0.0/drivers/third_party/ST/STM32L4xx_HAL_Driver/Src\stm32l4xx_hal_flash_ramfunc.c ****   * <h2><center>&copy; COPYRIGHT(c) 2017 STMicroelectronics</center></h2>
  39:C:/Users/SAM.KINUTHIA/.icode/sdk/IoT_LINK_1.0.0/drivers/third_party/ST/STM32L4xx_HAL_Driver/Src\stm32l4xx_hal_flash_ramfunc.c ****   *
  40:C:/Users/SAM.KINUTHIA/.icode/sdk/IoT_LINK_1.0.0/drivers/third_party/ST/STM32L4xx_HAL_Driver/Src\stm32l4xx_hal_flash_ramfunc.c ****   * Redistribution and use in source and binary forms, with or without modification,
  41:C:/Users/SAM.KINUTHIA/.icode/sdk/IoT_LINK_1.0.0/drivers/third_party/ST/STM32L4xx_HAL_Driver/Src\stm32l4xx_hal_flash_ramfunc.c ****   * are permitted provided that the following conditions are met:
  42:C:/Users/SAM.KINUTHIA/.icode/sdk/IoT_LINK_1.0.0/drivers/third_party/ST/STM32L4xx_HAL_Driver/Src\stm32l4xx_hal_flash_ramfunc.c ****   *   1. Redistributions of source code must retain the above copyright notice,
  43:C:/Users/SAM.KINUTHIA/.icode/sdk/IoT_LINK_1.0.0/drivers/third_party/ST/STM32L4xx_HAL_Driver/Src\stm32l4xx_hal_flash_ramfunc.c ****   *      this list of conditions and the following disclaimer.
  44:C:/Users/SAM.KINUTHIA/.icode/sdk/IoT_LINK_1.0.0/drivers/third_party/ST/STM32L4xx_HAL_Driver/Src\stm32l4xx_hal_flash_ramfunc.c ****   *   2. Redistributions in binary form must reproduce the above copyright notice,
  45:C:/Users/SAM.KINUTHIA/.icode/sdk/IoT_LINK_1.0.0/drivers/third_party/ST/STM32L4xx_HAL_Driver/Src\stm32l4xx_hal_flash_ramfunc.c ****   *      this list of conditions and the following disclaimer in the documentation
  46:C:/Users/SAM.KINUTHIA/.icode/sdk/IoT_LINK_1.0.0/drivers/third_party/ST/STM32L4xx_HAL_Driver/Src\stm32l4xx_hal_flash_ramfunc.c ****   *      and/or other materials provided with the distribution.
  47:C:/Users/SAM.KINUTHIA/.icode/sdk/IoT_LINK_1.0.0/drivers/third_party/ST/STM32L4xx_HAL_Driver/Src\stm32l4xx_hal_flash_ramfunc.c ****   *   3. Neither the name of STMicroelectronics nor the names of its contributors
  48:C:/Users/SAM.KINUTHIA/.icode/sdk/IoT_LINK_1.0.0/drivers/third_party/ST/STM32L4xx_HAL_Driver/Src\stm32l4xx_hal_flash_ramfunc.c ****   *      may be used to endorse or promote products derived from this software
  49:C:/Users/SAM.KINUTHIA/.icode/sdk/IoT_LINK_1.0.0/drivers/third_party/ST/STM32L4xx_HAL_Driver/Src\stm32l4xx_hal_flash_ramfunc.c ****   *      without specific prior written permission.
  50:C:/Users/SAM.KINUTHIA/.icode/sdk/IoT_LINK_1.0.0/drivers/third_party/ST/STM32L4xx_HAL_Driver/Src\stm32l4xx_hal_flash_ramfunc.c ****   *
  51:C:/Users/SAM.KINUTHIA/.icode/sdk/IoT_LINK_1.0.0/drivers/third_party/ST/STM32L4xx_HAL_Driver/Src\stm32l4xx_hal_flash_ramfunc.c ****   * THIS SOFTWARE IS PROVIDED BY THE COPYRIGHT HOLDERS AND CONTRIBUTORS "AS IS"
  52:C:/Users/SAM.KINUTHIA/.icode/sdk/IoT_LINK_1.0.0/drivers/third_party/ST/STM32L4xx_HAL_Driver/Src\stm32l4xx_hal_flash_ramfunc.c ****   * AND ANY EXPRESS OR IMPLIED WARRANTIES, INCLUDING, BUT NOT LIMITED TO, THE
  53:C:/Users/SAM.KINUTHIA/.icode/sdk/IoT_LINK_1.0.0/drivers/third_party/ST/STM32L4xx_HAL_Driver/Src\stm32l4xx_hal_flash_ramfunc.c ****   * IMPLIED WARRANTIES OF MERCHANTABILITY AND FITNESS FOR A PARTICULAR PURPOSE ARE
  54:C:/Users/SAM.KINUTHIA/.icode/sdk/IoT_LINK_1.0.0/drivers/third_party/ST/STM32L4xx_HAL_Driver/Src\stm32l4xx_hal_flash_ramfunc.c ****   * DISCLAIMED. IN NO EVENT SHALL THE COPYRIGHT HOLDER OR CONTRIBUTORS BE LIABLE
  55:C:/Users/SAM.KINUTHIA/.icode/sdk/IoT_LINK_1.0.0/drivers/third_party/ST/STM32L4xx_HAL_Driver/Src\stm32l4xx_hal_flash_ramfunc.c ****   * FOR ANY DIRECT, INDIRECT, INCIDENTAL, SPECIAL, EXEMPLARY, OR CONSEQUENTIAL
  56:C:/Users/SAM.KINUTHIA/.icode/sdk/IoT_LINK_1.0.0/drivers/third_party/ST/STM32L4xx_HAL_Driver/Src\stm32l4xx_hal_flash_ramfunc.c ****   * DAMAGES (INCLUDING, BUT NOT LIMITED TO, PROCUREMENT OF SUBSTITUTE GOODS OR
  57:C:/Users/SAM.KINUTHIA/.icode/sdk/IoT_LINK_1.0.0/drivers/third_party/ST/STM32L4xx_HAL_Driver/Src\stm32l4xx_hal_flash_ramfunc.c ****   * SERVICES; LOSS OF USE, DATA, OR PROFITS; OR BUSINESS INTERRUPTION) HOWEVER
  58:C:/Users/SAM.KINUTHIA/.icode/sdk/IoT_LINK_1.0.0/drivers/third_party/ST/STM32L4xx_HAL_Driver/Src\stm32l4xx_hal_flash_ramfunc.c ****   * CAUSED AND ON ANY THEORY OF LIABILITY, WHETHER IN CONTRACT, STRICT LIABILITY,
  59:C:/Users/SAM.KINUTHIA/.icode/sdk/IoT_LINK_1.0.0/drivers/third_party/ST/STM32L4xx_HAL_Driver/Src\stm32l4xx_hal_flash_ramfunc.c ****   * OR TORT (INCLUDING NEGLIGENCE OR OTHERWISE) ARISING IN ANY WAY OUT OF THE USE
  60:C:/Users/SAM.KINUTHIA/.icode/sdk/IoT_LINK_1.0.0/drivers/third_party/ST/STM32L4xx_HAL_Driver/Src\stm32l4xx_hal_flash_ramfunc.c ****   * OF THIS SOFTWARE, EVEN IF ADVISED OF THE POSSIBILITY OF SUCH DAMAGE.
  61:C:/Users/SAM.KINUTHIA/.icode/sdk/IoT_LINK_1.0.0/drivers/third_party/ST/STM32L4xx_HAL_Driver/Src\stm32l4xx_hal_flash_ramfunc.c ****   *
  62:C:/Users/SAM.KINUTHIA/.icode/sdk/IoT_LINK_1.0.0/drivers/third_party/ST/STM32L4xx_HAL_Driver/Src\stm32l4xx_hal_flash_ramfunc.c ****   ******************************************************************************
  63:C:/Users/SAM.KINUTHIA/.icode/sdk/IoT_LINK_1.0.0/drivers/third_party/ST/STM32L4xx_HAL_Driver/Src\stm32l4xx_hal_flash_ramfunc.c ****   */ 
  64:C:/Users/SAM.KINUTHIA/.icode/sdk/IoT_LINK_1.0.0/drivers/third_party/ST/STM32L4xx_HAL_Driver/Src\stm32l4xx_hal_flash_ramfunc.c **** 
  65:C:/Users/SAM.KINUTHIA/.icode/sdk/IoT_LINK_1.0.0/drivers/third_party/ST/STM32L4xx_HAL_Driver/Src\stm32l4xx_hal_flash_ramfunc.c **** /* Includes ------------------------------------------------------------------*/
  66:C:/Users/SAM.KINUTHIA/.icode/sdk/IoT_LINK_1.0.0/drivers/third_party/ST/STM32L4xx_HAL_Driver/Src\stm32l4xx_hal_flash_ramfunc.c **** #include "stm32l4xx_hal.h"
  67:C:/Users/SAM.KINUTHIA/.icode/sdk/IoT_LINK_1.0.0/drivers/third_party/ST/STM32L4xx_HAL_Driver/Src\stm32l4xx_hal_flash_ramfunc.c **** 
  68:C:/Users/SAM.KINUTHIA/.icode/sdk/IoT_LINK_1.0.0/drivers/third_party/ST/STM32L4xx_HAL_Driver/Src\stm32l4xx_hal_flash_ramfunc.c **** /** @addtogroup STM32L4xx_HAL_Driver
  69:C:/Users/SAM.KINUTHIA/.icode/sdk/IoT_LINK_1.0.0/drivers/third_party/ST/STM32L4xx_HAL_Driver/Src\stm32l4xx_hal_flash_ramfunc.c ****   * @{
  70:C:/Users/SAM.KINUTHIA/.icode/sdk/IoT_LINK_1.0.0/drivers/third_party/ST/STM32L4xx_HAL_Driver/Src\stm32l4xx_hal_flash_ramfunc.c ****   */
  71:C:/Users/SAM.KINUTHIA/.icode/sdk/IoT_LINK_1.0.0/drivers/third_party/ST/STM32L4xx_HAL_Driver/Src\stm32l4xx_hal_flash_ramfunc.c **** 
  72:C:/Users/SAM.KINUTHIA/.icode/sdk/IoT_LINK_1.0.0/drivers/third_party/ST/STM32L4xx_HAL_Driver/Src\stm32l4xx_hal_flash_ramfunc.c **** /** @defgroup FLASH_RAMFUNC FLASH_RAMFUNC
  73:C:/Users/SAM.KINUTHIA/.icode/sdk/IoT_LINK_1.0.0/drivers/third_party/ST/STM32L4xx_HAL_Driver/Src\stm32l4xx_hal_flash_ramfunc.c ****   * @brief FLASH functions executed from RAM
  74:C:/Users/SAM.KINUTHIA/.icode/sdk/IoT_LINK_1.0.0/drivers/third_party/ST/STM32L4xx_HAL_Driver/Src\stm32l4xx_hal_flash_ramfunc.c ****   * @{
  75:C:/Users/SAM.KINUTHIA/.icode/sdk/IoT_LINK_1.0.0/drivers/third_party/ST/STM32L4xx_HAL_Driver/Src\stm32l4xx_hal_flash_ramfunc.c ****   */
  76:C:/Users/SAM.KINUTHIA/.icode/sdk/IoT_LINK_1.0.0/drivers/third_party/ST/STM32L4xx_HAL_Driver/Src\stm32l4xx_hal_flash_ramfunc.c **** 
  77:C:/Users/SAM.KINUTHIA/.icode/sdk/IoT_LINK_1.0.0/drivers/third_party/ST/STM32L4xx_HAL_Driver/Src\stm32l4xx_hal_flash_ramfunc.c **** #ifdef HAL_FLASH_MODULE_ENABLED
  78:C:/Users/SAM.KINUTHIA/.icode/sdk/IoT_LINK_1.0.0/drivers/third_party/ST/STM32L4xx_HAL_Driver/Src\stm32l4xx_hal_flash_ramfunc.c **** 
  79:C:/Users/SAM.KINUTHIA/.icode/sdk/IoT_LINK_1.0.0/drivers/third_party/ST/STM32L4xx_HAL_Driver/Src\stm32l4xx_hal_flash_ramfunc.c **** /* Private typedef -----------------------------------------------------------*/
  80:C:/Users/SAM.KINUTHIA/.icode/sdk/IoT_LINK_1.0.0/drivers/third_party/ST/STM32L4xx_HAL_Driver/Src\stm32l4xx_hal_flash_ramfunc.c **** /* Private define ------------------------------------------------------------*/
  81:C:/Users/SAM.KINUTHIA/.icode/sdk/IoT_LINK_1.0.0/drivers/third_party/ST/STM32L4xx_HAL_Driver/Src\stm32l4xx_hal_flash_ramfunc.c **** /* Private macro -------------------------------------------------------------*/
  82:C:/Users/SAM.KINUTHIA/.icode/sdk/IoT_LINK_1.0.0/drivers/third_party/ST/STM32L4xx_HAL_Driver/Src\stm32l4xx_hal_flash_ramfunc.c **** /* Private variables ---------------------------------------------------------*/
  83:C:/Users/SAM.KINUTHIA/.icode/sdk/IoT_LINK_1.0.0/drivers/third_party/ST/STM32L4xx_HAL_Driver/Src\stm32l4xx_hal_flash_ramfunc.c **** extern FLASH_ProcessTypeDef pFlash;
  84:C:/Users/SAM.KINUTHIA/.icode/sdk/IoT_LINK_1.0.0/drivers/third_party/ST/STM32L4xx_HAL_Driver/Src\stm32l4xx_hal_flash_ramfunc.c **** 
  85:C:/Users/SAM.KINUTHIA/.icode/sdk/IoT_LINK_1.0.0/drivers/third_party/ST/STM32L4xx_HAL_Driver/Src\stm32l4xx_hal_flash_ramfunc.c **** /* Private function prototypes -----------------------------------------------*/
  86:C:/Users/SAM.KINUTHIA/.icode/sdk/IoT_LINK_1.0.0/drivers/third_party/ST/STM32L4xx_HAL_Driver/Src\stm32l4xx_hal_flash_ramfunc.c **** /* Exported functions -------------------------------------------------------*/
  87:C:/Users/SAM.KINUTHIA/.icode/sdk/IoT_LINK_1.0.0/drivers/third_party/ST/STM32L4xx_HAL_Driver/Src\stm32l4xx_hal_flash_ramfunc.c **** 
  88:C:/Users/SAM.KINUTHIA/.icode/sdk/IoT_LINK_1.0.0/drivers/third_party/ST/STM32L4xx_HAL_Driver/Src\stm32l4xx_hal_flash_ramfunc.c **** /** @defgroup FLASH_RAMFUNC_Exported_Functions FLASH in RAM function Exported Functions
ARM GAS  C:\Users\SAM~1.KIN\AppData\Local\Temp\ccyqkSZh.s 			page 3


  89:C:/Users/SAM.KINUTHIA/.icode/sdk/IoT_LINK_1.0.0/drivers/third_party/ST/STM32L4xx_HAL_Driver/Src\stm32l4xx_hal_flash_ramfunc.c ****   * @{
  90:C:/Users/SAM.KINUTHIA/.icode/sdk/IoT_LINK_1.0.0/drivers/third_party/ST/STM32L4xx_HAL_Driver/Src\stm32l4xx_hal_flash_ramfunc.c ****   */
  91:C:/Users/SAM.KINUTHIA/.icode/sdk/IoT_LINK_1.0.0/drivers/third_party/ST/STM32L4xx_HAL_Driver/Src\stm32l4xx_hal_flash_ramfunc.c **** 
  92:C:/Users/SAM.KINUTHIA/.icode/sdk/IoT_LINK_1.0.0/drivers/third_party/ST/STM32L4xx_HAL_Driver/Src\stm32l4xx_hal_flash_ramfunc.c **** /** @defgroup FLASH_RAMFUNC_Exported_Functions_Group1 Peripheral features functions 
  93:C:/Users/SAM.KINUTHIA/.icode/sdk/IoT_LINK_1.0.0/drivers/third_party/ST/STM32L4xx_HAL_Driver/Src\stm32l4xx_hal_flash_ramfunc.c ****  *  @brief   Data transfers functions 
  94:C:/Users/SAM.KINUTHIA/.icode/sdk/IoT_LINK_1.0.0/drivers/third_party/ST/STM32L4xx_HAL_Driver/Src\stm32l4xx_hal_flash_ramfunc.c ****  *
  95:C:/Users/SAM.KINUTHIA/.icode/sdk/IoT_LINK_1.0.0/drivers/third_party/ST/STM32L4xx_HAL_Driver/Src\stm32l4xx_hal_flash_ramfunc.c **** @verbatim   
  96:C:/Users/SAM.KINUTHIA/.icode/sdk/IoT_LINK_1.0.0/drivers/third_party/ST/STM32L4xx_HAL_Driver/Src\stm32l4xx_hal_flash_ramfunc.c ****  ===============================================================================
  97:C:/Users/SAM.KINUTHIA/.icode/sdk/IoT_LINK_1.0.0/drivers/third_party/ST/STM32L4xx_HAL_Driver/Src\stm32l4xx_hal_flash_ramfunc.c ****                       ##### ramfunc functions #####
  98:C:/Users/SAM.KINUTHIA/.icode/sdk/IoT_LINK_1.0.0/drivers/third_party/ST/STM32L4xx_HAL_Driver/Src\stm32l4xx_hal_flash_ramfunc.c ****  ===============================================================================  
  99:C:/Users/SAM.KINUTHIA/.icode/sdk/IoT_LINK_1.0.0/drivers/third_party/ST/STM32L4xx_HAL_Driver/Src\stm32l4xx_hal_flash_ramfunc.c ****     [..]
 100:C:/Users/SAM.KINUTHIA/.icode/sdk/IoT_LINK_1.0.0/drivers/third_party/ST/STM32L4xx_HAL_Driver/Src\stm32l4xx_hal_flash_ramfunc.c ****     This subsection provides a set of functions that should be executed from RAM.
 101:C:/Users/SAM.KINUTHIA/.icode/sdk/IoT_LINK_1.0.0/drivers/third_party/ST/STM32L4xx_HAL_Driver/Src\stm32l4xx_hal_flash_ramfunc.c **** 
 102:C:/Users/SAM.KINUTHIA/.icode/sdk/IoT_LINK_1.0.0/drivers/third_party/ST/STM32L4xx_HAL_Driver/Src\stm32l4xx_hal_flash_ramfunc.c **** @endverbatim
 103:C:/Users/SAM.KINUTHIA/.icode/sdk/IoT_LINK_1.0.0/drivers/third_party/ST/STM32L4xx_HAL_Driver/Src\stm32l4xx_hal_flash_ramfunc.c ****   * @{
 104:C:/Users/SAM.KINUTHIA/.icode/sdk/IoT_LINK_1.0.0/drivers/third_party/ST/STM32L4xx_HAL_Driver/Src\stm32l4xx_hal_flash_ramfunc.c ****   */
 105:C:/Users/SAM.KINUTHIA/.icode/sdk/IoT_LINK_1.0.0/drivers/third_party/ST/STM32L4xx_HAL_Driver/Src\stm32l4xx_hal_flash_ramfunc.c **** 
 106:C:/Users/SAM.KINUTHIA/.icode/sdk/IoT_LINK_1.0.0/drivers/third_party/ST/STM32L4xx_HAL_Driver/Src\stm32l4xx_hal_flash_ramfunc.c **** /**
 107:C:/Users/SAM.KINUTHIA/.icode/sdk/IoT_LINK_1.0.0/drivers/third_party/ST/STM32L4xx_HAL_Driver/Src\stm32l4xx_hal_flash_ramfunc.c ****   * @brief   Enable the Power down in Run Mode
 108:C:/Users/SAM.KINUTHIA/.icode/sdk/IoT_LINK_1.0.0/drivers/third_party/ST/STM32L4xx_HAL_Driver/Src\stm32l4xx_hal_flash_ramfunc.c ****   * @note    This function should be called and executed from SRAM memory
 109:C:/Users/SAM.KINUTHIA/.icode/sdk/IoT_LINK_1.0.0/drivers/third_party/ST/STM32L4xx_HAL_Driver/Src\stm32l4xx_hal_flash_ramfunc.c ****   * @retval None
 110:C:/Users/SAM.KINUTHIA/.icode/sdk/IoT_LINK_1.0.0/drivers/third_party/ST/STM32L4xx_HAL_Driver/Src\stm32l4xx_hal_flash_ramfunc.c ****   */
 111:C:/Users/SAM.KINUTHIA/.icode/sdk/IoT_LINK_1.0.0/drivers/third_party/ST/STM32L4xx_HAL_Driver/Src\stm32l4xx_hal_flash_ramfunc.c **** __RAM_FUNC HAL_FLASHEx_EnableRunPowerDown(void)
 112:C:/Users/SAM.KINUTHIA/.icode/sdk/IoT_LINK_1.0.0/drivers/third_party/ST/STM32L4xx_HAL_Driver/Src\stm32l4xx_hal_flash_ramfunc.c **** {
  28              		.loc 1 112 0
  29              		.cfi_startproc
  30              		@ args = 0, pretend = 0, frame = 0
  31              		@ frame_needed = 1, uses_anonymous_args = 0
  32              		@ link register save eliminated.
  33 0000 80B4     		push	{r7}
  34              	.LCFI0:
  35              		.cfi_def_cfa_offset 4
  36              		.cfi_offset 7, -4
  37 0002 00AF     		add	r7, sp, #0
  38              	.LCFI1:
  39              		.cfi_def_cfa_register 7
 113:C:/Users/SAM.KINUTHIA/.icode/sdk/IoT_LINK_1.0.0/drivers/third_party/ST/STM32L4xx_HAL_Driver/Src\stm32l4xx_hal_flash_ramfunc.c ****   /* Enable the Power Down in Run mode*/
 114:C:/Users/SAM.KINUTHIA/.icode/sdk/IoT_LINK_1.0.0/drivers/third_party/ST/STM32L4xx_HAL_Driver/Src\stm32l4xx_hal_flash_ramfunc.c ****   __HAL_FLASH_POWER_DOWN_ENABLE();
  40              		.loc 1 114 0
  41 0004 084B     		ldr	r3, .L3
  42 0006 094A     		ldr	r2, .L3+4
  43 0008 5A60     		str	r2, [r3, #4]
  44 000a 074B     		ldr	r3, .L3
  45 000c 084A     		ldr	r2, .L3+8
  46 000e 5A60     		str	r2, [r3, #4]
  47 0010 054B     		ldr	r3, .L3
  48 0012 1B68     		ldr	r3, [r3]
  49 0014 044A     		ldr	r2, .L3
  50 0016 43F40053 		orr	r3, r3, #8192
  51 001a 1360     		str	r3, [r2]
 115:C:/Users/SAM.KINUTHIA/.icode/sdk/IoT_LINK_1.0.0/drivers/third_party/ST/STM32L4xx_HAL_Driver/Src\stm32l4xx_hal_flash_ramfunc.c ****   
 116:C:/Users/SAM.KINUTHIA/.icode/sdk/IoT_LINK_1.0.0/drivers/third_party/ST/STM32L4xx_HAL_Driver/Src\stm32l4xx_hal_flash_ramfunc.c ****   return HAL_OK;
  52              		.loc 1 116 0
  53 001c 0023     		movs	r3, #0
 117:C:/Users/SAM.KINUTHIA/.icode/sdk/IoT_LINK_1.0.0/drivers/third_party/ST/STM32L4xx_HAL_Driver/Src\stm32l4xx_hal_flash_ramfunc.c ****   
 118:C:/Users/SAM.KINUTHIA/.icode/sdk/IoT_LINK_1.0.0/drivers/third_party/ST/STM32L4xx_HAL_Driver/Src\stm32l4xx_hal_flash_ramfunc.c **** }
  54              		.loc 1 118 0
ARM GAS  C:\Users\SAM~1.KIN\AppData\Local\Temp\ccyqkSZh.s 			page 4


  55 001e 1846     		mov	r0, r3
  56 0020 BD46     		mov	sp, r7
  57              	.LCFI2:
  58              		.cfi_def_cfa_register 13
  59              		@ sp needed
  60 0022 5DF8047B 		ldr	r7, [sp], #4
  61              	.LCFI3:
  62              		.cfi_restore 7
  63              		.cfi_def_cfa_offset 0
  64 0026 7047     		bx	lr
  65              	.L4:
  66              		.align	2
  67              	.L3:
  68 0028 00200240 		.word	1073881088
  69 002c 37261504 		.word	68494903
  70 0030 FDFCFBFA 		.word	-84148995
  71              		.cfi_endproc
  72              	.LFE287:
  74              		.align	1
  75              		.global	HAL_FLASHEx_DisableRunPowerDown
  76              		.syntax unified
  77              		.thumb
  78              		.thumb_func
  79              		.fpu fpv4-sp-d16
  81              	HAL_FLASHEx_DisableRunPowerDown:
  82              	.LFB288:
 119:C:/Users/SAM.KINUTHIA/.icode/sdk/IoT_LINK_1.0.0/drivers/third_party/ST/STM32L4xx_HAL_Driver/Src\stm32l4xx_hal_flash_ramfunc.c **** 
 120:C:/Users/SAM.KINUTHIA/.icode/sdk/IoT_LINK_1.0.0/drivers/third_party/ST/STM32L4xx_HAL_Driver/Src\stm32l4xx_hal_flash_ramfunc.c **** /**
 121:C:/Users/SAM.KINUTHIA/.icode/sdk/IoT_LINK_1.0.0/drivers/third_party/ST/STM32L4xx_HAL_Driver/Src\stm32l4xx_hal_flash_ramfunc.c ****   * @brief   Disable the Power down in Run Mode
 122:C:/Users/SAM.KINUTHIA/.icode/sdk/IoT_LINK_1.0.0/drivers/third_party/ST/STM32L4xx_HAL_Driver/Src\stm32l4xx_hal_flash_ramfunc.c ****   * @note    This function should be called and executed from SRAM memory
 123:C:/Users/SAM.KINUTHIA/.icode/sdk/IoT_LINK_1.0.0/drivers/third_party/ST/STM32L4xx_HAL_Driver/Src\stm32l4xx_hal_flash_ramfunc.c ****   * @retval None
 124:C:/Users/SAM.KINUTHIA/.icode/sdk/IoT_LINK_1.0.0/drivers/third_party/ST/STM32L4xx_HAL_Driver/Src\stm32l4xx_hal_flash_ramfunc.c ****   */
 125:C:/Users/SAM.KINUTHIA/.icode/sdk/IoT_LINK_1.0.0/drivers/third_party/ST/STM32L4xx_HAL_Driver/Src\stm32l4xx_hal_flash_ramfunc.c **** __RAM_FUNC HAL_FLASHEx_DisableRunPowerDown(void)
 126:C:/Users/SAM.KINUTHIA/.icode/sdk/IoT_LINK_1.0.0/drivers/third_party/ST/STM32L4xx_HAL_Driver/Src\stm32l4xx_hal_flash_ramfunc.c **** {
  83              		.loc 1 126 0
  84              		.cfi_startproc
  85              		@ args = 0, pretend = 0, frame = 0
  86              		@ frame_needed = 1, uses_anonymous_args = 0
  87              		@ link register save eliminated.
  88 0034 80B4     		push	{r7}
  89              	.LCFI4:
  90              		.cfi_def_cfa_offset 4
  91              		.cfi_offset 7, -4
  92 0036 00AF     		add	r7, sp, #0
  93              	.LCFI5:
  94              		.cfi_def_cfa_register 7
 127:C:/Users/SAM.KINUTHIA/.icode/sdk/IoT_LINK_1.0.0/drivers/third_party/ST/STM32L4xx_HAL_Driver/Src\stm32l4xx_hal_flash_ramfunc.c ****   /* Disable the Power Down in Run mode*/
 128:C:/Users/SAM.KINUTHIA/.icode/sdk/IoT_LINK_1.0.0/drivers/third_party/ST/STM32L4xx_HAL_Driver/Src\stm32l4xx_hal_flash_ramfunc.c ****   __HAL_FLASH_POWER_DOWN_DISABLE();
  95              		.loc 1 128 0
  96 0038 084B     		ldr	r3, .L7
  97 003a 094A     		ldr	r2, .L7+4
  98 003c 5A60     		str	r2, [r3, #4]
  99 003e 074B     		ldr	r3, .L7
 100 0040 084A     		ldr	r2, .L7+8
 101 0042 5A60     		str	r2, [r3, #4]
 102 0044 054B     		ldr	r3, .L7
 103 0046 1B68     		ldr	r3, [r3]
ARM GAS  C:\Users\SAM~1.KIN\AppData\Local\Temp\ccyqkSZh.s 			page 5


 104 0048 044A     		ldr	r2, .L7
 105 004a 23F40053 		bic	r3, r3, #8192
 106 004e 1360     		str	r3, [r2]
 129:C:/Users/SAM.KINUTHIA/.icode/sdk/IoT_LINK_1.0.0/drivers/third_party/ST/STM32L4xx_HAL_Driver/Src\stm32l4xx_hal_flash_ramfunc.c **** 
 130:C:/Users/SAM.KINUTHIA/.icode/sdk/IoT_LINK_1.0.0/drivers/third_party/ST/STM32L4xx_HAL_Driver/Src\stm32l4xx_hal_flash_ramfunc.c ****   return HAL_OK;  
 107              		.loc 1 130 0
 108 0050 0023     		movs	r3, #0
 131:C:/Users/SAM.KINUTHIA/.icode/sdk/IoT_LINK_1.0.0/drivers/third_party/ST/STM32L4xx_HAL_Driver/Src\stm32l4xx_hal_flash_ramfunc.c **** }
 109              		.loc 1 131 0
 110 0052 1846     		mov	r0, r3
 111 0054 BD46     		mov	sp, r7
 112              	.LCFI6:
 113              		.cfi_def_cfa_register 13
 114              		@ sp needed
 115 0056 5DF8047B 		ldr	r7, [sp], #4
 116              	.LCFI7:
 117              		.cfi_restore 7
 118              		.cfi_def_cfa_offset 0
 119 005a 7047     		bx	lr
 120              	.L8:
 121              		.align	2
 122              	.L7:
 123 005c 00200240 		.word	1073881088
 124 0060 37261504 		.word	68494903
 125 0064 FDFCFBFA 		.word	-84148995
 126              		.cfi_endproc
 127              	.LFE288:
 129              		.text
 130              	.Letext0:
 131              		.file 2 "c:\\users\\sam.kinuthia\\opensourcetools\\gnu tools arm embedded\\7 2018-q2-update\\arm-n
 132              		.file 3 "c:\\users\\sam.kinuthia\\opensourcetools\\gnu tools arm embedded\\7 2018-q2-update\\arm-n
 133              		.file 4 "c:\\users\\sam.kinuthia\\opensourcetools\\gnu tools arm embedded\\7 2018-q2-update\\arm-n
 134              		.file 5 "c:\\users\\sam.kinuthia\\opensourcetools\\gnu tools arm embedded\\7 2018-q2-update\\lib\\
 135              		.file 6 "c:\\users\\sam.kinuthia\\opensourcetools\\gnu tools arm embedded\\7 2018-q2-update\\arm-n
 136              		.file 7 "C:/Users/SAM.KINUTHIA/.icode/sdk/IoT_LINK_1.0.0/iot_link/os/liteos/include/los_typedef.h"
 137              		.file 8 "c:\\users\\sam.kinuthia\\opensourcetools\\gnu tools arm embedded\\7 2018-q2-update\\arm-n
 138              		.file 9 "C:/Users/SAM.KINUTHIA/.icode/sdk/IoT_LINK_1.0.0/iot_link/os/liteos/arch/arm/common/cmsis/
 139              		.file 10 "C:/Users/SAM.KINUTHIA/Desktop/HCIAPROJECT/demofile2/targets/STM32L431_BearPi/Inc/system_
 140              		.file 11 "C:/Users/SAM.KINUTHIA/Desktop/HCIAPROJECT/demofile2/targets/STM32L431_BearPi/Inc/stm32l4
 141              		.file 12 "C:/Users/SAM.KINUTHIA/.icode/sdk/IoT_LINK_1.0.0/iot_link/os/liteos/include/los_config.h"
 142              		.file 13 "C:/Users/SAM.KINUTHIA/.icode/sdk/IoT_LINK_1.0.0/iot_link/os/liteos/include/los_err.h"
 143              		.file 14 "C:/Users/SAM.KINUTHIA/.icode/sdk/IoT_LINK_1.0.0/iot_link/os/liteos/arch/arm/arm-m/includ
 144              		.file 15 "C:/Users/SAM.KINUTHIA/.icode/sdk/IoT_LINK_1.0.0/drivers/third_party/ST/STM32L4xx_HAL_Dri
 145              		.file 16 "C:/Users/SAM.KINUTHIA/.icode/sdk/IoT_LINK_1.0.0/drivers/third_party/ST/STM32L4xx_HAL_Dri
ARM GAS  C:\Users\SAM~1.KIN\AppData\Local\Temp\ccyqkSZh.s 			page 6


DEFINED SYMBOLS
                            *ABS*:00000000 stm32l4xx_hal_flash_ramfunc.c
C:\Users\SAM~1.KIN\AppData\Local\Temp\ccyqkSZh.s:18     .RamFunc:00000000 $t
C:\Users\SAM~1.KIN\AppData\Local\Temp\ccyqkSZh.s:25     .RamFunc:00000000 HAL_FLASHEx_EnableRunPowerDown
C:\Users\SAM~1.KIN\AppData\Local\Temp\ccyqkSZh.s:68     .RamFunc:00000028 $d
C:\Users\SAM~1.KIN\AppData\Local\Temp\ccyqkSZh.s:74     .RamFunc:00000034 $t
C:\Users\SAM~1.KIN\AppData\Local\Temp\ccyqkSZh.s:81     .RamFunc:00000034 HAL_FLASHEx_DisableRunPowerDown
C:\Users\SAM~1.KIN\AppData\Local\Temp\ccyqkSZh.s:123    .RamFunc:0000005c $d

NO UNDEFINED SYMBOLS
